[2025-11-09T21:06:59.012+0000] {local_task_job_runner.py:123} INFO - ::group::Pre task execution logs
[2025-11-09T21:06:59.021+0000] {taskinstance.py:2612} INFO - Dependencies all met for dep_context=non-requeueable deps ti=<TaskInstance: snowchef_daily.ensure_raw_objects scheduled__2025-11-08T03:00:00+00:00 [queued]>
[2025-11-09T21:06:59.024+0000] {taskinstance.py:2612} INFO - Dependencies all met for dep_context=requeueable deps ti=<TaskInstance: snowchef_daily.ensure_raw_objects scheduled__2025-11-08T03:00:00+00:00 [queued]>
[2025-11-09T21:06:59.024+0000] {taskinstance.py:2865} INFO - Starting attempt 1 of 2
[2025-11-09T21:06:59.029+0000] {taskinstance.py:2888} INFO - Executing <Task(_PythonDecoratedOperator): ensure_raw_objects> on 2025-11-08 03:00:00+00:00
[2025-11-09T21:06:59.033+0000] {standard_task_runner.py:72} INFO - Started process 199 to run task
[2025-11-09T21:06:59.035+0000] {standard_task_runner.py:104} INFO - Running: ['***', 'tasks', 'run', 'snowchef_daily', 'ensure_raw_objects', 'scheduled__2025-11-08T03:00:00+00:00', '--job-id', '3', '--raw', '--subdir', 'DAGS_FOLDER/snowchef_daily.py', '--cfg-path', '/tmp/tmp8eog0v_c']
[2025-11-09T21:06:59.038+0000] {standard_task_runner.py:105} INFO - Job 3: Subtask ensure_raw_objects
[2025-11-09T21:06:59.062+0000] {task_command.py:467} INFO - Running <TaskInstance: snowchef_daily.ensure_raw_objects scheduled__2025-11-08T03:00:00+00:00 [running]> on host d6803ed3f823
[2025-11-09T21:06:59.248+0000] {taskinstance.py:3131} INFO - Exporting env vars: AIRFLOW_CTX_DAG_OWNER='***' AIRFLOW_CTX_DAG_ID='snowchef_daily' AIRFLOW_CTX_TASK_ID='ensure_raw_objects' AIRFLOW_CTX_EXECUTION_DATE='2025-11-08T03:00:00+00:00' AIRFLOW_CTX_TRY_NUMBER='1' AIRFLOW_CTX_DAG_RUN_ID='scheduled__2025-11-08T03:00:00+00:00'
[2025-11-09T21:06:59.248+0000] {taskinstance.py:731} INFO - ::endgroup::
[2025-11-09T21:06:59.257+0000] {taskinstance.py:3310} ERROR - Task failed with exception
Traceback (most recent call last):
  File "/home/airflow/.local/lib/python3.11/site-packages/airflow/models/taskinstance.py", line 767, in _execute_task
    result = _execute_callable(context=context, **execute_callable_kwargs)
             ^^^^^^^^^^^^^^^^^^^^^^^^^^^^^^^^^^^^^^^^^^^^^^^^^^^^^^^^^^^^^
  File "/home/airflow/.local/lib/python3.11/site-packages/airflow/models/taskinstance.py", line 733, in _execute_callable
    return ExecutionCallableRunner(
           ^^^^^^^^^^^^^^^^^^^^^^^^
  File "/home/airflow/.local/lib/python3.11/site-packages/airflow/utils/operator_helpers.py", line 252, in run
    return self.func(*args, **kwargs)
           ^^^^^^^^^^^^^^^^^^^^^^^^^^
  File "/home/airflow/.local/lib/python3.11/site-packages/airflow/models/baseoperator.py", line 406, in wrapper
    return func(self, *args, **kwargs)
           ^^^^^^^^^^^^^^^^^^^^^^^^^^^
  File "/home/airflow/.local/lib/python3.11/site-packages/airflow/decorators/base.py", line 266, in execute
    return_value = super().execute(context)
                   ^^^^^^^^^^^^^^^^^^^^^^^^
  File "/home/airflow/.local/lib/python3.11/site-packages/airflow/models/baseoperator.py", line 406, in wrapper
    return func(self, *args, **kwargs)
           ^^^^^^^^^^^^^^^^^^^^^^^^^^^
  File "/home/airflow/.local/lib/python3.11/site-packages/airflow/operators/python.py", line 238, in execute
    return_value = self.execute_callable()
                   ^^^^^^^^^^^^^^^^^^^^^^^
  File "/home/airflow/.local/lib/python3.11/site-packages/airflow/operators/python.py", line 256, in execute_callable
    return runner.run(*self.op_args, **self.op_kwargs)
           ^^^^^^^^^^^^^^^^^^^^^^^^^^^^^^^^^^^^^^^^^^^
  File "/home/airflow/.local/lib/python3.11/site-packages/airflow/utils/operator_helpers.py", line 252, in run
    return self.func(*args, **kwargs)
           ^^^^^^^^^^^^^^^^^^^^^^^^^^
  File "/opt/airflow/dags/snowchef_daily.py", line 57, in ensure_raw_objects
    con, cur = _cursor()
               ^^^^^^^^^
  File "/opt/airflow/dags/snowchef_daily.py", line 24, in _cursor
    con = hook.get_conn()
          ^^^^^^^^^^^^^^^
  File "/home/airflow/.local/lib/python3.11/site-packages/airflow/providers/snowflake/hooks/snowflake.py", line 299, in get_conn
    conn_config = self._get_conn_params
                  ^^^^^^^^^^^^^^^^^^^^^
  File "/usr/local/lib/python3.11/functools.py", line 1001, in __get__
    val = self.func(instance)
          ^^^^^^^^^^^^^^^^^^^
  File "/home/airflow/.local/lib/python3.11/site-packages/airflow/providers/snowflake/hooks/snowflake.py", line 192, in _get_conn_params
    conn = self.get_connection(self.snowflake_conn_id)  # type: ignore[attr-defined]
           ^^^^^^^^^^^^^^^^^^^^^^^^^^^^^^^^^^^^^^^^^^^
  File "/home/airflow/.local/lib/python3.11/site-packages/airflow/hooks/base.py", line 83, in get_connection
    conn = Connection.get_connection_from_secrets(conn_id)
           ^^^^^^^^^^^^^^^^^^^^^^^^^^^^^^^^^^^^^^^^^^^^^^^
  File "/home/airflow/.local/lib/python3.11/site-packages/airflow/models/connection.py", line 537, in get_connection_from_secrets
    raise AirflowNotFoundException(f"The conn_id `{conn_id}` isn't defined")
airflow.exceptions.AirflowNotFoundException: The conn_id `snowflake_conn` isn't defined
[2025-11-09T21:06:59.262+0000] {taskinstance.py:1225} INFO - Marking task as UP_FOR_RETRY. dag_id=snowchef_daily, task_id=ensure_raw_objects, run_id=scheduled__2025-11-08T03:00:00+00:00, execution_date=20251108T030000, start_date=20251109T210659, end_date=20251109T210659
[2025-11-09T21:06:59.267+0000] {taskinstance.py:340} INFO - ::group::Post task execution logs
[2025-11-09T21:06:59.268+0000] {standard_task_runner.py:124} ERROR - Failed to execute job 3 for task ensure_raw_objects (The conn_id `snowflake_conn` isn't defined; 199)
Traceback (most recent call last):
  File "/home/airflow/.local/lib/python3.11/site-packages/airflow/task/task_runner/standard_task_runner.py", line 117, in _start_by_fork
    ret = args.func(args, dag=self.dag)
          ^^^^^^^^^^^^^^^^^^^^^^^^^^^^^
  File "/home/airflow/.local/lib/python3.11/site-packages/airflow/cli/cli_config.py", line 49, in command
    return func(*args, **kwargs)
           ^^^^^^^^^^^^^^^^^^^^^
  File "/home/airflow/.local/lib/python3.11/site-packages/airflow/utils/cli.py", line 115, in wrapper
    return f(*args, **kwargs)
           ^^^^^^^^^^^^^^^^^^
  File "/home/airflow/.local/lib/python3.11/site-packages/airflow/cli/commands/task_command.py", line 483, in task_run
    task_return_code = _run_task_by_selected_method(args, _dag, ti)
                       ^^^^^^^^^^^^^^^^^^^^^^^^^^^^^^^^^^^^^^^^^^^^
  File "/home/airflow/.local/lib/python3.11/site-packages/airflow/cli/commands/task_command.py", line 256, in _run_task_by_selected_method
    return _run_raw_task(args, ti)
           ^^^^^^^^^^^^^^^^^^^^^^^
  File "/home/airflow/.local/lib/python3.11/site-packages/airflow/cli/commands/task_command.py", line 341, in _run_raw_task
    return ti._run_raw_task(
           ^^^^^^^^^^^^^^^^^
  File "/home/airflow/.local/lib/python3.11/site-packages/airflow/utils/session.py", line 97, in wrapper
    return func(*args, session=session, **kwargs)
           ^^^^^^^^^^^^^^^^^^^^^^^^^^^^^^^^^^^^^^
  File "/home/airflow/.local/lib/python3.11/site-packages/airflow/models/taskinstance.py", line 3004, in _run_raw_task
    return _run_raw_task(
           ^^^^^^^^^^^^^^
  File "/home/airflow/.local/lib/python3.11/site-packages/airflow/models/taskinstance.py", line 273, in _run_raw_task
    TaskInstance._execute_task_with_callbacks(
  File "/home/airflow/.local/lib/python3.11/site-packages/airflow/models/taskinstance.py", line 3158, in _execute_task_with_callbacks
    result = self._execute_task(context, task_orig)
             ^^^^^^^^^^^^^^^^^^^^^^^^^^^^^^^^^^^^^^
  File "/home/airflow/.local/lib/python3.11/site-packages/airflow/models/taskinstance.py", line 3182, in _execute_task
    return _execute_task(self, context, task_orig)
           ^^^^^^^^^^^^^^^^^^^^^^^^^^^^^^^^^^^^^^^
  File "/home/airflow/.local/lib/python3.11/site-packages/airflow/models/taskinstance.py", line 767, in _execute_task
    result = _execute_callable(context=context, **execute_callable_kwargs)
             ^^^^^^^^^^^^^^^^^^^^^^^^^^^^^^^^^^^^^^^^^^^^^^^^^^^^^^^^^^^^^
  File "/home/airflow/.local/lib/python3.11/site-packages/airflow/models/taskinstance.py", line 733, in _execute_callable
    return ExecutionCallableRunner(
           ^^^^^^^^^^^^^^^^^^^^^^^^
  File "/home/airflow/.local/lib/python3.11/site-packages/airflow/utils/operator_helpers.py", line 252, in run
    return self.func(*args, **kwargs)
           ^^^^^^^^^^^^^^^^^^^^^^^^^^
  File "/home/airflow/.local/lib/python3.11/site-packages/airflow/models/baseoperator.py", line 406, in wrapper
    return func(self, *args, **kwargs)
           ^^^^^^^^^^^^^^^^^^^^^^^^^^^
  File "/home/airflow/.local/lib/python3.11/site-packages/airflow/decorators/base.py", line 266, in execute
    return_value = super().execute(context)
                   ^^^^^^^^^^^^^^^^^^^^^^^^
  File "/home/airflow/.local/lib/python3.11/site-packages/airflow/models/baseoperator.py", line 406, in wrapper
    return func(self, *args, **kwargs)
           ^^^^^^^^^^^^^^^^^^^^^^^^^^^
  File "/home/airflow/.local/lib/python3.11/site-packages/airflow/operators/python.py", line 238, in execute
    return_value = self.execute_callable()
                   ^^^^^^^^^^^^^^^^^^^^^^^
  File "/home/airflow/.local/lib/python3.11/site-packages/airflow/operators/python.py", line 256, in execute_callable
    return runner.run(*self.op_args, **self.op_kwargs)
           ^^^^^^^^^^^^^^^^^^^^^^^^^^^^^^^^^^^^^^^^^^^
  File "/home/airflow/.local/lib/python3.11/site-packages/airflow/utils/operator_helpers.py", line 252, in run
    return self.func(*args, **kwargs)
           ^^^^^^^^^^^^^^^^^^^^^^^^^^
  File "/opt/airflow/dags/snowchef_daily.py", line 57, in ensure_raw_objects
    con, cur = _cursor()
               ^^^^^^^^^
  File "/opt/airflow/dags/snowchef_daily.py", line 24, in _cursor
    con = hook.get_conn()
          ^^^^^^^^^^^^^^^
  File "/home/airflow/.local/lib/python3.11/site-packages/airflow/providers/snowflake/hooks/snowflake.py", line 299, in get_conn
    conn_config = self._get_conn_params
                  ^^^^^^^^^^^^^^^^^^^^^
  File "/usr/local/lib/python3.11/functools.py", line 1001, in __get__
    val = self.func(instance)
          ^^^^^^^^^^^^^^^^^^^
  File "/home/airflow/.local/lib/python3.11/site-packages/airflow/providers/snowflake/hooks/snowflake.py", line 192, in _get_conn_params
    conn = self.get_connection(self.snowflake_conn_id)  # type: ignore[attr-defined]
           ^^^^^^^^^^^^^^^^^^^^^^^^^^^^^^^^^^^^^^^^^^^
  File "/home/airflow/.local/lib/python3.11/site-packages/airflow/hooks/base.py", line 83, in get_connection
    conn = Connection.get_connection_from_secrets(conn_id)
           ^^^^^^^^^^^^^^^^^^^^^^^^^^^^^^^^^^^^^^^^^^^^^^^
  File "/home/airflow/.local/lib/python3.11/site-packages/airflow/models/connection.py", line 537, in get_connection_from_secrets
    raise AirflowNotFoundException(f"The conn_id `{conn_id}` isn't defined")
airflow.exceptions.AirflowNotFoundException: The conn_id `snowflake_conn` isn't defined
[2025-11-09T21:06:59.302+0000] {local_task_job_runner.py:266} INFO - Task exited with return code 1
[2025-11-09T21:06:59.314+0000] {taskinstance.py:3900} INFO - 0 downstream tasks scheduled from follow-on schedule check
[2025-11-09T21:06:59.314+0000] {local_task_job_runner.py:245} INFO - ::endgroup::
[2025-11-09T21:17:46.089+0000] {local_task_job_runner.py:123} INFO - ::group::Pre task execution logs
[2025-11-09T21:17:46.099+0000] {taskinstance.py:2612} INFO - Dependencies all met for dep_context=non-requeueable deps ti=<TaskInstance: snowchef_daily.ensure_raw_objects scheduled__2025-11-08T03:00:00+00:00 [queued]>
[2025-11-09T21:17:46.104+0000] {taskinstance.py:2612} INFO - Dependencies all met for dep_context=requeueable deps ti=<TaskInstance: snowchef_daily.ensure_raw_objects scheduled__2025-11-08T03:00:00+00:00 [queued]>
[2025-11-09T21:17:46.104+0000] {taskinstance.py:2865} INFO - Starting attempt 1 of 2
[2025-11-09T21:17:46.111+0000] {taskinstance.py:2888} INFO - Executing <Task(_PythonDecoratedOperator): ensure_raw_objects> on 2025-11-08 03:00:00+00:00
[2025-11-09T21:17:46.118+0000] {standard_task_runner.py:72} INFO - Started process 319 to run task
[2025-11-09T21:17:46.120+0000] {standard_task_runner.py:104} INFO - Running: ['***', 'tasks', 'run', 'snowchef_daily', 'ensure_raw_objects', 'scheduled__2025-11-08T03:00:00+00:00', '--job-id', '5', '--raw', '--subdir', 'DAGS_FOLDER/snowchef_daily.py', '--cfg-path', '/tmp/tmpoia68gn9']
[2025-11-09T21:17:46.122+0000] {standard_task_runner.py:105} INFO - Job 5: Subtask ensure_raw_objects
[2025-11-09T21:17:46.159+0000] {task_command.py:467} INFO - Running <TaskInstance: snowchef_daily.ensure_raw_objects scheduled__2025-11-08T03:00:00+00:00 [running]> on host d6803ed3f823
[2025-11-09T21:17:46.402+0000] {taskinstance.py:3131} INFO - Exporting env vars: AIRFLOW_CTX_DAG_OWNER='***' AIRFLOW_CTX_DAG_ID='snowchef_daily' AIRFLOW_CTX_TASK_ID='ensure_raw_objects' AIRFLOW_CTX_EXECUTION_DATE='2025-11-08T03:00:00+00:00' AIRFLOW_CTX_TRY_NUMBER='1' AIRFLOW_CTX_DAG_RUN_ID='scheduled__2025-11-08T03:00:00+00:00'
[2025-11-09T21:17:46.403+0000] {taskinstance.py:731} INFO - ::endgroup::
[2025-11-09T21:17:46.410+0000] {base.py:84} INFO - Retrieving connection 'snowflake_conn'
[2025-11-09T21:17:46.410+0000] {connection.py:413} INFO - Snowflake Connector for Python Version: 3.12.2, Python Version: 3.11.10, Platform: Linux-6.10.14-linuxkit-aarch64-with-glibc2.36
[2025-11-09T21:17:46.411+0000] {connection.py:1196} INFO - Connecting to GLOBAL Snowflake domain
[2025-11-09T21:17:46.411+0000] {connection.py:1277} INFO - This connection is in OCSP Fail Open Mode. TLS Certificates would be checked for validity and revocation status. Any other Certificate Revocation related exceptions or OCSP Responder failures would be disregarded in favor of connectivity.
[2025-11-09T21:17:47.952+0000] {connection.py:788} INFO - closed
[2025-11-09T21:17:48.002+0000] {connection.py:794} INFO - No async queries seem to be running, deleting session
[2025-11-09T21:17:48.259+0000] {taskinstance.py:3310} ERROR - Task failed with exception
Traceback (most recent call last):
  File "/home/airflow/.local/lib/python3.11/site-packages/airflow/models/taskinstance.py", line 767, in _execute_task
    result = _execute_callable(context=context, **execute_callable_kwargs)
             ^^^^^^^^^^^^^^^^^^^^^^^^^^^^^^^^^^^^^^^^^^^^^^^^^^^^^^^^^^^^^
  File "/home/airflow/.local/lib/python3.11/site-packages/airflow/models/taskinstance.py", line 733, in _execute_callable
    return ExecutionCallableRunner(
           ^^^^^^^^^^^^^^^^^^^^^^^^
  File "/home/airflow/.local/lib/python3.11/site-packages/airflow/utils/operator_helpers.py", line 252, in run
    return self.func(*args, **kwargs)
           ^^^^^^^^^^^^^^^^^^^^^^^^^^
  File "/home/airflow/.local/lib/python3.11/site-packages/airflow/models/baseoperator.py", line 406, in wrapper
    return func(self, *args, **kwargs)
           ^^^^^^^^^^^^^^^^^^^^^^^^^^^
  File "/home/airflow/.local/lib/python3.11/site-packages/airflow/decorators/base.py", line 266, in execute
    return_value = super().execute(context)
                   ^^^^^^^^^^^^^^^^^^^^^^^^
  File "/home/airflow/.local/lib/python3.11/site-packages/airflow/models/baseoperator.py", line 406, in wrapper
    return func(self, *args, **kwargs)
           ^^^^^^^^^^^^^^^^^^^^^^^^^^^
  File "/home/airflow/.local/lib/python3.11/site-packages/airflow/operators/python.py", line 238, in execute
    return_value = self.execute_callable()
                   ^^^^^^^^^^^^^^^^^^^^^^^
  File "/home/airflow/.local/lib/python3.11/site-packages/airflow/operators/python.py", line 256, in execute_callable
    return runner.run(*self.op_args, **self.op_kwargs)
           ^^^^^^^^^^^^^^^^^^^^^^^^^^^^^^^^^^^^^^^^^^^
  File "/home/airflow/.local/lib/python3.11/site-packages/airflow/utils/operator_helpers.py", line 252, in run
    return self.func(*args, **kwargs)
           ^^^^^^^^^^^^^^^^^^^^^^^^^^
  File "/opt/airflow/dags/snowchef_daily.py", line 59, in ensure_raw_objects
    cur.execute(f"USE DATABASE {DB}; USE SCHEMA {SCHEMA};")
  File "/home/airflow/.local/lib/python3.11/site-packages/snowflake/connector/cursor.py", line 1087, in execute
    Error.errorhandler_wrapper(self.connection, self, error_class, errvalue)
  File "/home/airflow/.local/lib/python3.11/site-packages/snowflake/connector/errors.py", line 284, in errorhandler_wrapper
    handed_over = Error.hand_to_other_handler(
                  ^^^^^^^^^^^^^^^^^^^^^^^^^^^^
  File "/home/airflow/.local/lib/python3.11/site-packages/snowflake/connector/errors.py", line 339, in hand_to_other_handler
    cursor.errorhandler(connection, cursor, error_class, error_value)
  File "/home/airflow/.local/lib/python3.11/site-packages/snowflake/connector/errors.py", line 215, in default_errorhandler
    raise error_class(
snowflake.connector.errors.ProgrammingError: 000008 (0A000): 01c0489d-0106-f3e6-000f-c0df0072e086: Actual statement count 2 did not match the desired statement count 1.
[2025-11-09T21:17:48.274+0000] {taskinstance.py:1225} INFO - Marking task as UP_FOR_RETRY. dag_id=snowchef_daily, task_id=ensure_raw_objects, run_id=scheduled__2025-11-08T03:00:00+00:00, execution_date=20251108T030000, start_date=20251109T211746, end_date=20251109T211748
[2025-11-09T21:17:48.287+0000] {taskinstance.py:340} INFO - ::group::Post task execution logs
[2025-11-09T21:17:48.287+0000] {standard_task_runner.py:124} ERROR - Failed to execute job 5 for task ensure_raw_objects (000008 (0A000): 01c0489d-0106-f3e6-000f-c0df0072e086: Actual statement count 2 did not match the desired statement count 1.; 319)
Traceback (most recent call last):
  File "/home/airflow/.local/lib/python3.11/site-packages/airflow/task/task_runner/standard_task_runner.py", line 117, in _start_by_fork
    ret = args.func(args, dag=self.dag)
          ^^^^^^^^^^^^^^^^^^^^^^^^^^^^^
  File "/home/airflow/.local/lib/python3.11/site-packages/airflow/cli/cli_config.py", line 49, in command
    return func(*args, **kwargs)
           ^^^^^^^^^^^^^^^^^^^^^
  File "/home/airflow/.local/lib/python3.11/site-packages/airflow/utils/cli.py", line 115, in wrapper
    return f(*args, **kwargs)
           ^^^^^^^^^^^^^^^^^^
  File "/home/airflow/.local/lib/python3.11/site-packages/airflow/cli/commands/task_command.py", line 483, in task_run
    task_return_code = _run_task_by_selected_method(args, _dag, ti)
                       ^^^^^^^^^^^^^^^^^^^^^^^^^^^^^^^^^^^^^^^^^^^^
  File "/home/airflow/.local/lib/python3.11/site-packages/airflow/cli/commands/task_command.py", line 256, in _run_task_by_selected_method
    return _run_raw_task(args, ti)
           ^^^^^^^^^^^^^^^^^^^^^^^
  File "/home/airflow/.local/lib/python3.11/site-packages/airflow/cli/commands/task_command.py", line 341, in _run_raw_task
    return ti._run_raw_task(
           ^^^^^^^^^^^^^^^^^
  File "/home/airflow/.local/lib/python3.11/site-packages/airflow/utils/session.py", line 97, in wrapper
    return func(*args, session=session, **kwargs)
           ^^^^^^^^^^^^^^^^^^^^^^^^^^^^^^^^^^^^^^
  File "/home/airflow/.local/lib/python3.11/site-packages/airflow/models/taskinstance.py", line 3004, in _run_raw_task
    return _run_raw_task(
           ^^^^^^^^^^^^^^
  File "/home/airflow/.local/lib/python3.11/site-packages/airflow/models/taskinstance.py", line 273, in _run_raw_task
    TaskInstance._execute_task_with_callbacks(
  File "/home/airflow/.local/lib/python3.11/site-packages/airflow/models/taskinstance.py", line 3158, in _execute_task_with_callbacks
    result = self._execute_task(context, task_orig)
             ^^^^^^^^^^^^^^^^^^^^^^^^^^^^^^^^^^^^^^
  File "/home/airflow/.local/lib/python3.11/site-packages/airflow/models/taskinstance.py", line 3182, in _execute_task
    return _execute_task(self, context, task_orig)
           ^^^^^^^^^^^^^^^^^^^^^^^^^^^^^^^^^^^^^^^
  File "/home/airflow/.local/lib/python3.11/site-packages/airflow/models/taskinstance.py", line 767, in _execute_task
    result = _execute_callable(context=context, **execute_callable_kwargs)
             ^^^^^^^^^^^^^^^^^^^^^^^^^^^^^^^^^^^^^^^^^^^^^^^^^^^^^^^^^^^^^
  File "/home/airflow/.local/lib/python3.11/site-packages/airflow/models/taskinstance.py", line 733, in _execute_callable
    return ExecutionCallableRunner(
           ^^^^^^^^^^^^^^^^^^^^^^^^
  File "/home/airflow/.local/lib/python3.11/site-packages/airflow/utils/operator_helpers.py", line 252, in run
    return self.func(*args, **kwargs)
           ^^^^^^^^^^^^^^^^^^^^^^^^^^
  File "/home/airflow/.local/lib/python3.11/site-packages/airflow/models/baseoperator.py", line 406, in wrapper
    return func(self, *args, **kwargs)
           ^^^^^^^^^^^^^^^^^^^^^^^^^^^
  File "/home/airflow/.local/lib/python3.11/site-packages/airflow/decorators/base.py", line 266, in execute
    return_value = super().execute(context)
                   ^^^^^^^^^^^^^^^^^^^^^^^^
  File "/home/airflow/.local/lib/python3.11/site-packages/airflow/models/baseoperator.py", line 406, in wrapper
    return func(self, *args, **kwargs)
           ^^^^^^^^^^^^^^^^^^^^^^^^^^^
  File "/home/airflow/.local/lib/python3.11/site-packages/airflow/operators/python.py", line 238, in execute
    return_value = self.execute_callable()
                   ^^^^^^^^^^^^^^^^^^^^^^^
  File "/home/airflow/.local/lib/python3.11/site-packages/airflow/operators/python.py", line 256, in execute_callable
    return runner.run(*self.op_args, **self.op_kwargs)
           ^^^^^^^^^^^^^^^^^^^^^^^^^^^^^^^^^^^^^^^^^^^
  File "/home/airflow/.local/lib/python3.11/site-packages/airflow/utils/operator_helpers.py", line 252, in run
    return self.func(*args, **kwargs)
           ^^^^^^^^^^^^^^^^^^^^^^^^^^
  File "/opt/airflow/dags/snowchef_daily.py", line 59, in ensure_raw_objects
    cur.execute(f"USE DATABASE {DB}; USE SCHEMA {SCHEMA};")
  File "/home/airflow/.local/lib/python3.11/site-packages/snowflake/connector/cursor.py", line 1087, in execute
    Error.errorhandler_wrapper(self.connection, self, error_class, errvalue)
  File "/home/airflow/.local/lib/python3.11/site-packages/snowflake/connector/errors.py", line 284, in errorhandler_wrapper
    handed_over = Error.hand_to_other_handler(
                  ^^^^^^^^^^^^^^^^^^^^^^^^^^^^
  File "/home/airflow/.local/lib/python3.11/site-packages/snowflake/connector/errors.py", line 339, in hand_to_other_handler
    cursor.errorhandler(connection, cursor, error_class, error_value)
  File "/home/airflow/.local/lib/python3.11/site-packages/snowflake/connector/errors.py", line 215, in default_errorhandler
    raise error_class(
snowflake.connector.errors.ProgrammingError: 000008 (0A000): 01c0489d-0106-f3e6-000f-c0df0072e086: Actual statement count 2 did not match the desired statement count 1.
[2025-11-09T21:17:48.337+0000] {local_task_job_runner.py:266} INFO - Task exited with return code 1
[2025-11-09T21:17:48.361+0000] {taskinstance.py:3900} INFO - 0 downstream tasks scheduled from follow-on schedule check
[2025-11-09T21:17:48.362+0000] {local_task_job_runner.py:245} INFO - ::endgroup::
[2025-11-09T21:31:20.567+0000] {local_task_job_runner.py:123} INFO - ::group::Pre task execution logs
[2025-11-09T21:31:20.578+0000] {taskinstance.py:2612} INFO - Dependencies all met for dep_context=non-requeueable deps ti=<TaskInstance: snowchef_daily.ensure_raw_objects scheduled__2025-11-08T03:00:00+00:00 [queued]>
[2025-11-09T21:31:20.584+0000] {taskinstance.py:2612} INFO - Dependencies all met for dep_context=requeueable deps ti=<TaskInstance: snowchef_daily.ensure_raw_objects scheduled__2025-11-08T03:00:00+00:00 [queued]>
[2025-11-09T21:31:20.584+0000] {taskinstance.py:2865} INFO - Starting attempt 1 of 2
[2025-11-09T21:31:20.590+0000] {taskinstance.py:2888} INFO - Executing <Task(_PythonDecoratedOperator): ensure_raw_objects> on 2025-11-08 03:00:00+00:00
[2025-11-09T21:31:20.595+0000] {standard_task_runner.py:72} INFO - Started process 202 to run task
[2025-11-09T21:31:20.597+0000] {standard_task_runner.py:104} INFO - Running: ['***', 'tasks', 'run', 'snowchef_daily', 'ensure_raw_objects', 'scheduled__2025-11-08T03:00:00+00:00', '--job-id', '10', '--raw', '--subdir', 'DAGS_FOLDER/snowchef_daily.py', '--cfg-path', '/tmp/tmpnoifk8q7']
[2025-11-09T21:31:20.600+0000] {standard_task_runner.py:105} INFO - Job 10: Subtask ensure_raw_objects
[2025-11-09T21:31:20.637+0000] {task_command.py:467} INFO - Running <TaskInstance: snowchef_daily.ensure_raw_objects scheduled__2025-11-08T03:00:00+00:00 [running]> on host d6803ed3f823
[2025-11-09T21:31:20.963+0000] {taskinstance.py:3131} INFO - Exporting env vars: AIRFLOW_CTX_DAG_OWNER='***' AIRFLOW_CTX_DAG_ID='snowchef_daily' AIRFLOW_CTX_TASK_ID='ensure_raw_objects' AIRFLOW_CTX_EXECUTION_DATE='2025-11-08T03:00:00+00:00' AIRFLOW_CTX_TRY_NUMBER='1' AIRFLOW_CTX_DAG_RUN_ID='scheduled__2025-11-08T03:00:00+00:00'
[2025-11-09T21:31:20.964+0000] {taskinstance.py:731} INFO - ::endgroup::
[2025-11-09T21:31:20.970+0000] {base.py:84} INFO - Retrieving connection 'snowflake_conn'
[2025-11-09T21:31:20.971+0000] {connection.py:413} INFO - Snowflake Connector for Python Version: 3.12.2, Python Version: 3.11.10, Platform: Linux-6.10.14-linuxkit-aarch64-with-glibc2.36
[2025-11-09T21:31:20.971+0000] {connection.py:1196} INFO - Connecting to GLOBAL Snowflake domain
[2025-11-09T21:31:20.971+0000] {connection.py:1277} INFO - This connection is in OCSP Fail Open Mode. TLS Certificates would be checked for validity and revocation status. Any other Certificate Revocation related exceptions or OCSP Responder failures would be disregarded in favor of connectivity.
[2025-11-09T21:31:21.453+0000] {connection.py:788} INFO - closed
[2025-11-09T21:31:21.502+0000] {connection.py:794} INFO - No async queries seem to be running, deleting session
[2025-11-09T21:31:21.569+0000] {taskinstance.py:3310} ERROR - Task failed with exception
Traceback (most recent call last):
  File "/home/airflow/.local/lib/python3.11/site-packages/airflow/models/taskinstance.py", line 767, in _execute_task
    result = _execute_callable(context=context, **execute_callable_kwargs)
             ^^^^^^^^^^^^^^^^^^^^^^^^^^^^^^^^^^^^^^^^^^^^^^^^^^^^^^^^^^^^^
  File "/home/airflow/.local/lib/python3.11/site-packages/airflow/models/taskinstance.py", line 733, in _execute_callable
    return ExecutionCallableRunner(
           ^^^^^^^^^^^^^^^^^^^^^^^^
  File "/home/airflow/.local/lib/python3.11/site-packages/airflow/utils/operator_helpers.py", line 252, in run
    return self.func(*args, **kwargs)
           ^^^^^^^^^^^^^^^^^^^^^^^^^^
  File "/home/airflow/.local/lib/python3.11/site-packages/airflow/models/baseoperator.py", line 406, in wrapper
    return func(self, *args, **kwargs)
           ^^^^^^^^^^^^^^^^^^^^^^^^^^^
  File "/home/airflow/.local/lib/python3.11/site-packages/airflow/decorators/base.py", line 266, in execute
    return_value = super().execute(context)
                   ^^^^^^^^^^^^^^^^^^^^^^^^
  File "/home/airflow/.local/lib/python3.11/site-packages/airflow/models/baseoperator.py", line 406, in wrapper
    return func(self, *args, **kwargs)
           ^^^^^^^^^^^^^^^^^^^^^^^^^^^
  File "/home/airflow/.local/lib/python3.11/site-packages/airflow/operators/python.py", line 238, in execute
    return_value = self.execute_callable()
                   ^^^^^^^^^^^^^^^^^^^^^^^
  File "/home/airflow/.local/lib/python3.11/site-packages/airflow/operators/python.py", line 256, in execute_callable
    return runner.run(*self.op_args, **self.op_kwargs)
           ^^^^^^^^^^^^^^^^^^^^^^^^^^^^^^^^^^^^^^^^^^^
  File "/home/airflow/.local/lib/python3.11/site-packages/airflow/utils/operator_helpers.py", line 252, in run
    return self.func(*args, **kwargs)
           ^^^^^^^^^^^^^^^^^^^^^^^^^^
  File "/opt/airflow/dags/snowchef_daily.py", line 59, in ensure_raw_objects
    cur.execute(f"USE DATABASE {DB}; USE SCHEMA {SCHEMA};")
  File "/home/airflow/.local/lib/python3.11/site-packages/snowflake/connector/cursor.py", line 1087, in execute
    Error.errorhandler_wrapper(self.connection, self, error_class, errvalue)
  File "/home/airflow/.local/lib/python3.11/site-packages/snowflake/connector/errors.py", line 284, in errorhandler_wrapper
    handed_over = Error.hand_to_other_handler(
                  ^^^^^^^^^^^^^^^^^^^^^^^^^^^^
  File "/home/airflow/.local/lib/python3.11/site-packages/snowflake/connector/errors.py", line 339, in hand_to_other_handler
    cursor.errorhandler(connection, cursor, error_class, error_value)
  File "/home/airflow/.local/lib/python3.11/site-packages/snowflake/connector/errors.py", line 215, in default_errorhandler
    raise error_class(
snowflake.connector.errors.ProgrammingError: 000008 (0A000): 01c048ab-0106-f3e6-000f-c0df0072e0c6: Actual statement count 2 did not match the desired statement count 1.
[2025-11-09T21:31:21.582+0000] {taskinstance.py:1225} INFO - Marking task as UP_FOR_RETRY. dag_id=snowchef_daily, task_id=ensure_raw_objects, run_id=scheduled__2025-11-08T03:00:00+00:00, execution_date=20251108T030000, start_date=20251109T213120, end_date=20251109T213121
[2025-11-09T21:31:21.590+0000] {taskinstance.py:340} INFO - ::group::Post task execution logs
[2025-11-09T21:31:21.590+0000] {standard_task_runner.py:124} ERROR - Failed to execute job 10 for task ensure_raw_objects (000008 (0A000): 01c048ab-0106-f3e6-000f-c0df0072e0c6: Actual statement count 2 did not match the desired statement count 1.; 202)
Traceback (most recent call last):
  File "/home/airflow/.local/lib/python3.11/site-packages/airflow/task/task_runner/standard_task_runner.py", line 117, in _start_by_fork
    ret = args.func(args, dag=self.dag)
          ^^^^^^^^^^^^^^^^^^^^^^^^^^^^^
  File "/home/airflow/.local/lib/python3.11/site-packages/airflow/cli/cli_config.py", line 49, in command
    return func(*args, **kwargs)
           ^^^^^^^^^^^^^^^^^^^^^
  File "/home/airflow/.local/lib/python3.11/site-packages/airflow/utils/cli.py", line 115, in wrapper
    return f(*args, **kwargs)
           ^^^^^^^^^^^^^^^^^^
  File "/home/airflow/.local/lib/python3.11/site-packages/airflow/cli/commands/task_command.py", line 483, in task_run
    task_return_code = _run_task_by_selected_method(args, _dag, ti)
                       ^^^^^^^^^^^^^^^^^^^^^^^^^^^^^^^^^^^^^^^^^^^^
  File "/home/airflow/.local/lib/python3.11/site-packages/airflow/cli/commands/task_command.py", line 256, in _run_task_by_selected_method
    return _run_raw_task(args, ti)
           ^^^^^^^^^^^^^^^^^^^^^^^
  File "/home/airflow/.local/lib/python3.11/site-packages/airflow/cli/commands/task_command.py", line 341, in _run_raw_task
    return ti._run_raw_task(
           ^^^^^^^^^^^^^^^^^
  File "/home/airflow/.local/lib/python3.11/site-packages/airflow/utils/session.py", line 97, in wrapper
    return func(*args, session=session, **kwargs)
           ^^^^^^^^^^^^^^^^^^^^^^^^^^^^^^^^^^^^^^
  File "/home/airflow/.local/lib/python3.11/site-packages/airflow/models/taskinstance.py", line 3004, in _run_raw_task
    return _run_raw_task(
           ^^^^^^^^^^^^^^
  File "/home/airflow/.local/lib/python3.11/site-packages/airflow/models/taskinstance.py", line 273, in _run_raw_task
    TaskInstance._execute_task_with_callbacks(
  File "/home/airflow/.local/lib/python3.11/site-packages/airflow/models/taskinstance.py", line 3158, in _execute_task_with_callbacks
    result = self._execute_task(context, task_orig)
             ^^^^^^^^^^^^^^^^^^^^^^^^^^^^^^^^^^^^^^
  File "/home/airflow/.local/lib/python3.11/site-packages/airflow/models/taskinstance.py", line 3182, in _execute_task
    return _execute_task(self, context, task_orig)
           ^^^^^^^^^^^^^^^^^^^^^^^^^^^^^^^^^^^^^^^
  File "/home/airflow/.local/lib/python3.11/site-packages/airflow/models/taskinstance.py", line 767, in _execute_task
    result = _execute_callable(context=context, **execute_callable_kwargs)
             ^^^^^^^^^^^^^^^^^^^^^^^^^^^^^^^^^^^^^^^^^^^^^^^^^^^^^^^^^^^^^
  File "/home/airflow/.local/lib/python3.11/site-packages/airflow/models/taskinstance.py", line 733, in _execute_callable
    return ExecutionCallableRunner(
           ^^^^^^^^^^^^^^^^^^^^^^^^
  File "/home/airflow/.local/lib/python3.11/site-packages/airflow/utils/operator_helpers.py", line 252, in run
    return self.func(*args, **kwargs)
           ^^^^^^^^^^^^^^^^^^^^^^^^^^
  File "/home/airflow/.local/lib/python3.11/site-packages/airflow/models/baseoperator.py", line 406, in wrapper
    return func(self, *args, **kwargs)
           ^^^^^^^^^^^^^^^^^^^^^^^^^^^
  File "/home/airflow/.local/lib/python3.11/site-packages/airflow/decorators/base.py", line 266, in execute
    return_value = super().execute(context)
                   ^^^^^^^^^^^^^^^^^^^^^^^^
  File "/home/airflow/.local/lib/python3.11/site-packages/airflow/models/baseoperator.py", line 406, in wrapper
    return func(self, *args, **kwargs)
           ^^^^^^^^^^^^^^^^^^^^^^^^^^^
  File "/home/airflow/.local/lib/python3.11/site-packages/airflow/operators/python.py", line 238, in execute
    return_value = self.execute_callable()
                   ^^^^^^^^^^^^^^^^^^^^^^^
  File "/home/airflow/.local/lib/python3.11/site-packages/airflow/operators/python.py", line 256, in execute_callable
    return runner.run(*self.op_args, **self.op_kwargs)
           ^^^^^^^^^^^^^^^^^^^^^^^^^^^^^^^^^^^^^^^^^^^
  File "/home/airflow/.local/lib/python3.11/site-packages/airflow/utils/operator_helpers.py", line 252, in run
    return self.func(*args, **kwargs)
           ^^^^^^^^^^^^^^^^^^^^^^^^^^
  File "/opt/airflow/dags/snowchef_daily.py", line 59, in ensure_raw_objects
    cur.execute(f"USE DATABASE {DB}; USE SCHEMA {SCHEMA};")
  File "/home/airflow/.local/lib/python3.11/site-packages/snowflake/connector/cursor.py", line 1087, in execute
    Error.errorhandler_wrapper(self.connection, self, error_class, errvalue)
  File "/home/airflow/.local/lib/python3.11/site-packages/snowflake/connector/errors.py", line 284, in errorhandler_wrapper
    handed_over = Error.hand_to_other_handler(
                  ^^^^^^^^^^^^^^^^^^^^^^^^^^^^
  File "/home/airflow/.local/lib/python3.11/site-packages/snowflake/connector/errors.py", line 339, in hand_to_other_handler
    cursor.errorhandler(connection, cursor, error_class, error_value)
  File "/home/airflow/.local/lib/python3.11/site-packages/snowflake/connector/errors.py", line 215, in default_errorhandler
    raise error_class(
snowflake.connector.errors.ProgrammingError: 000008 (0A000): 01c048ab-0106-f3e6-000f-c0df0072e0c6: Actual statement count 2 did not match the desired statement count 1.
[2025-11-09T21:31:21.609+0000] {local_task_job_runner.py:266} INFO - Task exited with return code 1
[2025-11-09T21:31:21.629+0000] {taskinstance.py:3900} INFO - 0 downstream tasks scheduled from follow-on schedule check
[2025-11-09T21:31:21.630+0000] {local_task_job_runner.py:245} INFO - ::endgroup::
[2025-11-09T22:37:06.172+0000] {local_task_job_runner.py:123} INFO - ::group::Pre task execution logs
[2025-11-09T22:37:06.182+0000] {taskinstance.py:2612} INFO - Dependencies all met for dep_context=non-requeueable deps ti=<TaskInstance: snowchef_daily.ensure_raw_objects scheduled__2025-11-08T03:00:00+00:00 [queued]>
[2025-11-09T22:37:06.186+0000] {taskinstance.py:2612} INFO - Dependencies all met for dep_context=requeueable deps ti=<TaskInstance: snowchef_daily.ensure_raw_objects scheduled__2025-11-08T03:00:00+00:00 [queued]>
[2025-11-09T22:37:06.187+0000] {taskinstance.py:2865} INFO - Starting attempt 1 of 2
[2025-11-09T22:37:06.193+0000] {taskinstance.py:2888} INFO - Executing <Task(_PythonDecoratedOperator): ensure_raw_objects> on 2025-11-08 03:00:00+00:00
[2025-11-09T22:37:06.197+0000] {standard_task_runner.py:72} INFO - Started process 892 to run task
[2025-11-09T22:37:06.199+0000] {standard_task_runner.py:104} INFO - Running: ['***', 'tasks', 'run', 'snowchef_daily', 'ensure_raw_objects', 'scheduled__2025-11-08T03:00:00+00:00', '--job-id', '16', '--raw', '--subdir', 'DAGS_FOLDER/snowchef_daily.py', '--cfg-path', '/tmp/tmpspgkzidx']
[2025-11-09T22:37:06.201+0000] {standard_task_runner.py:105} INFO - Job 16: Subtask ensure_raw_objects
[2025-11-09T22:37:06.232+0000] {task_command.py:467} INFO - Running <TaskInstance: snowchef_daily.ensure_raw_objects scheduled__2025-11-08T03:00:00+00:00 [running]> on host d6803ed3f823
[2025-11-09T22:37:06.551+0000] {taskinstance.py:3131} INFO - Exporting env vars: AIRFLOW_CTX_DAG_OWNER='***' AIRFLOW_CTX_DAG_ID='snowchef_daily' AIRFLOW_CTX_TASK_ID='ensure_raw_objects' AIRFLOW_CTX_EXECUTION_DATE='2025-11-08T03:00:00+00:00' AIRFLOW_CTX_TRY_NUMBER='1' AIRFLOW_CTX_DAG_RUN_ID='scheduled__2025-11-08T03:00:00+00:00'
[2025-11-09T22:37:06.551+0000] {taskinstance.py:731} INFO - ::endgroup::
[2025-11-09T22:37:06.558+0000] {base.py:84} INFO - Retrieving connection 'snowflake_conn'
[2025-11-09T22:37:06.558+0000] {connection.py:413} INFO - Snowflake Connector for Python Version: 3.12.2, Python Version: 3.11.10, Platform: Linux-6.10.14-linuxkit-aarch64-with-glibc2.36
[2025-11-09T22:37:06.559+0000] {connection.py:1196} INFO - Connecting to GLOBAL Snowflake domain
[2025-11-09T22:37:06.559+0000] {connection.py:1277} INFO - This connection is in OCSP Fail Open Mode. TLS Certificates would be checked for validity and revocation status. Any other Certificate Revocation related exceptions or OCSP Responder failures would be disregarded in favor of connectivity.
[2025-11-09T22:37:07.156+0000] {cursor.py:1156} INFO - Number of results in first chunk: 1
[2025-11-09T22:37:07.306+0000] {cursor.py:1156} INFO - Number of results in first chunk: 1
[2025-11-09T22:37:07.696+0000] {cursor.py:1156} INFO - Number of results in first chunk: 1
[2025-11-09T22:37:08.007+0000] {cursor.py:1156} INFO - Number of results in first chunk: 1
[2025-11-09T22:37:08.209+0000] {cursor.py:1156} INFO - Number of results in first chunk: 1
[2025-11-09T22:37:08.641+0000] {cursor.py:1156} INFO - Number of results in first chunk: 1
[2025-11-09T22:37:08.881+0000] {cursor.py:1156} INFO - Number of results in first chunk: 1
[2025-11-09T22:37:09.435+0000] {cursor.py:1156} INFO - Number of results in first chunk: 1
[2025-11-09T22:37:09.695+0000] {cursor.py:1156} INFO - Number of results in first chunk: 1
[2025-11-09T22:37:09.900+0000] {cursor.py:1156} INFO - Number of results in first chunk: 1
[2025-11-09T22:37:10.161+0000] {cursor.py:1156} INFO - Number of results in first chunk: 1
[2025-11-09T22:37:11.565+0000] {cursor.py:1156} INFO - Number of results in first chunk: 1
[2025-11-09T22:37:11.633+0000] {cursor.py:1156} INFO - Number of results in first chunk: 1
[2025-11-09T22:37:11.633+0000] {connection.py:788} INFO - closed
[2025-11-09T22:37:11.697+0000] {connection.py:794} INFO - No async queries seem to be running, deleting session
[2025-11-09T22:37:11.775+0000] {python.py:240} INFO - Done. Returned value was: None
[2025-11-09T22:37:11.791+0000] {taskinstance.py:340} INFO - ::group::Post task execution logs
[2025-11-09T22:37:11.791+0000] {taskinstance.py:352} INFO - Marking task as SUCCESS. dag_id=snowchef_daily, task_id=ensure_raw_objects, run_id=scheduled__2025-11-08T03:00:00+00:00, execution_date=20251108T030000, start_date=20251109T223706, end_date=20251109T223711
[2025-11-09T22:37:11.809+0000] {local_task_job_runner.py:266} INFO - Task exited with return code 0
[2025-11-09T22:37:12.104+0000] {taskinstance.py:3900} INFO - 1 downstream tasks scheduled from follow-on schedule check
[2025-11-09T22:37:12.105+0000] {local_task_job_runner.py:245} INFO - ::endgroup::
