[2025-12-02T00:00:29.195+0000] {processor.py:186} INFO - Started process (PID=6091) to work on /opt/airflow/dags/snowchef_ELT.py
[2025-12-02T00:00:29.197+0000] {processor.py:914} INFO - Processing file /opt/airflow/dags/snowchef_ELT.py for tasks to queue
[2025-12-02T00:00:29.200+0000] {logging_mixin.py:190} INFO - [2025-12-02T00:00:29.200+0000] {dagbag.py:587} INFO - Filling up the DagBag from /opt/airflow/dags/snowchef_ELT.py
[2025-12-02T00:00:29.222+0000] {logging_mixin.py:190} INFO - [2025-12-02T00:00:29.221+0000] {base.py:84} INFO - Retrieving connection 'snowflake_conn'
[2025-12-02T00:00:29.229+0000] {processor.py:925} INFO - DAG(s) 'snowchef_ELT_Dag' retrieved from /opt/airflow/dags/snowchef_ELT.py
[2025-12-02T00:00:29.254+0000] {logging_mixin.py:190} INFO - [2025-12-02T00:00:29.253+0000] {dag.py:3229} INFO - Sync 1 DAGs
[2025-12-02T00:00:29.268+0000] {logging_mixin.py:190} INFO - [2025-12-02T00:00:29.268+0000] {dag.py:4156} INFO - Setting next_dagrun for snowchef_ELT_Dag to None, run_after=None
[2025-12-02T00:00:29.279+0000] {processor.py:208} INFO - Processing /opt/airflow/dags/snowchef_ELT.py took 0.108 seconds
[2025-12-02T00:00:59.742+0000] {processor.py:186} INFO - Started process (PID=6107) to work on /opt/airflow/dags/snowchef_ELT.py
[2025-12-02T00:00:59.746+0000] {processor.py:914} INFO - Processing file /opt/airflow/dags/snowchef_ELT.py for tasks to queue
[2025-12-02T00:00:59.755+0000] {logging_mixin.py:190} INFO - [2025-12-02T00:00:59.755+0000] {dagbag.py:587} INFO - Filling up the DagBag from /opt/airflow/dags/snowchef_ELT.py
[2025-12-02T00:00:59.773+0000] {logging_mixin.py:190} INFO - [2025-12-02T00:00:59.773+0000] {base.py:84} INFO - Retrieving connection 'snowflake_conn'
[2025-12-02T00:00:59.780+0000] {processor.py:925} INFO - DAG(s) 'snowchef_ELT_Dag' retrieved from /opt/airflow/dags/snowchef_ELT.py
[2025-12-02T00:00:59.792+0000] {logging_mixin.py:190} INFO - [2025-12-02T00:00:59.792+0000] {dag.py:3229} INFO - Sync 1 DAGs
[2025-12-02T00:00:59.802+0000] {logging_mixin.py:190} INFO - [2025-12-02T00:00:59.802+0000] {dag.py:4156} INFO - Setting next_dagrun for snowchef_ELT_Dag to None, run_after=None
[2025-12-02T00:00:59.823+0000] {processor.py:208} INFO - Processing /opt/airflow/dags/snowchef_ELT.py took 0.099 seconds
[2025-12-02T00:01:30.314+0000] {processor.py:186} INFO - Started process (PID=6123) to work on /opt/airflow/dags/snowchef_ELT.py
[2025-12-02T00:01:30.316+0000] {processor.py:914} INFO - Processing file /opt/airflow/dags/snowchef_ELT.py for tasks to queue
[2025-12-02T00:01:30.330+0000] {logging_mixin.py:190} INFO - [2025-12-02T00:01:30.328+0000] {dagbag.py:587} INFO - Filling up the DagBag from /opt/airflow/dags/snowchef_ELT.py
[2025-12-02T00:01:30.359+0000] {logging_mixin.py:190} INFO - [2025-12-02T00:01:30.359+0000] {base.py:84} INFO - Retrieving connection 'snowflake_conn'
[2025-12-02T00:01:30.367+0000] {processor.py:925} INFO - DAG(s) 'snowchef_ELT_Dag' retrieved from /opt/airflow/dags/snowchef_ELT.py
[2025-12-02T00:01:30.379+0000] {logging_mixin.py:190} INFO - [2025-12-02T00:01:30.379+0000] {dag.py:3229} INFO - Sync 1 DAGs
[2025-12-02T00:01:30.396+0000] {logging_mixin.py:190} INFO - [2025-12-02T00:01:30.396+0000] {dag.py:4156} INFO - Setting next_dagrun for snowchef_ELT_Dag to None, run_after=None
[2025-12-02T00:01:30.406+0000] {processor.py:208} INFO - Processing /opt/airflow/dags/snowchef_ELT.py took 0.103 seconds
[2025-12-02T00:02:00.797+0000] {processor.py:186} INFO - Started process (PID=6139) to work on /opt/airflow/dags/snowchef_ELT.py
[2025-12-02T00:02:00.800+0000] {processor.py:914} INFO - Processing file /opt/airflow/dags/snowchef_ELT.py for tasks to queue
[2025-12-02T00:02:00.810+0000] {logging_mixin.py:190} INFO - [2025-12-02T00:02:00.809+0000] {dagbag.py:587} INFO - Filling up the DagBag from /opt/airflow/dags/snowchef_ELT.py
[2025-12-02T00:02:00.840+0000] {logging_mixin.py:190} INFO - [2025-12-02T00:02:00.840+0000] {base.py:84} INFO - Retrieving connection 'snowflake_conn'
[2025-12-02T00:02:00.849+0000] {processor.py:925} INFO - DAG(s) 'snowchef_ELT_Dag' retrieved from /opt/airflow/dags/snowchef_ELT.py
[2025-12-02T00:02:00.862+0000] {logging_mixin.py:190} INFO - [2025-12-02T00:02:00.861+0000] {dag.py:3229} INFO - Sync 1 DAGs
[2025-12-02T00:02:00.870+0000] {logging_mixin.py:190} INFO - [2025-12-02T00:02:00.870+0000] {dag.py:4156} INFO - Setting next_dagrun for snowchef_ELT_Dag to None, run_after=None
[2025-12-02T00:02:00.879+0000] {processor.py:208} INFO - Processing /opt/airflow/dags/snowchef_ELT.py took 0.101 seconds
[2025-12-02T00:02:31.213+0000] {processor.py:186} INFO - Started process (PID=6155) to work on /opt/airflow/dags/snowchef_ELT.py
[2025-12-02T00:02:31.216+0000] {processor.py:914} INFO - Processing file /opt/airflow/dags/snowchef_ELT.py for tasks to queue
[2025-12-02T00:02:31.221+0000] {logging_mixin.py:190} INFO - [2025-12-02T00:02:31.220+0000] {dagbag.py:587} INFO - Filling up the DagBag from /opt/airflow/dags/snowchef_ELT.py
[2025-12-02T00:02:31.243+0000] {logging_mixin.py:190} INFO - [2025-12-02T00:02:31.243+0000] {base.py:84} INFO - Retrieving connection 'snowflake_conn'
[2025-12-02T00:02:31.251+0000] {processor.py:925} INFO - DAG(s) 'snowchef_ELT_Dag' retrieved from /opt/airflow/dags/snowchef_ELT.py
[2025-12-02T00:02:31.263+0000] {logging_mixin.py:190} INFO - [2025-12-02T00:02:31.263+0000] {dag.py:3229} INFO - Sync 1 DAGs
[2025-12-02T00:02:31.277+0000] {logging_mixin.py:190} INFO - [2025-12-02T00:02:31.276+0000] {dag.py:4156} INFO - Setting next_dagrun for snowchef_ELT_Dag to None, run_after=None
[2025-12-02T00:02:31.293+0000] {processor.py:208} INFO - Processing /opt/airflow/dags/snowchef_ELT.py took 0.102 seconds
[2025-12-02T00:03:01.807+0000] {processor.py:186} INFO - Started process (PID=6171) to work on /opt/airflow/dags/snowchef_ELT.py
[2025-12-02T00:03:01.814+0000] {processor.py:914} INFO - Processing file /opt/airflow/dags/snowchef_ELT.py for tasks to queue
[2025-12-02T00:03:01.820+0000] {logging_mixin.py:190} INFO - [2025-12-02T00:03:01.819+0000] {dagbag.py:587} INFO - Filling up the DagBag from /opt/airflow/dags/snowchef_ELT.py
[2025-12-02T00:03:01.838+0000] {logging_mixin.py:190} INFO - [2025-12-02T00:03:01.838+0000] {base.py:84} INFO - Retrieving connection 'snowflake_conn'
[2025-12-02T00:03:01.845+0000] {processor.py:925} INFO - DAG(s) 'snowchef_ELT_Dag' retrieved from /opt/airflow/dags/snowchef_ELT.py
[2025-12-02T00:03:01.858+0000] {logging_mixin.py:190} INFO - [2025-12-02T00:03:01.858+0000] {dag.py:3229} INFO - Sync 1 DAGs
[2025-12-02T00:03:01.867+0000] {logging_mixin.py:190} INFO - [2025-12-02T00:03:01.867+0000] {dag.py:4156} INFO - Setting next_dagrun for snowchef_ELT_Dag to None, run_after=None
[2025-12-02T00:03:01.879+0000] {processor.py:208} INFO - Processing /opt/airflow/dags/snowchef_ELT.py took 0.099 seconds
[2025-12-02T00:03:32.324+0000] {processor.py:186} INFO - Started process (PID=6187) to work on /opt/airflow/dags/snowchef_ELT.py
[2025-12-02T00:03:32.339+0000] {processor.py:914} INFO - Processing file /opt/airflow/dags/snowchef_ELT.py for tasks to queue
[2025-12-02T00:03:32.353+0000] {logging_mixin.py:190} INFO - [2025-12-02T00:03:32.351+0000] {dagbag.py:587} INFO - Filling up the DagBag from /opt/airflow/dags/snowchef_ELT.py
[2025-12-02T00:03:32.373+0000] {logging_mixin.py:190} INFO - [2025-12-02T00:03:32.372+0000] {base.py:84} INFO - Retrieving connection 'snowflake_conn'
[2025-12-02T00:03:32.382+0000] {processor.py:925} INFO - DAG(s) 'snowchef_ELT_Dag' retrieved from /opt/airflow/dags/snowchef_ELT.py
[2025-12-02T00:03:32.394+0000] {logging_mixin.py:190} INFO - [2025-12-02T00:03:32.394+0000] {dag.py:3229} INFO - Sync 1 DAGs
[2025-12-02T00:03:32.403+0000] {logging_mixin.py:190} INFO - [2025-12-02T00:03:32.403+0000] {dag.py:4156} INFO - Setting next_dagrun for snowchef_ELT_Dag to None, run_after=None
[2025-12-02T00:03:32.411+0000] {processor.py:208} INFO - Processing /opt/airflow/dags/snowchef_ELT.py took 0.098 seconds
[2025-12-02T00:04:02.838+0000] {processor.py:186} INFO - Started process (PID=6203) to work on /opt/airflow/dags/snowchef_ELT.py
[2025-12-02T00:04:02.840+0000] {processor.py:914} INFO - Processing file /opt/airflow/dags/snowchef_ELT.py for tasks to queue
[2025-12-02T00:04:02.845+0000] {logging_mixin.py:190} INFO - [2025-12-02T00:04:02.844+0000] {dagbag.py:587} INFO - Filling up the DagBag from /opt/airflow/dags/snowchef_ELT.py
[2025-12-02T00:04:02.868+0000] {logging_mixin.py:190} INFO - [2025-12-02T00:04:02.868+0000] {base.py:84} INFO - Retrieving connection 'snowflake_conn'
[2025-12-02T00:04:02.891+0000] {processor.py:925} INFO - DAG(s) 'snowchef_ELT_Dag' retrieved from /opt/airflow/dags/snowchef_ELT.py
[2025-12-02T00:04:02.907+0000] {logging_mixin.py:190} INFO - [2025-12-02T00:04:02.906+0000] {dag.py:3229} INFO - Sync 1 DAGs
[2025-12-02T00:04:02.917+0000] {logging_mixin.py:190} INFO - [2025-12-02T00:04:02.917+0000] {dag.py:4156} INFO - Setting next_dagrun for snowchef_ELT_Dag to None, run_after=None
[2025-12-02T00:04:02.927+0000] {processor.py:208} INFO - Processing /opt/airflow/dags/snowchef_ELT.py took 0.107 seconds
[2025-12-02T00:04:33.340+0000] {processor.py:186} INFO - Started process (PID=6219) to work on /opt/airflow/dags/snowchef_ELT.py
[2025-12-02T00:04:33.342+0000] {processor.py:914} INFO - Processing file /opt/airflow/dags/snowchef_ELT.py for tasks to queue
[2025-12-02T00:04:33.346+0000] {logging_mixin.py:190} INFO - [2025-12-02T00:04:33.345+0000] {dagbag.py:587} INFO - Filling up the DagBag from /opt/airflow/dags/snowchef_ELT.py
[2025-12-02T00:04:33.362+0000] {logging_mixin.py:190} INFO - [2025-12-02T00:04:33.362+0000] {base.py:84} INFO - Retrieving connection 'snowflake_conn'
[2025-12-02T00:04:33.370+0000] {processor.py:925} INFO - DAG(s) 'snowchef_ELT_Dag' retrieved from /opt/airflow/dags/snowchef_ELT.py
[2025-12-02T00:04:33.384+0000] {logging_mixin.py:190} INFO - [2025-12-02T00:04:33.383+0000] {dag.py:3229} INFO - Sync 1 DAGs
[2025-12-02T00:04:33.394+0000] {logging_mixin.py:190} INFO - [2025-12-02T00:04:33.394+0000] {dag.py:4156} INFO - Setting next_dagrun for snowchef_ELT_Dag to None, run_after=None
[2025-12-02T00:04:33.405+0000] {processor.py:208} INFO - Processing /opt/airflow/dags/snowchef_ELT.py took 0.074 seconds
[2025-12-02T00:05:03.834+0000] {processor.py:186} INFO - Started process (PID=6235) to work on /opt/airflow/dags/snowchef_ELT.py
[2025-12-02T00:05:03.835+0000] {processor.py:914} INFO - Processing file /opt/airflow/dags/snowchef_ELT.py for tasks to queue
[2025-12-02T00:05:03.839+0000] {logging_mixin.py:190} INFO - [2025-12-02T00:05:03.839+0000] {dagbag.py:587} INFO - Filling up the DagBag from /opt/airflow/dags/snowchef_ELT.py
[2025-12-02T00:05:03.870+0000] {logging_mixin.py:190} INFO - [2025-12-02T00:05:03.870+0000] {base.py:84} INFO - Retrieving connection 'snowflake_conn'
[2025-12-02T00:05:03.878+0000] {processor.py:925} INFO - DAG(s) 'snowchef_ELT_Dag' retrieved from /opt/airflow/dags/snowchef_ELT.py
[2025-12-02T00:05:03.908+0000] {logging_mixin.py:190} INFO - [2025-12-02T00:05:03.908+0000] {dag.py:3229} INFO - Sync 1 DAGs
[2025-12-02T00:05:03.923+0000] {logging_mixin.py:190} INFO - [2025-12-02T00:05:03.922+0000] {dag.py:4156} INFO - Setting next_dagrun for snowchef_ELT_Dag to None, run_after=None
[2025-12-02T00:05:03.934+0000] {processor.py:208} INFO - Processing /opt/airflow/dags/snowchef_ELT.py took 0.111 seconds
[2025-12-02T00:05:34.414+0000] {processor.py:186} INFO - Started process (PID=6251) to work on /opt/airflow/dags/snowchef_ELT.py
[2025-12-02T00:05:34.419+0000] {processor.py:914} INFO - Processing file /opt/airflow/dags/snowchef_ELT.py for tasks to queue
[2025-12-02T00:05:34.437+0000] {logging_mixin.py:190} INFO - [2025-12-02T00:05:34.436+0000] {dagbag.py:587} INFO - Filling up the DagBag from /opt/airflow/dags/snowchef_ELT.py
[2025-12-02T00:05:34.451+0000] {logging_mixin.py:190} INFO - [2025-12-02T00:05:34.451+0000] {base.py:84} INFO - Retrieving connection 'snowflake_conn'
[2025-12-02T00:05:34.457+0000] {processor.py:925} INFO - DAG(s) 'snowchef_ELT_Dag' retrieved from /opt/airflow/dags/snowchef_ELT.py
[2025-12-02T00:05:34.469+0000] {logging_mixin.py:190} INFO - [2025-12-02T00:05:34.469+0000] {dag.py:3229} INFO - Sync 1 DAGs
[2025-12-02T00:05:34.478+0000] {logging_mixin.py:190} INFO - [2025-12-02T00:05:34.478+0000] {dag.py:4156} INFO - Setting next_dagrun for snowchef_ELT_Dag to None, run_after=None
[2025-12-02T00:05:34.487+0000] {processor.py:208} INFO - Processing /opt/airflow/dags/snowchef_ELT.py took 0.091 seconds
[2025-12-02T00:06:04.870+0000] {processor.py:186} INFO - Started process (PID=6267) to work on /opt/airflow/dags/snowchef_ELT.py
[2025-12-02T00:06:04.872+0000] {processor.py:914} INFO - Processing file /opt/airflow/dags/snowchef_ELT.py for tasks to queue
[2025-12-02T00:06:04.876+0000] {logging_mixin.py:190} INFO - [2025-12-02T00:06:04.876+0000] {dagbag.py:587} INFO - Filling up the DagBag from /opt/airflow/dags/snowchef_ELT.py
[2025-12-02T00:06:04.899+0000] {logging_mixin.py:190} INFO - [2025-12-02T00:06:04.899+0000] {base.py:84} INFO - Retrieving connection 'snowflake_conn'
[2025-12-02T00:06:04.919+0000] {processor.py:925} INFO - DAG(s) 'snowchef_ELT_Dag' retrieved from /opt/airflow/dags/snowchef_ELT.py
[2025-12-02T00:06:04.933+0000] {logging_mixin.py:190} INFO - [2025-12-02T00:06:04.933+0000] {dag.py:3229} INFO - Sync 1 DAGs
[2025-12-02T00:06:04.942+0000] {logging_mixin.py:190} INFO - [2025-12-02T00:06:04.942+0000] {dag.py:4156} INFO - Setting next_dagrun for snowchef_ELT_Dag to None, run_after=None
[2025-12-02T00:06:04.952+0000] {processor.py:208} INFO - Processing /opt/airflow/dags/snowchef_ELT.py took 0.100 seconds
[2025-12-02T00:06:35.339+0000] {processor.py:186} INFO - Started process (PID=6283) to work on /opt/airflow/dags/snowchef_ELT.py
[2025-12-02T00:06:35.341+0000] {processor.py:914} INFO - Processing file /opt/airflow/dags/snowchef_ELT.py for tasks to queue
[2025-12-02T00:06:35.345+0000] {logging_mixin.py:190} INFO - [2025-12-02T00:06:35.344+0000] {dagbag.py:587} INFO - Filling up the DagBag from /opt/airflow/dags/snowchef_ELT.py
[2025-12-02T00:06:35.359+0000] {logging_mixin.py:190} INFO - [2025-12-02T00:06:35.359+0000] {base.py:84} INFO - Retrieving connection 'snowflake_conn'
[2025-12-02T00:06:35.367+0000] {processor.py:925} INFO - DAG(s) 'snowchef_ELT_Dag' retrieved from /opt/airflow/dags/snowchef_ELT.py
[2025-12-02T00:06:35.379+0000] {logging_mixin.py:190} INFO - [2025-12-02T00:06:35.378+0000] {dag.py:3229} INFO - Sync 1 DAGs
[2025-12-02T00:06:35.389+0000] {logging_mixin.py:190} INFO - [2025-12-02T00:06:35.389+0000] {dag.py:4156} INFO - Setting next_dagrun for snowchef_ELT_Dag to None, run_after=None
[2025-12-02T00:06:35.399+0000] {processor.py:208} INFO - Processing /opt/airflow/dags/snowchef_ELT.py took 0.068 seconds
[2025-12-02T00:07:05.793+0000] {processor.py:186} INFO - Started process (PID=6299) to work on /opt/airflow/dags/snowchef_ELT.py
[2025-12-02T00:07:05.801+0000] {processor.py:914} INFO - Processing file /opt/airflow/dags/snowchef_ELT.py for tasks to queue
[2025-12-02T00:07:05.811+0000] {logging_mixin.py:190} INFO - [2025-12-02T00:07:05.811+0000] {dagbag.py:587} INFO - Filling up the DagBag from /opt/airflow/dags/snowchef_ELT.py
[2025-12-02T00:07:05.829+0000] {logging_mixin.py:190} INFO - [2025-12-02T00:07:05.829+0000] {base.py:84} INFO - Retrieving connection 'snowflake_conn'
[2025-12-02T00:07:05.836+0000] {processor.py:925} INFO - DAG(s) 'snowchef_ELT_Dag' retrieved from /opt/airflow/dags/snowchef_ELT.py
[2025-12-02T00:07:05.847+0000] {logging_mixin.py:190} INFO - [2025-12-02T00:07:05.847+0000] {dag.py:3229} INFO - Sync 1 DAGs
[2025-12-02T00:07:05.862+0000] {logging_mixin.py:190} INFO - [2025-12-02T00:07:05.862+0000] {dag.py:4156} INFO - Setting next_dagrun for snowchef_ELT_Dag to None, run_after=None
[2025-12-02T00:07:05.876+0000] {processor.py:208} INFO - Processing /opt/airflow/dags/snowchef_ELT.py took 0.093 seconds
[2025-12-02T00:07:36.241+0000] {processor.py:186} INFO - Started process (PID=6315) to work on /opt/airflow/dags/snowchef_ELT.py
[2025-12-02T00:07:36.242+0000] {processor.py:914} INFO - Processing file /opt/airflow/dags/snowchef_ELT.py for tasks to queue
[2025-12-02T00:07:36.263+0000] {logging_mixin.py:190} INFO - [2025-12-02T00:07:36.257+0000] {dagbag.py:587} INFO - Filling up the DagBag from /opt/airflow/dags/snowchef_ELT.py
[2025-12-02T00:07:36.283+0000] {logging_mixin.py:190} INFO - [2025-12-02T00:07:36.282+0000] {base.py:84} INFO - Retrieving connection 'snowflake_conn'
[2025-12-02T00:07:36.294+0000] {processor.py:925} INFO - DAG(s) 'snowchef_ELT_Dag' retrieved from /opt/airflow/dags/snowchef_ELT.py
[2025-12-02T00:07:36.328+0000] {logging_mixin.py:190} INFO - [2025-12-02T00:07:36.328+0000] {dag.py:3229} INFO - Sync 1 DAGs
[2025-12-02T00:07:36.344+0000] {logging_mixin.py:190} INFO - [2025-12-02T00:07:36.344+0000] {dag.py:4156} INFO - Setting next_dagrun for snowchef_ELT_Dag to None, run_after=None
[2025-12-02T00:07:36.368+0000] {processor.py:208} INFO - Processing /opt/airflow/dags/snowchef_ELT.py took 0.133 seconds
[2025-12-02T00:08:06.813+0000] {processor.py:186} INFO - Started process (PID=6331) to work on /opt/airflow/dags/snowchef_ELT.py
[2025-12-02T00:08:06.815+0000] {processor.py:914} INFO - Processing file /opt/airflow/dags/snowchef_ELT.py for tasks to queue
[2025-12-02T00:08:06.819+0000] {logging_mixin.py:190} INFO - [2025-12-02T00:08:06.818+0000] {dagbag.py:587} INFO - Filling up the DagBag from /opt/airflow/dags/snowchef_ELT.py
[2025-12-02T00:08:06.837+0000] {logging_mixin.py:190} INFO - [2025-12-02T00:08:06.837+0000] {base.py:84} INFO - Retrieving connection 'snowflake_conn'
[2025-12-02T00:08:06.847+0000] {processor.py:925} INFO - DAG(s) 'snowchef_ELT_Dag' retrieved from /opt/airflow/dags/snowchef_ELT.py
[2025-12-02T00:08:06.872+0000] {logging_mixin.py:190} INFO - [2025-12-02T00:08:06.872+0000] {dag.py:3229} INFO - Sync 1 DAGs
[2025-12-02T00:08:06.882+0000] {logging_mixin.py:190} INFO - [2025-12-02T00:08:06.882+0000] {dag.py:4156} INFO - Setting next_dagrun for snowchef_ELT_Dag to None, run_after=None
[2025-12-02T00:08:06.892+0000] {processor.py:208} INFO - Processing /opt/airflow/dags/snowchef_ELT.py took 0.096 seconds
[2025-12-02T00:08:37.363+0000] {processor.py:186} INFO - Started process (PID=6347) to work on /opt/airflow/dags/snowchef_ELT.py
[2025-12-02T00:08:37.365+0000] {processor.py:914} INFO - Processing file /opt/airflow/dags/snowchef_ELT.py for tasks to queue
[2025-12-02T00:08:37.369+0000] {logging_mixin.py:190} INFO - [2025-12-02T00:08:37.368+0000] {dagbag.py:587} INFO - Filling up the DagBag from /opt/airflow/dags/snowchef_ELT.py
[2025-12-02T00:08:37.407+0000] {logging_mixin.py:190} INFO - [2025-12-02T00:08:37.407+0000] {base.py:84} INFO - Retrieving connection 'snowflake_conn'
[2025-12-02T00:08:37.417+0000] {processor.py:925} INFO - DAG(s) 'snowchef_ELT_Dag' retrieved from /opt/airflow/dags/snowchef_ELT.py
[2025-12-02T00:08:37.429+0000] {logging_mixin.py:190} INFO - [2025-12-02T00:08:37.429+0000] {dag.py:3229} INFO - Sync 1 DAGs
[2025-12-02T00:08:37.439+0000] {logging_mixin.py:190} INFO - [2025-12-02T00:08:37.439+0000] {dag.py:4156} INFO - Setting next_dagrun for snowchef_ELT_Dag to None, run_after=None
[2025-12-02T00:08:37.449+0000] {processor.py:208} INFO - Processing /opt/airflow/dags/snowchef_ELT.py took 0.098 seconds
[2025-12-02T00:09:07.952+0000] {processor.py:186} INFO - Started process (PID=6363) to work on /opt/airflow/dags/snowchef_ELT.py
[2025-12-02T00:09:07.957+0000] {processor.py:914} INFO - Processing file /opt/airflow/dags/snowchef_ELT.py for tasks to queue
[2025-12-02T00:09:07.971+0000] {logging_mixin.py:190} INFO - [2025-12-02T00:09:07.970+0000] {dagbag.py:587} INFO - Filling up the DagBag from /opt/airflow/dags/snowchef_ELT.py
[2025-12-02T00:09:07.991+0000] {logging_mixin.py:190} INFO - [2025-12-02T00:09:07.991+0000] {base.py:84} INFO - Retrieving connection 'snowflake_conn'
[2025-12-02T00:09:07.998+0000] {processor.py:925} INFO - DAG(s) 'snowchef_ELT_Dag' retrieved from /opt/airflow/dags/snowchef_ELT.py
[2025-12-02T00:09:08.011+0000] {logging_mixin.py:190} INFO - [2025-12-02T00:09:08.011+0000] {dag.py:3229} INFO - Sync 1 DAGs
[2025-12-02T00:09:08.021+0000] {logging_mixin.py:190} INFO - [2025-12-02T00:09:08.021+0000] {dag.py:4156} INFO - Setting next_dagrun for snowchef_ELT_Dag to None, run_after=None
[2025-12-02T00:09:08.030+0000] {processor.py:208} INFO - Processing /opt/airflow/dags/snowchef_ELT.py took 0.097 seconds
[2025-12-02T00:09:38.606+0000] {processor.py:186} INFO - Started process (PID=6379) to work on /opt/airflow/dags/snowchef_ELT.py
[2025-12-02T00:09:38.608+0000] {processor.py:914} INFO - Processing file /opt/airflow/dags/snowchef_ELT.py for tasks to queue
[2025-12-02T00:09:38.612+0000] {logging_mixin.py:190} INFO - [2025-12-02T00:09:38.611+0000] {dagbag.py:587} INFO - Filling up the DagBag from /opt/airflow/dags/snowchef_ELT.py
[2025-12-02T00:09:38.627+0000] {logging_mixin.py:190} INFO - [2025-12-02T00:09:38.627+0000] {base.py:84} INFO - Retrieving connection 'snowflake_conn'
[2025-12-02T00:09:38.634+0000] {processor.py:925} INFO - DAG(s) 'snowchef_ELT_Dag' retrieved from /opt/airflow/dags/snowchef_ELT.py
[2025-12-02T00:09:38.646+0000] {logging_mixin.py:190} INFO - [2025-12-02T00:09:38.646+0000] {dag.py:3229} INFO - Sync 1 DAGs
[2025-12-02T00:09:38.668+0000] {logging_mixin.py:190} INFO - [2025-12-02T00:09:38.668+0000] {dag.py:4156} INFO - Setting next_dagrun for snowchef_ELT_Dag to None, run_after=None
[2025-12-02T00:09:38.678+0000] {processor.py:208} INFO - Processing /opt/airflow/dags/snowchef_ELT.py took 0.083 seconds
[2025-12-02T00:10:09.126+0000] {processor.py:186} INFO - Started process (PID=6395) to work on /opt/airflow/dags/snowchef_ELT.py
[2025-12-02T00:10:09.130+0000] {processor.py:914} INFO - Processing file /opt/airflow/dags/snowchef_ELT.py for tasks to queue
[2025-12-02T00:10:09.134+0000] {logging_mixin.py:190} INFO - [2025-12-02T00:10:09.134+0000] {dagbag.py:587} INFO - Filling up the DagBag from /opt/airflow/dags/snowchef_ELT.py
[2025-12-02T00:10:09.151+0000] {logging_mixin.py:190} INFO - [2025-12-02T00:10:09.151+0000] {base.py:84} INFO - Retrieving connection 'snowflake_conn'
[2025-12-02T00:10:09.158+0000] {processor.py:925} INFO - DAG(s) 'snowchef_ELT_Dag' retrieved from /opt/airflow/dags/snowchef_ELT.py
[2025-12-02T00:10:09.181+0000] {logging_mixin.py:190} INFO - [2025-12-02T00:10:09.181+0000] {dag.py:3229} INFO - Sync 1 DAGs
[2025-12-02T00:10:09.191+0000] {logging_mixin.py:190} INFO - [2025-12-02T00:10:09.191+0000] {dag.py:4156} INFO - Setting next_dagrun for snowchef_ELT_Dag to None, run_after=None
[2025-12-02T00:10:09.201+0000] {processor.py:208} INFO - Processing /opt/airflow/dags/snowchef_ELT.py took 0.088 seconds
[2025-12-02T00:10:39.830+0000] {processor.py:186} INFO - Started process (PID=6411) to work on /opt/airflow/dags/snowchef_ELT.py
[2025-12-02T00:10:39.832+0000] {processor.py:914} INFO - Processing file /opt/airflow/dags/snowchef_ELT.py for tasks to queue
[2025-12-02T00:10:39.838+0000] {logging_mixin.py:190} INFO - [2025-12-02T00:10:39.837+0000] {dagbag.py:587} INFO - Filling up the DagBag from /opt/airflow/dags/snowchef_ELT.py
[2025-12-02T00:10:39.863+0000] {logging_mixin.py:190} INFO - [2025-12-02T00:10:39.863+0000] {base.py:84} INFO - Retrieving connection 'snowflake_conn'
[2025-12-02T00:10:39.877+0000] {processor.py:925} INFO - DAG(s) 'snowchef_ELT_Dag' retrieved from /opt/airflow/dags/snowchef_ELT.py
[2025-12-02T00:10:39.893+0000] {logging_mixin.py:190} INFO - [2025-12-02T00:10:39.893+0000] {dag.py:3229} INFO - Sync 1 DAGs
[2025-12-02T00:10:39.906+0000] {logging_mixin.py:190} INFO - [2025-12-02T00:10:39.906+0000] {dag.py:4156} INFO - Setting next_dagrun for snowchef_ELT_Dag to None, run_after=None
[2025-12-02T00:10:39.927+0000] {processor.py:208} INFO - Processing /opt/airflow/dags/snowchef_ELT.py took 0.122 seconds
[2025-12-02T00:11:10.395+0000] {processor.py:186} INFO - Started process (PID=6433) to work on /opt/airflow/dags/snowchef_ELT.py
[2025-12-02T00:11:10.397+0000] {processor.py:914} INFO - Processing file /opt/airflow/dags/snowchef_ELT.py for tasks to queue
[2025-12-02T00:11:10.400+0000] {logging_mixin.py:190} INFO - [2025-12-02T00:11:10.400+0000] {dagbag.py:587} INFO - Filling up the DagBag from /opt/airflow/dags/snowchef_ELT.py
[2025-12-02T00:11:10.415+0000] {logging_mixin.py:190} INFO - [2025-12-02T00:11:10.415+0000] {base.py:84} INFO - Retrieving connection 'snowflake_conn'
[2025-12-02T00:11:10.421+0000] {processor.py:925} INFO - DAG(s) 'snowchef_ELT_Dag' retrieved from /opt/airflow/dags/snowchef_ELT.py
[2025-12-02T00:11:10.434+0000] {logging_mixin.py:190} INFO - [2025-12-02T00:11:10.433+0000] {dag.py:3229} INFO - Sync 1 DAGs
[2025-12-02T00:11:10.442+0000] {logging_mixin.py:190} INFO - [2025-12-02T00:11:10.442+0000] {dag.py:4156} INFO - Setting next_dagrun for snowchef_ELT_Dag to None, run_after=None
[2025-12-02T00:11:10.450+0000] {processor.py:208} INFO - Processing /opt/airflow/dags/snowchef_ELT.py took 0.061 seconds
[2025-12-02T00:11:40.874+0000] {processor.py:186} INFO - Started process (PID=6449) to work on /opt/airflow/dags/snowchef_ELT.py
[2025-12-02T00:11:40.875+0000] {processor.py:914} INFO - Processing file /opt/airflow/dags/snowchef_ELT.py for tasks to queue
[2025-12-02T00:11:40.878+0000] {logging_mixin.py:190} INFO - [2025-12-02T00:11:40.878+0000] {dagbag.py:587} INFO - Filling up the DagBag from /opt/airflow/dags/snowchef_ELT.py
[2025-12-02T00:11:40.894+0000] {logging_mixin.py:190} INFO - [2025-12-02T00:11:40.894+0000] {base.py:84} INFO - Retrieving connection 'snowflake_conn'
[2025-12-02T00:11:40.900+0000] {processor.py:925} INFO - DAG(s) 'snowchef_ELT_Dag' retrieved from /opt/airflow/dags/snowchef_ELT.py
[2025-12-02T00:11:40.914+0000] {logging_mixin.py:190} INFO - [2025-12-02T00:11:40.914+0000] {dag.py:3229} INFO - Sync 1 DAGs
[2025-12-02T00:11:40.923+0000] {logging_mixin.py:190} INFO - [2025-12-02T00:11:40.922+0000] {dag.py:4156} INFO - Setting next_dagrun for snowchef_ELT_Dag to None, run_after=None
[2025-12-02T00:11:40.934+0000] {processor.py:208} INFO - Processing /opt/airflow/dags/snowchef_ELT.py took 0.066 seconds
[2025-12-02T00:12:11.341+0000] {processor.py:186} INFO - Started process (PID=6465) to work on /opt/airflow/dags/snowchef_ELT.py
[2025-12-02T00:12:11.343+0000] {processor.py:914} INFO - Processing file /opt/airflow/dags/snowchef_ELT.py for tasks to queue
[2025-12-02T00:12:11.346+0000] {logging_mixin.py:190} INFO - [2025-12-02T00:12:11.346+0000] {dagbag.py:587} INFO - Filling up the DagBag from /opt/airflow/dags/snowchef_ELT.py
[2025-12-02T00:12:11.363+0000] {logging_mixin.py:190} INFO - [2025-12-02T00:12:11.363+0000] {base.py:84} INFO - Retrieving connection 'snowflake_conn'
[2025-12-02T00:12:11.369+0000] {processor.py:925} INFO - DAG(s) 'snowchef_ELT_Dag' retrieved from /opt/airflow/dags/snowchef_ELT.py
[2025-12-02T00:12:11.380+0000] {logging_mixin.py:190} INFO - [2025-12-02T00:12:11.380+0000] {dag.py:3229} INFO - Sync 1 DAGs
[2025-12-02T00:12:11.387+0000] {logging_mixin.py:190} INFO - [2025-12-02T00:12:11.387+0000] {dag.py:4156} INFO - Setting next_dagrun for snowchef_ELT_Dag to None, run_after=None
[2025-12-02T00:12:11.395+0000] {processor.py:208} INFO - Processing /opt/airflow/dags/snowchef_ELT.py took 0.062 seconds
[2025-12-02T00:12:41.847+0000] {processor.py:186} INFO - Started process (PID=6481) to work on /opt/airflow/dags/snowchef_ELT.py
[2025-12-02T00:12:41.849+0000] {processor.py:914} INFO - Processing file /opt/airflow/dags/snowchef_ELT.py for tasks to queue
[2025-12-02T00:12:41.853+0000] {logging_mixin.py:190} INFO - [2025-12-02T00:12:41.852+0000] {dagbag.py:587} INFO - Filling up the DagBag from /opt/airflow/dags/snowchef_ELT.py
[2025-12-02T00:12:41.867+0000] {logging_mixin.py:190} INFO - [2025-12-02T00:12:41.867+0000] {base.py:84} INFO - Retrieving connection 'snowflake_conn'
[2025-12-02T00:12:41.874+0000] {processor.py:925} INFO - DAG(s) 'snowchef_ELT_Dag' retrieved from /opt/airflow/dags/snowchef_ELT.py
[2025-12-02T00:12:41.886+0000] {logging_mixin.py:190} INFO - [2025-12-02T00:12:41.886+0000] {dag.py:3229} INFO - Sync 1 DAGs
[2025-12-02T00:12:41.894+0000] {logging_mixin.py:190} INFO - [2025-12-02T00:12:41.893+0000] {dag.py:4156} INFO - Setting next_dagrun for snowchef_ELT_Dag to None, run_after=None
[2025-12-02T00:12:41.902+0000] {processor.py:208} INFO - Processing /opt/airflow/dags/snowchef_ELT.py took 0.073 seconds
[2025-12-02T00:13:12.318+0000] {processor.py:186} INFO - Started process (PID=6497) to work on /opt/airflow/dags/snowchef_ELT.py
[2025-12-02T00:13:12.320+0000] {processor.py:914} INFO - Processing file /opt/airflow/dags/snowchef_ELT.py for tasks to queue
[2025-12-02T00:13:12.324+0000] {logging_mixin.py:190} INFO - [2025-12-02T00:13:12.323+0000] {dagbag.py:587} INFO - Filling up the DagBag from /opt/airflow/dags/snowchef_ELT.py
[2025-12-02T00:13:12.342+0000] {logging_mixin.py:190} INFO - [2025-12-02T00:13:12.342+0000] {base.py:84} INFO - Retrieving connection 'snowflake_conn'
[2025-12-02T00:13:12.348+0000] {processor.py:925} INFO - DAG(s) 'snowchef_ELT_Dag' retrieved from /opt/airflow/dags/snowchef_ELT.py
[2025-12-02T00:13:12.362+0000] {logging_mixin.py:190} INFO - [2025-12-02T00:13:12.362+0000] {dag.py:3229} INFO - Sync 1 DAGs
[2025-12-02T00:13:12.385+0000] {logging_mixin.py:190} INFO - [2025-12-02T00:13:12.385+0000] {dag.py:4156} INFO - Setting next_dagrun for snowchef_ELT_Dag to None, run_after=None
[2025-12-02T00:13:12.394+0000] {processor.py:208} INFO - Processing /opt/airflow/dags/snowchef_ELT.py took 0.084 seconds
[2025-12-02T00:13:42.843+0000] {processor.py:186} INFO - Started process (PID=6513) to work on /opt/airflow/dags/snowchef_ELT.py
[2025-12-02T00:13:42.845+0000] {processor.py:914} INFO - Processing file /opt/airflow/dags/snowchef_ELT.py for tasks to queue
[2025-12-02T00:13:42.849+0000] {logging_mixin.py:190} INFO - [2025-12-02T00:13:42.848+0000] {dagbag.py:587} INFO - Filling up the DagBag from /opt/airflow/dags/snowchef_ELT.py
[2025-12-02T00:13:42.867+0000] {logging_mixin.py:190} INFO - [2025-12-02T00:13:42.867+0000] {base.py:84} INFO - Retrieving connection 'snowflake_conn'
[2025-12-02T00:13:42.874+0000] {processor.py:925} INFO - DAG(s) 'snowchef_ELT_Dag' retrieved from /opt/airflow/dags/snowchef_ELT.py
[2025-12-02T00:13:42.886+0000] {logging_mixin.py:190} INFO - [2025-12-02T00:13:42.885+0000] {dag.py:3229} INFO - Sync 1 DAGs
[2025-12-02T00:13:42.894+0000] {logging_mixin.py:190} INFO - [2025-12-02T00:13:42.894+0000] {dag.py:4156} INFO - Setting next_dagrun for snowchef_ELT_Dag to None, run_after=None
[2025-12-02T00:13:42.904+0000] {processor.py:208} INFO - Processing /opt/airflow/dags/snowchef_ELT.py took 0.074 seconds
[2025-12-02T00:14:13.262+0000] {processor.py:186} INFO - Started process (PID=6529) to work on /opt/airflow/dags/snowchef_ELT.py
[2025-12-02T00:14:13.263+0000] {processor.py:914} INFO - Processing file /opt/airflow/dags/snowchef_ELT.py for tasks to queue
[2025-12-02T00:14:13.267+0000] {logging_mixin.py:190} INFO - [2025-12-02T00:14:13.267+0000] {dagbag.py:587} INFO - Filling up the DagBag from /opt/airflow/dags/snowchef_ELT.py
[2025-12-02T00:14:13.285+0000] {logging_mixin.py:190} INFO - [2025-12-02T00:14:13.284+0000] {base.py:84} INFO - Retrieving connection 'snowflake_conn'
[2025-12-02T00:14:13.294+0000] {processor.py:925} INFO - DAG(s) 'snowchef_ELT_Dag' retrieved from /opt/airflow/dags/snowchef_ELT.py
[2025-12-02T00:14:13.318+0000] {logging_mixin.py:190} INFO - [2025-12-02T00:14:13.318+0000] {dag.py:3229} INFO - Sync 1 DAGs
[2025-12-02T00:14:13.327+0000] {logging_mixin.py:190} INFO - [2025-12-02T00:14:13.327+0000] {dag.py:4156} INFO - Setting next_dagrun for snowchef_ELT_Dag to None, run_after=None
[2025-12-02T00:14:13.336+0000] {processor.py:208} INFO - Processing /opt/airflow/dags/snowchef_ELT.py took 0.081 seconds
[2025-12-02T00:14:43.630+0000] {processor.py:186} INFO - Started process (PID=6545) to work on /opt/airflow/dags/snowchef_ELT.py
[2025-12-02T00:14:43.632+0000] {processor.py:914} INFO - Processing file /opt/airflow/dags/snowchef_ELT.py for tasks to queue
[2025-12-02T00:14:43.635+0000] {logging_mixin.py:190} INFO - [2025-12-02T00:14:43.635+0000] {dagbag.py:587} INFO - Filling up the DagBag from /opt/airflow/dags/snowchef_ELT.py
[2025-12-02T00:14:43.666+0000] {logging_mixin.py:190} INFO - [2025-12-02T00:14:43.665+0000] {base.py:84} INFO - Retrieving connection 'snowflake_conn'
[2025-12-02T00:14:43.674+0000] {processor.py:925} INFO - DAG(s) 'snowchef_ELT_Dag' retrieved from /opt/airflow/dags/snowchef_ELT.py
[2025-12-02T00:14:43.686+0000] {logging_mixin.py:190} INFO - [2025-12-02T00:14:43.686+0000] {dag.py:3229} INFO - Sync 1 DAGs
[2025-12-02T00:14:43.694+0000] {logging_mixin.py:190} INFO - [2025-12-02T00:14:43.694+0000] {dag.py:4156} INFO - Setting next_dagrun for snowchef_ELT_Dag to None, run_after=None
[2025-12-02T00:14:43.704+0000] {processor.py:208} INFO - Processing /opt/airflow/dags/snowchef_ELT.py took 0.083 seconds
[2025-12-02T00:15:14.130+0000] {processor.py:186} INFO - Started process (PID=6561) to work on /opt/airflow/dags/snowchef_ELT.py
[2025-12-02T00:15:14.132+0000] {processor.py:914} INFO - Processing file /opt/airflow/dags/snowchef_ELT.py for tasks to queue
[2025-12-02T00:15:14.135+0000] {logging_mixin.py:190} INFO - [2025-12-02T00:15:14.135+0000] {dagbag.py:587} INFO - Filling up the DagBag from /opt/airflow/dags/snowchef_ELT.py
[2025-12-02T00:15:14.152+0000] {logging_mixin.py:190} INFO - [2025-12-02T00:15:14.152+0000] {base.py:84} INFO - Retrieving connection 'snowflake_conn'
[2025-12-02T00:15:14.158+0000] {processor.py:925} INFO - DAG(s) 'snowchef_ELT_Dag' retrieved from /opt/airflow/dags/snowchef_ELT.py
[2025-12-02T00:15:14.170+0000] {logging_mixin.py:190} INFO - [2025-12-02T00:15:14.170+0000] {dag.py:3229} INFO - Sync 1 DAGs
[2025-12-02T00:15:14.178+0000] {logging_mixin.py:190} INFO - [2025-12-02T00:15:14.178+0000] {dag.py:4156} INFO - Setting next_dagrun for snowchef_ELT_Dag to None, run_after=None
[2025-12-02T00:15:14.186+0000] {processor.py:208} INFO - Processing /opt/airflow/dags/snowchef_ELT.py took 0.064 seconds
[2025-12-02T00:15:44.639+0000] {processor.py:186} INFO - Started process (PID=6579) to work on /opt/airflow/dags/snowchef_ELT.py
[2025-12-02T00:15:44.645+0000] {processor.py:914} INFO - Processing file /opt/airflow/dags/snowchef_ELT.py for tasks to queue
[2025-12-02T00:15:44.660+0000] {logging_mixin.py:190} INFO - [2025-12-02T00:15:44.659+0000] {dagbag.py:587} INFO - Filling up the DagBag from /opt/airflow/dags/snowchef_ELT.py
[2025-12-02T00:15:44.696+0000] {logging_mixin.py:190} INFO - [2025-12-02T00:15:44.696+0000] {base.py:84} INFO - Retrieving connection 'snowflake_conn'
[2025-12-02T00:15:44.707+0000] {processor.py:925} INFO - DAG(s) 'snowchef_ELT_Dag' retrieved from /opt/airflow/dags/snowchef_ELT.py
[2025-12-02T00:15:44.724+0000] {logging_mixin.py:190} INFO - [2025-12-02T00:15:44.724+0000] {dag.py:3229} INFO - Sync 1 DAGs
[2025-12-02T00:15:44.737+0000] {logging_mixin.py:190} INFO - [2025-12-02T00:15:44.737+0000] {dag.py:4156} INFO - Setting next_dagrun for snowchef_ELT_Dag to None, run_after=None
[2025-12-02T00:15:44.750+0000] {processor.py:208} INFO - Processing /opt/airflow/dags/snowchef_ELT.py took 0.128 seconds
[2025-12-02T00:16:15.203+0000] {processor.py:186} INFO - Started process (PID=6598) to work on /opt/airflow/dags/snowchef_ELT.py
[2025-12-02T00:16:15.205+0000] {processor.py:914} INFO - Processing file /opt/airflow/dags/snowchef_ELT.py for tasks to queue
[2025-12-02T00:16:15.209+0000] {logging_mixin.py:190} INFO - [2025-12-02T00:16:15.208+0000] {dagbag.py:587} INFO - Filling up the DagBag from /opt/airflow/dags/snowchef_ELT.py
[2025-12-02T00:16:15.244+0000] {logging_mixin.py:190} INFO - [2025-12-02T00:16:15.244+0000] {base.py:84} INFO - Retrieving connection 'snowflake_conn'
[2025-12-02T00:16:15.253+0000] {processor.py:925} INFO - DAG(s) 'snowchef_ELT_Dag' retrieved from /opt/airflow/dags/snowchef_ELT.py
[2025-12-02T00:16:15.266+0000] {logging_mixin.py:190} INFO - [2025-12-02T00:16:15.266+0000] {dag.py:3229} INFO - Sync 1 DAGs
[2025-12-02T00:16:15.277+0000] {logging_mixin.py:190} INFO - [2025-12-02T00:16:15.277+0000] {dag.py:4156} INFO - Setting next_dagrun for snowchef_ELT_Dag to None, run_after=None
[2025-12-02T00:16:15.294+0000] {processor.py:208} INFO - Processing /opt/airflow/dags/snowchef_ELT.py took 0.099 seconds
[2025-12-02T00:16:45.708+0000] {processor.py:186} INFO - Started process (PID=6614) to work on /opt/airflow/dags/snowchef_ELT.py
[2025-12-02T00:16:45.709+0000] {processor.py:914} INFO - Processing file /opt/airflow/dags/snowchef_ELT.py for tasks to queue
[2025-12-02T00:16:45.713+0000] {logging_mixin.py:190} INFO - [2025-12-02T00:16:45.712+0000] {dagbag.py:587} INFO - Filling up the DagBag from /opt/airflow/dags/snowchef_ELT.py
[2025-12-02T00:16:45.730+0000] {logging_mixin.py:190} INFO - [2025-12-02T00:16:45.730+0000] {base.py:84} INFO - Retrieving connection 'snowflake_conn'
[2025-12-02T00:16:45.737+0000] {processor.py:925} INFO - DAG(s) 'snowchef_ELT_Dag' retrieved from /opt/airflow/dags/snowchef_ELT.py
[2025-12-02T00:16:45.749+0000] {logging_mixin.py:190} INFO - [2025-12-02T00:16:45.749+0000] {dag.py:3229} INFO - Sync 1 DAGs
[2025-12-02T00:16:45.758+0000] {logging_mixin.py:190} INFO - [2025-12-02T00:16:45.758+0000] {dag.py:4156} INFO - Setting next_dagrun for snowchef_ELT_Dag to None, run_after=None
[2025-12-02T00:16:45.768+0000] {processor.py:208} INFO - Processing /opt/airflow/dags/snowchef_ELT.py took 0.068 seconds
[2025-12-02T00:17:16.190+0000] {processor.py:186} INFO - Started process (PID=6630) to work on /opt/airflow/dags/snowchef_ELT.py
[2025-12-02T00:17:16.191+0000] {processor.py:914} INFO - Processing file /opt/airflow/dags/snowchef_ELT.py for tasks to queue
[2025-12-02T00:17:16.195+0000] {logging_mixin.py:190} INFO - [2025-12-02T00:17:16.195+0000] {dagbag.py:587} INFO - Filling up the DagBag from /opt/airflow/dags/snowchef_ELT.py
[2025-12-02T00:17:16.213+0000] {logging_mixin.py:190} INFO - [2025-12-02T00:17:16.213+0000] {base.py:84} INFO - Retrieving connection 'snowflake_conn'
[2025-12-02T00:17:16.220+0000] {processor.py:925} INFO - DAG(s) 'snowchef_ELT_Dag' retrieved from /opt/airflow/dags/snowchef_ELT.py
[2025-12-02T00:17:16.232+0000] {logging_mixin.py:190} INFO - [2025-12-02T00:17:16.231+0000] {dag.py:3229} INFO - Sync 1 DAGs
[2025-12-02T00:17:16.245+0000] {logging_mixin.py:190} INFO - [2025-12-02T00:17:16.245+0000] {dag.py:4156} INFO - Setting next_dagrun for snowchef_ELT_Dag to None, run_after=None
[2025-12-02T00:17:16.261+0000] {processor.py:208} INFO - Processing /opt/airflow/dags/snowchef_ELT.py took 0.079 seconds
[2025-12-02T00:17:46.704+0000] {processor.py:186} INFO - Started process (PID=6646) to work on /opt/airflow/dags/snowchef_ELT.py
[2025-12-02T00:17:46.705+0000] {processor.py:914} INFO - Processing file /opt/airflow/dags/snowchef_ELT.py for tasks to queue
[2025-12-02T00:17:46.708+0000] {logging_mixin.py:190} INFO - [2025-12-02T00:17:46.708+0000] {dagbag.py:587} INFO - Filling up the DagBag from /opt/airflow/dags/snowchef_ELT.py
[2025-12-02T00:17:46.726+0000] {logging_mixin.py:190} INFO - [2025-12-02T00:17:46.725+0000] {base.py:84} INFO - Retrieving connection 'snowflake_conn'
[2025-12-02T00:17:46.732+0000] {processor.py:925} INFO - DAG(s) 'snowchef_ELT_Dag' retrieved from /opt/airflow/dags/snowchef_ELT.py
[2025-12-02T00:17:46.744+0000] {logging_mixin.py:190} INFO - [2025-12-02T00:17:46.744+0000] {dag.py:3229} INFO - Sync 1 DAGs
[2025-12-02T00:17:46.761+0000] {logging_mixin.py:190} INFO - [2025-12-02T00:17:46.761+0000] {dag.py:4156} INFO - Setting next_dagrun for snowchef_ELT_Dag to None, run_after=None
[2025-12-02T00:17:46.771+0000] {processor.py:208} INFO - Processing /opt/airflow/dags/snowchef_ELT.py took 0.082 seconds
[2025-12-02T00:18:17.175+0000] {processor.py:186} INFO - Started process (PID=6662) to work on /opt/airflow/dags/snowchef_ELT.py
[2025-12-02T00:18:17.177+0000] {processor.py:914} INFO - Processing file /opt/airflow/dags/snowchef_ELT.py for tasks to queue
[2025-12-02T00:18:17.180+0000] {logging_mixin.py:190} INFO - [2025-12-02T00:18:17.180+0000] {dagbag.py:587} INFO - Filling up the DagBag from /opt/airflow/dags/snowchef_ELT.py
[2025-12-02T00:18:17.209+0000] {logging_mixin.py:190} INFO - [2025-12-02T00:18:17.209+0000] {base.py:84} INFO - Retrieving connection 'snowflake_conn'
[2025-12-02T00:18:17.216+0000] {processor.py:925} INFO - DAG(s) 'snowchef_ELT_Dag' retrieved from /opt/airflow/dags/snowchef_ELT.py
[2025-12-02T00:18:17.231+0000] {logging_mixin.py:190} INFO - [2025-12-02T00:18:17.231+0000] {dag.py:3229} INFO - Sync 1 DAGs
[2025-12-02T00:18:17.239+0000] {logging_mixin.py:190} INFO - [2025-12-02T00:18:17.238+0000] {dag.py:4156} INFO - Setting next_dagrun for snowchef_ELT_Dag to None, run_after=None
[2025-12-02T00:18:17.249+0000] {processor.py:208} INFO - Processing /opt/airflow/dags/snowchef_ELT.py took 0.080 seconds
[2025-12-02T00:18:47.591+0000] {processor.py:186} INFO - Started process (PID=6678) to work on /opt/airflow/dags/snowchef_ELT.py
[2025-12-02T00:18:47.592+0000] {processor.py:914} INFO - Processing file /opt/airflow/dags/snowchef_ELT.py for tasks to queue
[2025-12-02T00:18:47.596+0000] {logging_mixin.py:190} INFO - [2025-12-02T00:18:47.596+0000] {dagbag.py:587} INFO - Filling up the DagBag from /opt/airflow/dags/snowchef_ELT.py
[2025-12-02T00:18:47.624+0000] {logging_mixin.py:190} INFO - [2025-12-02T00:18:47.623+0000] {base.py:84} INFO - Retrieving connection 'snowflake_conn'
[2025-12-02T00:18:47.631+0000] {processor.py:925} INFO - DAG(s) 'snowchef_ELT_Dag' retrieved from /opt/airflow/dags/snowchef_ELT.py
[2025-12-02T00:18:47.644+0000] {logging_mixin.py:190} INFO - [2025-12-02T00:18:47.644+0000] {dag.py:3229} INFO - Sync 1 DAGs
[2025-12-02T00:18:47.653+0000] {logging_mixin.py:190} INFO - [2025-12-02T00:18:47.653+0000] {dag.py:4156} INFO - Setting next_dagrun for snowchef_ELT_Dag to None, run_after=None
[2025-12-02T00:18:47.665+0000] {processor.py:208} INFO - Processing /opt/airflow/dags/snowchef_ELT.py took 0.082 seconds
[2025-12-02T00:19:18.075+0000] {processor.py:186} INFO - Started process (PID=6694) to work on /opt/airflow/dags/snowchef_ELT.py
[2025-12-02T00:19:18.077+0000] {processor.py:914} INFO - Processing file /opt/airflow/dags/snowchef_ELT.py for tasks to queue
[2025-12-02T00:19:18.080+0000] {logging_mixin.py:190} INFO - [2025-12-02T00:19:18.080+0000] {dagbag.py:587} INFO - Filling up the DagBag from /opt/airflow/dags/snowchef_ELT.py
[2025-12-02T00:19:18.098+0000] {logging_mixin.py:190} INFO - [2025-12-02T00:19:18.097+0000] {base.py:84} INFO - Retrieving connection 'snowflake_conn'
[2025-12-02T00:19:18.104+0000] {processor.py:925} INFO - DAG(s) 'snowchef_ELT_Dag' retrieved from /opt/airflow/dags/snowchef_ELT.py
[2025-12-02T00:19:18.115+0000] {logging_mixin.py:190} INFO - [2025-12-02T00:19:18.115+0000] {dag.py:3229} INFO - Sync 1 DAGs
[2025-12-02T00:19:18.124+0000] {logging_mixin.py:190} INFO - [2025-12-02T00:19:18.124+0000] {dag.py:4156} INFO - Setting next_dagrun for snowchef_ELT_Dag to None, run_after=None
[2025-12-02T00:19:18.133+0000] {processor.py:208} INFO - Processing /opt/airflow/dags/snowchef_ELT.py took 0.067 seconds
[2025-12-02T00:19:48.596+0000] {processor.py:186} INFO - Started process (PID=6710) to work on /opt/airflow/dags/snowchef_ELT.py
[2025-12-02T00:19:48.599+0000] {processor.py:914} INFO - Processing file /opt/airflow/dags/snowchef_ELT.py for tasks to queue
[2025-12-02T00:19:48.603+0000] {logging_mixin.py:190} INFO - [2025-12-02T00:19:48.602+0000] {dagbag.py:587} INFO - Filling up the DagBag from /opt/airflow/dags/snowchef_ELT.py
[2025-12-02T00:19:48.639+0000] {logging_mixin.py:190} INFO - [2025-12-02T00:19:48.638+0000] {base.py:84} INFO - Retrieving connection 'snowflake_conn'
[2025-12-02T00:19:48.646+0000] {processor.py:925} INFO - DAG(s) 'snowchef_ELT_Dag' retrieved from /opt/airflow/dags/snowchef_ELT.py
[2025-12-02T00:19:48.662+0000] {logging_mixin.py:190} INFO - [2025-12-02T00:19:48.662+0000] {dag.py:3229} INFO - Sync 1 DAGs
[2025-12-02T00:19:48.673+0000] {logging_mixin.py:190} INFO - [2025-12-02T00:19:48.673+0000] {dag.py:4156} INFO - Setting next_dagrun for snowchef_ELT_Dag to None, run_after=None
[2025-12-02T00:19:48.685+0000] {processor.py:208} INFO - Processing /opt/airflow/dags/snowchef_ELT.py took 0.102 seconds
[2025-12-02T00:20:19.134+0000] {processor.py:186} INFO - Started process (PID=6726) to work on /opt/airflow/dags/snowchef_ELT.py
[2025-12-02T00:20:19.135+0000] {processor.py:914} INFO - Processing file /opt/airflow/dags/snowchef_ELT.py for tasks to queue
[2025-12-02T00:20:19.139+0000] {logging_mixin.py:190} INFO - [2025-12-02T00:20:19.138+0000] {dagbag.py:587} INFO - Filling up the DagBag from /opt/airflow/dags/snowchef_ELT.py
[2025-12-02T00:20:19.168+0000] {logging_mixin.py:190} INFO - [2025-12-02T00:20:19.168+0000] {base.py:84} INFO - Retrieving connection 'snowflake_conn'
[2025-12-02T00:20:19.179+0000] {processor.py:925} INFO - DAG(s) 'snowchef_ELT_Dag' retrieved from /opt/airflow/dags/snowchef_ELT.py
[2025-12-02T00:20:19.195+0000] {logging_mixin.py:190} INFO - [2025-12-02T00:20:19.195+0000] {dag.py:3229} INFO - Sync 1 DAGs
[2025-12-02T00:20:19.211+0000] {logging_mixin.py:190} INFO - [2025-12-02T00:20:19.211+0000] {dag.py:4156} INFO - Setting next_dagrun for snowchef_ELT_Dag to None, run_after=None
[2025-12-02T00:20:19.226+0000] {processor.py:208} INFO - Processing /opt/airflow/dags/snowchef_ELT.py took 0.101 seconds
[2025-12-02T00:20:49.626+0000] {processor.py:186} INFO - Started process (PID=6742) to work on /opt/airflow/dags/snowchef_ELT.py
[2025-12-02T00:20:49.635+0000] {processor.py:914} INFO - Processing file /opt/airflow/dags/snowchef_ELT.py for tasks to queue
[2025-12-02T00:20:49.639+0000] {logging_mixin.py:190} INFO - [2025-12-02T00:20:49.639+0000] {dagbag.py:587} INFO - Filling up the DagBag from /opt/airflow/dags/snowchef_ELT.py
[2025-12-02T00:20:49.664+0000] {logging_mixin.py:190} INFO - [2025-12-02T00:20:49.664+0000] {base.py:84} INFO - Retrieving connection 'snowflake_conn'
[2025-12-02T00:20:49.678+0000] {processor.py:925} INFO - DAG(s) 'snowchef_ELT_Dag' retrieved from /opt/airflow/dags/snowchef_ELT.py
[2025-12-02T00:20:49.691+0000] {logging_mixin.py:190} INFO - [2025-12-02T00:20:49.691+0000] {dag.py:3229} INFO - Sync 1 DAGs
[2025-12-02T00:20:49.701+0000] {logging_mixin.py:190} INFO - [2025-12-02T00:20:49.701+0000] {dag.py:4156} INFO - Setting next_dagrun for snowchef_ELT_Dag to None, run_after=None
[2025-12-02T00:20:49.715+0000] {processor.py:208} INFO - Processing /opt/airflow/dags/snowchef_ELT.py took 0.107 seconds
[2025-12-02T00:21:20.134+0000] {processor.py:186} INFO - Started process (PID=6758) to work on /opt/airflow/dags/snowchef_ELT.py
[2025-12-02T00:21:20.135+0000] {processor.py:914} INFO - Processing file /opt/airflow/dags/snowchef_ELT.py for tasks to queue
[2025-12-02T00:21:20.139+0000] {logging_mixin.py:190} INFO - [2025-12-02T00:21:20.138+0000] {dagbag.py:587} INFO - Filling up the DagBag from /opt/airflow/dags/snowchef_ELT.py
[2025-12-02T00:21:20.167+0000] {logging_mixin.py:190} INFO - [2025-12-02T00:21:20.166+0000] {base.py:84} INFO - Retrieving connection 'snowflake_conn'
[2025-12-02T00:21:20.178+0000] {processor.py:925} INFO - DAG(s) 'snowchef_ELT_Dag' retrieved from /opt/airflow/dags/snowchef_ELT.py
[2025-12-02T00:21:20.200+0000] {logging_mixin.py:190} INFO - [2025-12-02T00:21:20.200+0000] {dag.py:3229} INFO - Sync 1 DAGs
[2025-12-02T00:21:20.210+0000] {logging_mixin.py:190} INFO - [2025-12-02T00:21:20.210+0000] {dag.py:4156} INFO - Setting next_dagrun for snowchef_ELT_Dag to None, run_after=None
[2025-12-02T00:21:20.222+0000] {processor.py:208} INFO - Processing /opt/airflow/dags/snowchef_ELT.py took 0.096 seconds
[2025-12-02T00:21:50.629+0000] {processor.py:186} INFO - Started process (PID=6774) to work on /opt/airflow/dags/snowchef_ELT.py
[2025-12-02T00:21:50.631+0000] {processor.py:914} INFO - Processing file /opt/airflow/dags/snowchef_ELT.py for tasks to queue
[2025-12-02T00:21:50.635+0000] {logging_mixin.py:190} INFO - [2025-12-02T00:21:50.634+0000] {dagbag.py:587} INFO - Filling up the DagBag from /opt/airflow/dags/snowchef_ELT.py
[2025-12-02T00:21:50.666+0000] {logging_mixin.py:190} INFO - [2025-12-02T00:21:50.666+0000] {base.py:84} INFO - Retrieving connection 'snowflake_conn'
[2025-12-02T00:21:50.673+0000] {processor.py:925} INFO - DAG(s) 'snowchef_ELT_Dag' retrieved from /opt/airflow/dags/snowchef_ELT.py
[2025-12-02T00:21:50.684+0000] {logging_mixin.py:190} INFO - [2025-12-02T00:21:50.684+0000] {dag.py:3229} INFO - Sync 1 DAGs
[2025-12-02T00:21:50.692+0000] {logging_mixin.py:190} INFO - [2025-12-02T00:21:50.692+0000] {dag.py:4156} INFO - Setting next_dagrun for snowchef_ELT_Dag to None, run_after=None
[2025-12-02T00:21:50.701+0000] {processor.py:208} INFO - Processing /opt/airflow/dags/snowchef_ELT.py took 0.080 seconds
[2025-12-02T00:22:21.098+0000] {processor.py:186} INFO - Started process (PID=6790) to work on /opt/airflow/dags/snowchef_ELT.py
[2025-12-02T00:22:21.101+0000] {processor.py:914} INFO - Processing file /opt/airflow/dags/snowchef_ELT.py for tasks to queue
[2025-12-02T00:22:21.104+0000] {logging_mixin.py:190} INFO - [2025-12-02T00:22:21.104+0000] {dagbag.py:587} INFO - Filling up the DagBag from /opt/airflow/dags/snowchef_ELT.py
[2025-12-02T00:22:21.122+0000] {logging_mixin.py:190} INFO - [2025-12-02T00:22:21.122+0000] {base.py:84} INFO - Retrieving connection 'snowflake_conn'
[2025-12-02T00:22:21.132+0000] {processor.py:925} INFO - DAG(s) 'snowchef_ELT_Dag' retrieved from /opt/airflow/dags/snowchef_ELT.py
[2025-12-02T00:22:21.159+0000] {logging_mixin.py:190} INFO - [2025-12-02T00:22:21.159+0000] {dag.py:3229} INFO - Sync 1 DAGs
[2025-12-02T00:22:21.171+0000] {logging_mixin.py:190} INFO - [2025-12-02T00:22:21.171+0000] {dag.py:4156} INFO - Setting next_dagrun for snowchef_ELT_Dag to None, run_after=None
[2025-12-02T00:22:21.183+0000] {processor.py:208} INFO - Processing /opt/airflow/dags/snowchef_ELT.py took 0.093 seconds
[2025-12-02T00:22:51.563+0000] {processor.py:186} INFO - Started process (PID=6806) to work on /opt/airflow/dags/snowchef_ELT.py
[2025-12-02T00:22:51.564+0000] {processor.py:914} INFO - Processing file /opt/airflow/dags/snowchef_ELT.py for tasks to queue
[2025-12-02T00:22:51.569+0000] {logging_mixin.py:190} INFO - [2025-12-02T00:22:51.568+0000] {dagbag.py:587} INFO - Filling up the DagBag from /opt/airflow/dags/snowchef_ELT.py
[2025-12-02T00:22:51.587+0000] {logging_mixin.py:190} INFO - [2025-12-02T00:22:51.587+0000] {base.py:84} INFO - Retrieving connection 'snowflake_conn'
[2025-12-02T00:22:51.593+0000] {processor.py:925} INFO - DAG(s) 'snowchef_ELT_Dag' retrieved from /opt/airflow/dags/snowchef_ELT.py
[2025-12-02T00:22:51.607+0000] {logging_mixin.py:190} INFO - [2025-12-02T00:22:51.607+0000] {dag.py:3229} INFO - Sync 1 DAGs
[2025-12-02T00:22:51.623+0000] {logging_mixin.py:190} INFO - [2025-12-02T00:22:51.623+0000] {dag.py:4156} INFO - Setting next_dagrun for snowchef_ELT_Dag to None, run_after=None
[2025-12-02T00:22:51.637+0000] {processor.py:208} INFO - Processing /opt/airflow/dags/snowchef_ELT.py took 0.092 seconds
[2025-12-02T00:23:22.067+0000] {processor.py:186} INFO - Started process (PID=6822) to work on /opt/airflow/dags/snowchef_ELT.py
[2025-12-02T00:23:22.069+0000] {processor.py:914} INFO - Processing file /opt/airflow/dags/snowchef_ELT.py for tasks to queue
[2025-12-02T00:23:22.073+0000] {logging_mixin.py:190} INFO - [2025-12-02T00:23:22.073+0000] {dagbag.py:587} INFO - Filling up the DagBag from /opt/airflow/dags/snowchef_ELT.py
[2025-12-02T00:23:22.091+0000] {logging_mixin.py:190} INFO - [2025-12-02T00:23:22.091+0000] {base.py:84} INFO - Retrieving connection 'snowflake_conn'
[2025-12-02T00:23:22.109+0000] {processor.py:925} INFO - DAG(s) 'snowchef_ELT_Dag' retrieved from /opt/airflow/dags/snowchef_ELT.py
[2025-12-02T00:23:22.125+0000] {logging_mixin.py:190} INFO - [2025-12-02T00:23:22.125+0000] {dag.py:3229} INFO - Sync 1 DAGs
[2025-12-02T00:23:22.135+0000] {logging_mixin.py:190} INFO - [2025-12-02T00:23:22.135+0000] {dag.py:4156} INFO - Setting next_dagrun for snowchef_ELT_Dag to None, run_after=None
[2025-12-02T00:23:22.147+0000] {processor.py:208} INFO - Processing /opt/airflow/dags/snowchef_ELT.py took 0.090 seconds
[2025-12-02T00:23:52.598+0000] {processor.py:186} INFO - Started process (PID=6838) to work on /opt/airflow/dags/snowchef_ELT.py
[2025-12-02T00:23:52.599+0000] {processor.py:914} INFO - Processing file /opt/airflow/dags/snowchef_ELT.py for tasks to queue
[2025-12-02T00:23:52.603+0000] {logging_mixin.py:190} INFO - [2025-12-02T00:23:52.603+0000] {dagbag.py:587} INFO - Filling up the DagBag from /opt/airflow/dags/snowchef_ELT.py
[2025-12-02T00:23:52.620+0000] {logging_mixin.py:190} INFO - [2025-12-02T00:23:52.620+0000] {base.py:84} INFO - Retrieving connection 'snowflake_conn'
[2025-12-02T00:23:52.627+0000] {processor.py:925} INFO - DAG(s) 'snowchef_ELT_Dag' retrieved from /opt/airflow/dags/snowchef_ELT.py
[2025-12-02T00:23:52.639+0000] {logging_mixin.py:190} INFO - [2025-12-02T00:23:52.639+0000] {dag.py:3229} INFO - Sync 1 DAGs
[2025-12-02T00:23:52.647+0000] {logging_mixin.py:190} INFO - [2025-12-02T00:23:52.647+0000] {dag.py:4156} INFO - Setting next_dagrun for snowchef_ELT_Dag to None, run_after=None
[2025-12-02T00:23:52.659+0000] {processor.py:208} INFO - Processing /opt/airflow/dags/snowchef_ELT.py took 0.072 seconds
[2025-12-02T00:24:23.029+0000] {processor.py:186} INFO - Started process (PID=6854) to work on /opt/airflow/dags/snowchef_ELT.py
[2025-12-02T00:24:23.031+0000] {processor.py:914} INFO - Processing file /opt/airflow/dags/snowchef_ELT.py for tasks to queue
[2025-12-02T00:24:23.034+0000] {logging_mixin.py:190} INFO - [2025-12-02T00:24:23.034+0000] {dagbag.py:587} INFO - Filling up the DagBag from /opt/airflow/dags/snowchef_ELT.py
[2025-12-02T00:24:23.054+0000] {logging_mixin.py:190} INFO - [2025-12-02T00:24:23.053+0000] {base.py:84} INFO - Retrieving connection 'snowflake_conn'
[2025-12-02T00:24:23.067+0000] {processor.py:925} INFO - DAG(s) 'snowchef_ELT_Dag' retrieved from /opt/airflow/dags/snowchef_ELT.py
[2025-12-02T00:24:23.083+0000] {logging_mixin.py:190} INFO - [2025-12-02T00:24:23.083+0000] {dag.py:3229} INFO - Sync 1 DAGs
[2025-12-02T00:24:23.091+0000] {logging_mixin.py:190} INFO - [2025-12-02T00:24:23.091+0000] {dag.py:4156} INFO - Setting next_dagrun for snowchef_ELT_Dag to None, run_after=None
[2025-12-02T00:24:23.103+0000] {processor.py:208} INFO - Processing /opt/airflow/dags/snowchef_ELT.py took 0.081 seconds
[2025-12-02T00:24:53.567+0000] {processor.py:186} INFO - Started process (PID=6870) to work on /opt/airflow/dags/snowchef_ELT.py
[2025-12-02T00:24:53.569+0000] {processor.py:914} INFO - Processing file /opt/airflow/dags/snowchef_ELT.py for tasks to queue
[2025-12-02T00:24:53.577+0000] {logging_mixin.py:190} INFO - [2025-12-02T00:24:53.576+0000] {dagbag.py:587} INFO - Filling up the DagBag from /opt/airflow/dags/snowchef_ELT.py
[2025-12-02T00:24:53.599+0000] {logging_mixin.py:190} INFO - [2025-12-02T00:24:53.599+0000] {base.py:84} INFO - Retrieving connection 'snowflake_conn'
[2025-12-02T00:24:53.606+0000] {processor.py:925} INFO - DAG(s) 'snowchef_ELT_Dag' retrieved from /opt/airflow/dags/snowchef_ELT.py
[2025-12-02T00:24:53.619+0000] {logging_mixin.py:190} INFO - [2025-12-02T00:24:53.619+0000] {dag.py:3229} INFO - Sync 1 DAGs
[2025-12-02T00:24:53.628+0000] {logging_mixin.py:190} INFO - [2025-12-02T00:24:53.628+0000] {dag.py:4156} INFO - Setting next_dagrun for snowchef_ELT_Dag to None, run_after=None
[2025-12-02T00:24:53.640+0000] {processor.py:208} INFO - Processing /opt/airflow/dags/snowchef_ELT.py took 0.092 seconds
[2025-12-02T00:25:23.949+0000] {processor.py:186} INFO - Started process (PID=6886) to work on /opt/airflow/dags/snowchef_ELT.py
[2025-12-02T00:25:23.952+0000] {processor.py:914} INFO - Processing file /opt/airflow/dags/snowchef_ELT.py for tasks to queue
[2025-12-02T00:25:23.958+0000] {logging_mixin.py:190} INFO - [2025-12-02T00:25:23.958+0000] {dagbag.py:587} INFO - Filling up the DagBag from /opt/airflow/dags/snowchef_ELT.py
[2025-12-02T00:25:23.982+0000] {logging_mixin.py:190} INFO - [2025-12-02T00:25:23.981+0000] {base.py:84} INFO - Retrieving connection 'snowflake_conn'
[2025-12-02T00:25:23.987+0000] {processor.py:925} INFO - DAG(s) 'snowchef_ELT_Dag' retrieved from /opt/airflow/dags/snowchef_ELT.py
[2025-12-02T00:25:24.000+0000] {logging_mixin.py:190} INFO - [2025-12-02T00:25:24.000+0000] {dag.py:3229} INFO - Sync 1 DAGs
[2025-12-02T00:25:24.008+0000] {logging_mixin.py:190} INFO - [2025-12-02T00:25:24.008+0000] {dag.py:4156} INFO - Setting next_dagrun for snowchef_ELT_Dag to None, run_after=None
[2025-12-02T00:25:24.018+0000] {processor.py:208} INFO - Processing /opt/airflow/dags/snowchef_ELT.py took 0.083 seconds
[2025-12-02T00:25:54.495+0000] {processor.py:186} INFO - Started process (PID=6902) to work on /opt/airflow/dags/snowchef_ELT.py
[2025-12-02T00:25:54.497+0000] {processor.py:914} INFO - Processing file /opt/airflow/dags/snowchef_ELT.py for tasks to queue
[2025-12-02T00:25:54.501+0000] {logging_mixin.py:190} INFO - [2025-12-02T00:25:54.501+0000] {dagbag.py:587} INFO - Filling up the DagBag from /opt/airflow/dags/snowchef_ELT.py
[2025-12-02T00:25:54.530+0000] {logging_mixin.py:190} INFO - [2025-12-02T00:25:54.530+0000] {base.py:84} INFO - Retrieving connection 'snowflake_conn'
[2025-12-02T00:25:54.539+0000] {processor.py:925} INFO - DAG(s) 'snowchef_ELT_Dag' retrieved from /opt/airflow/dags/snowchef_ELT.py
[2025-12-02T00:25:54.554+0000] {logging_mixin.py:190} INFO - [2025-12-02T00:25:54.554+0000] {dag.py:3229} INFO - Sync 1 DAGs
[2025-12-02T00:25:54.566+0000] {logging_mixin.py:190} INFO - [2025-12-02T00:25:54.565+0000] {dag.py:4156} INFO - Setting next_dagrun for snowchef_ELT_Dag to None, run_after=None
[2025-12-02T00:25:54.581+0000] {processor.py:208} INFO - Processing /opt/airflow/dags/snowchef_ELT.py took 0.101 seconds
[2025-12-02T00:26:24.887+0000] {processor.py:186} INFO - Started process (PID=6918) to work on /opt/airflow/dags/snowchef_ELT.py
[2025-12-02T00:26:24.891+0000] {processor.py:914} INFO - Processing file /opt/airflow/dags/snowchef_ELT.py for tasks to queue
[2025-12-02T00:26:24.907+0000] {logging_mixin.py:190} INFO - [2025-12-02T00:26:24.906+0000] {dagbag.py:587} INFO - Filling up the DagBag from /opt/airflow/dags/snowchef_ELT.py
[2025-12-02T00:26:24.933+0000] {logging_mixin.py:190} INFO - [2025-12-02T00:26:24.932+0000] {base.py:84} INFO - Retrieving connection 'snowflake_conn'
[2025-12-02T00:26:24.941+0000] {processor.py:925} INFO - DAG(s) 'snowchef_ELT_Dag' retrieved from /opt/airflow/dags/snowchef_ELT.py
[2025-12-02T00:26:24.968+0000] {logging_mixin.py:190} INFO - [2025-12-02T00:26:24.968+0000] {dag.py:3229} INFO - Sync 1 DAGs
[2025-12-02T00:26:24.981+0000] {logging_mixin.py:190} INFO - [2025-12-02T00:26:24.981+0000] {dag.py:4156} INFO - Setting next_dagrun for snowchef_ELT_Dag to None, run_after=None
[2025-12-02T00:26:24.993+0000] {processor.py:208} INFO - Processing /opt/airflow/dags/snowchef_ELT.py took 0.115 seconds
[2025-12-02T00:26:55.445+0000] {processor.py:186} INFO - Started process (PID=6934) to work on /opt/airflow/dags/snowchef_ELT.py
[2025-12-02T00:26:55.449+0000] {processor.py:914} INFO - Processing file /opt/airflow/dags/snowchef_ELT.py for tasks to queue
[2025-12-02T00:26:55.456+0000] {logging_mixin.py:190} INFO - [2025-12-02T00:26:55.456+0000] {dagbag.py:587} INFO - Filling up the DagBag from /opt/airflow/dags/snowchef_ELT.py
[2025-12-02T00:26:55.476+0000] {logging_mixin.py:190} INFO - [2025-12-02T00:26:55.476+0000] {base.py:84} INFO - Retrieving connection 'snowflake_conn'
[2025-12-02T00:26:55.482+0000] {processor.py:925} INFO - DAG(s) 'snowchef_ELT_Dag' retrieved from /opt/airflow/dags/snowchef_ELT.py
[2025-12-02T00:26:55.494+0000] {logging_mixin.py:190} INFO - [2025-12-02T00:26:55.494+0000] {dag.py:3229} INFO - Sync 1 DAGs
[2025-12-02T00:26:55.503+0000] {logging_mixin.py:190} INFO - [2025-12-02T00:26:55.503+0000] {dag.py:4156} INFO - Setting next_dagrun for snowchef_ELT_Dag to None, run_after=None
[2025-12-02T00:26:55.516+0000] {processor.py:208} INFO - Processing /opt/airflow/dags/snowchef_ELT.py took 0.086 seconds
[2025-12-02T00:27:25.921+0000] {processor.py:186} INFO - Started process (PID=6950) to work on /opt/airflow/dags/snowchef_ELT.py
[2025-12-02T00:27:25.926+0000] {processor.py:914} INFO - Processing file /opt/airflow/dags/snowchef_ELT.py for tasks to queue
[2025-12-02T00:27:25.944+0000] {logging_mixin.py:190} INFO - [2025-12-02T00:27:25.936+0000] {dagbag.py:587} INFO - Filling up the DagBag from /opt/airflow/dags/snowchef_ELT.py
[2025-12-02T00:27:25.973+0000] {logging_mixin.py:190} INFO - [2025-12-02T00:27:25.973+0000] {base.py:84} INFO - Retrieving connection 'snowflake_conn'
[2025-12-02T00:27:25.981+0000] {processor.py:925} INFO - DAG(s) 'snowchef_ELT_Dag' retrieved from /opt/airflow/dags/snowchef_ELT.py
[2025-12-02T00:27:25.996+0000] {logging_mixin.py:190} INFO - [2025-12-02T00:27:25.995+0000] {dag.py:3229} INFO - Sync 1 DAGs
[2025-12-02T00:27:26.017+0000] {logging_mixin.py:190} INFO - [2025-12-02T00:27:26.017+0000] {dag.py:4156} INFO - Setting next_dagrun for snowchef_ELT_Dag to None, run_after=None
[2025-12-02T00:27:26.033+0000] {processor.py:208} INFO - Processing /opt/airflow/dags/snowchef_ELT.py took 0.124 seconds
[2025-12-02T00:27:56.527+0000] {processor.py:186} INFO - Started process (PID=6966) to work on /opt/airflow/dags/snowchef_ELT.py
[2025-12-02T00:27:56.530+0000] {processor.py:914} INFO - Processing file /opt/airflow/dags/snowchef_ELT.py for tasks to queue
[2025-12-02T00:27:56.543+0000] {logging_mixin.py:190} INFO - [2025-12-02T00:27:56.542+0000] {dagbag.py:587} INFO - Filling up the DagBag from /opt/airflow/dags/snowchef_ELT.py
[2025-12-02T00:27:56.570+0000] {logging_mixin.py:190} INFO - [2025-12-02T00:27:56.570+0000] {base.py:84} INFO - Retrieving connection 'snowflake_conn'
[2025-12-02T00:27:56.594+0000] {processor.py:925} INFO - DAG(s) 'snowchef_ELT_Dag' retrieved from /opt/airflow/dags/snowchef_ELT.py
[2025-12-02T00:27:56.628+0000] {logging_mixin.py:190} INFO - [2025-12-02T00:27:56.628+0000] {dag.py:3229} INFO - Sync 1 DAGs
[2025-12-02T00:27:56.648+0000] {logging_mixin.py:190} INFO - [2025-12-02T00:27:56.648+0000] {dag.py:4156} INFO - Setting next_dagrun for snowchef_ELT_Dag to None, run_after=None
[2025-12-02T00:27:56.661+0000] {processor.py:208} INFO - Processing /opt/airflow/dags/snowchef_ELT.py took 0.148 seconds
[2025-12-02T00:28:27.096+0000] {processor.py:186} INFO - Started process (PID=6982) to work on /opt/airflow/dags/snowchef_ELT.py
[2025-12-02T00:28:27.100+0000] {processor.py:914} INFO - Processing file /opt/airflow/dags/snowchef_ELT.py for tasks to queue
[2025-12-02T00:28:27.106+0000] {logging_mixin.py:190} INFO - [2025-12-02T00:28:27.105+0000] {dagbag.py:587} INFO - Filling up the DagBag from /opt/airflow/dags/snowchef_ELT.py
[2025-12-02T00:28:27.129+0000] {logging_mixin.py:190} INFO - [2025-12-02T00:28:27.129+0000] {base.py:84} INFO - Retrieving connection 'snowflake_conn'
[2025-12-02T00:28:27.146+0000] {processor.py:925} INFO - DAG(s) 'snowchef_ELT_Dag' retrieved from /opt/airflow/dags/snowchef_ELT.py
[2025-12-02T00:28:27.162+0000] {logging_mixin.py:190} INFO - [2025-12-02T00:28:27.162+0000] {dag.py:3229} INFO - Sync 1 DAGs
[2025-12-02T00:28:27.175+0000] {logging_mixin.py:190} INFO - [2025-12-02T00:28:27.175+0000] {dag.py:4156} INFO - Setting next_dagrun for snowchef_ELT_Dag to None, run_after=None
[2025-12-02T00:28:27.192+0000] {processor.py:208} INFO - Processing /opt/airflow/dags/snowchef_ELT.py took 0.118 seconds
[2025-12-02T00:28:57.606+0000] {processor.py:186} INFO - Started process (PID=6998) to work on /opt/airflow/dags/snowchef_ELT.py
[2025-12-02T00:28:57.609+0000] {processor.py:914} INFO - Processing file /opt/airflow/dags/snowchef_ELT.py for tasks to queue
[2025-12-02T00:28:57.613+0000] {logging_mixin.py:190} INFO - [2025-12-02T00:28:57.613+0000] {dagbag.py:587} INFO - Filling up the DagBag from /opt/airflow/dags/snowchef_ELT.py
[2025-12-02T00:28:57.643+0000] {logging_mixin.py:190} INFO - [2025-12-02T00:28:57.642+0000] {base.py:84} INFO - Retrieving connection 'snowflake_conn'
[2025-12-02T00:28:57.653+0000] {processor.py:925} INFO - DAG(s) 'snowchef_ELT_Dag' retrieved from /opt/airflow/dags/snowchef_ELT.py
[2025-12-02T00:28:57.670+0000] {logging_mixin.py:190} INFO - [2025-12-02T00:28:57.670+0000] {dag.py:3229} INFO - Sync 1 DAGs
[2025-12-02T00:28:57.682+0000] {logging_mixin.py:190} INFO - [2025-12-02T00:28:57.682+0000] {dag.py:4156} INFO - Setting next_dagrun for snowchef_ELT_Dag to None, run_after=None
[2025-12-02T00:28:57.705+0000] {processor.py:208} INFO - Processing /opt/airflow/dags/snowchef_ELT.py took 0.109 seconds
[2025-12-02T00:29:28.125+0000] {processor.py:186} INFO - Started process (PID=7014) to work on /opt/airflow/dags/snowchef_ELT.py
[2025-12-02T00:29:28.135+0000] {processor.py:914} INFO - Processing file /opt/airflow/dags/snowchef_ELT.py for tasks to queue
[2025-12-02T00:29:28.150+0000] {logging_mixin.py:190} INFO - [2025-12-02T00:29:28.146+0000] {dagbag.py:587} INFO - Filling up the DagBag from /opt/airflow/dags/snowchef_ELT.py
[2025-12-02T00:29:28.179+0000] {logging_mixin.py:190} INFO - [2025-12-02T00:29:28.179+0000] {base.py:84} INFO - Retrieving connection 'snowflake_conn'
[2025-12-02T00:29:28.188+0000] {processor.py:925} INFO - DAG(s) 'snowchef_ELT_Dag' retrieved from /opt/airflow/dags/snowchef_ELT.py
[2025-12-02T00:29:28.213+0000] {logging_mixin.py:190} INFO - [2025-12-02T00:29:28.213+0000] {dag.py:3229} INFO - Sync 1 DAGs
[2025-12-02T00:29:28.226+0000] {logging_mixin.py:190} INFO - [2025-12-02T00:29:28.226+0000] {dag.py:4156} INFO - Setting next_dagrun for snowchef_ELT_Dag to None, run_after=None
[2025-12-02T00:29:28.239+0000] {processor.py:208} INFO - Processing /opt/airflow/dags/snowchef_ELT.py took 0.134 seconds
[2025-12-02T00:29:58.722+0000] {processor.py:186} INFO - Started process (PID=7030) to work on /opt/airflow/dags/snowchef_ELT.py
[2025-12-02T00:29:58.723+0000] {processor.py:914} INFO - Processing file /opt/airflow/dags/snowchef_ELT.py for tasks to queue
[2025-12-02T00:29:58.728+0000] {logging_mixin.py:190} INFO - [2025-12-02T00:29:58.727+0000] {dagbag.py:587} INFO - Filling up the DagBag from /opt/airflow/dags/snowchef_ELT.py
[2025-12-02T00:29:58.752+0000] {logging_mixin.py:190} INFO - [2025-12-02T00:29:58.751+0000] {base.py:84} INFO - Retrieving connection 'snowflake_conn'
[2025-12-02T00:29:58.777+0000] {processor.py:925} INFO - DAG(s) 'snowchef_ELT_Dag' retrieved from /opt/airflow/dags/snowchef_ELT.py
[2025-12-02T00:29:58.797+0000] {logging_mixin.py:190} INFO - [2025-12-02T00:29:58.797+0000] {dag.py:3229} INFO - Sync 1 DAGs
[2025-12-02T00:29:58.813+0000] {logging_mixin.py:190} INFO - [2025-12-02T00:29:58.813+0000] {dag.py:4156} INFO - Setting next_dagrun for snowchef_ELT_Dag to None, run_after=None
[2025-12-02T00:29:58.824+0000] {processor.py:208} INFO - Processing /opt/airflow/dags/snowchef_ELT.py took 0.132 seconds
[2025-12-02T00:30:29.291+0000] {processor.py:186} INFO - Started process (PID=7046) to work on /opt/airflow/dags/snowchef_ELT.py
[2025-12-02T00:30:29.293+0000] {processor.py:914} INFO - Processing file /opt/airflow/dags/snowchef_ELT.py for tasks to queue
[2025-12-02T00:30:29.299+0000] {logging_mixin.py:190} INFO - [2025-12-02T00:30:29.298+0000] {dagbag.py:587} INFO - Filling up the DagBag from /opt/airflow/dags/snowchef_ELT.py
[2025-12-02T00:30:29.322+0000] {logging_mixin.py:190} INFO - [2025-12-02T00:30:29.322+0000] {base.py:84} INFO - Retrieving connection 'snowflake_conn'
[2025-12-02T00:30:29.342+0000] {processor.py:925} INFO - DAG(s) 'snowchef_ELT_Dag' retrieved from /opt/airflow/dags/snowchef_ELT.py
[2025-12-02T00:30:29.357+0000] {logging_mixin.py:190} INFO - [2025-12-02T00:30:29.357+0000] {dag.py:3229} INFO - Sync 1 DAGs
[2025-12-02T00:30:29.369+0000] {logging_mixin.py:190} INFO - [2025-12-02T00:30:29.369+0000] {dag.py:4156} INFO - Setting next_dagrun for snowchef_ELT_Dag to None, run_after=None
[2025-12-02T00:30:29.383+0000] {processor.py:208} INFO - Processing /opt/airflow/dags/snowchef_ELT.py took 0.112 seconds
[2025-12-02T00:30:59.734+0000] {processor.py:186} INFO - Started process (PID=7062) to work on /opt/airflow/dags/snowchef_ELT.py
[2025-12-02T00:30:59.736+0000] {processor.py:914} INFO - Processing file /opt/airflow/dags/snowchef_ELT.py for tasks to queue
[2025-12-02T00:30:59.740+0000] {logging_mixin.py:190} INFO - [2025-12-02T00:30:59.740+0000] {dagbag.py:587} INFO - Filling up the DagBag from /opt/airflow/dags/snowchef_ELT.py
[2025-12-02T00:30:59.774+0000] {logging_mixin.py:190} INFO - [2025-12-02T00:30:59.774+0000] {base.py:84} INFO - Retrieving connection 'snowflake_conn'
[2025-12-02T00:30:59.783+0000] {processor.py:925} INFO - DAG(s) 'snowchef_ELT_Dag' retrieved from /opt/airflow/dags/snowchef_ELT.py
[2025-12-02T00:30:59.798+0000] {logging_mixin.py:190} INFO - [2025-12-02T00:30:59.798+0000] {dag.py:3229} INFO - Sync 1 DAGs
[2025-12-02T00:30:59.809+0000] {logging_mixin.py:190} INFO - [2025-12-02T00:30:59.809+0000] {dag.py:4156} INFO - Setting next_dagrun for snowchef_ELT_Dag to None, run_after=None
[2025-12-02T00:30:59.822+0000] {processor.py:208} INFO - Processing /opt/airflow/dags/snowchef_ELT.py took 0.099 seconds
[2025-12-02T00:31:30.299+0000] {processor.py:186} INFO - Started process (PID=7078) to work on /opt/airflow/dags/snowchef_ELT.py
[2025-12-02T00:31:30.303+0000] {processor.py:914} INFO - Processing file /opt/airflow/dags/snowchef_ELT.py for tasks to queue
[2025-12-02T00:31:30.308+0000] {logging_mixin.py:190} INFO - [2025-12-02T00:31:30.307+0000] {dagbag.py:587} INFO - Filling up the DagBag from /opt/airflow/dags/snowchef_ELT.py
[2025-12-02T00:31:30.348+0000] {logging_mixin.py:190} INFO - [2025-12-02T00:31:30.347+0000] {base.py:84} INFO - Retrieving connection 'snowflake_conn'
[2025-12-02T00:31:30.368+0000] {processor.py:925} INFO - DAG(s) 'snowchef_ELT_Dag' retrieved from /opt/airflow/dags/snowchef_ELT.py
[2025-12-02T00:31:30.387+0000] {logging_mixin.py:190} INFO - [2025-12-02T00:31:30.387+0000] {dag.py:3229} INFO - Sync 1 DAGs
[2025-12-02T00:31:30.401+0000] {logging_mixin.py:190} INFO - [2025-12-02T00:31:30.401+0000] {dag.py:4156} INFO - Setting next_dagrun for snowchef_ELT_Dag to None, run_after=None
[2025-12-02T00:31:30.418+0000] {processor.py:208} INFO - Processing /opt/airflow/dags/snowchef_ELT.py took 0.139 seconds
[2025-12-02T00:32:01.271+0000] {processor.py:186} INFO - Started process (PID=7094) to work on /opt/airflow/dags/snowchef_ELT.py
[2025-12-02T00:32:01.275+0000] {processor.py:914} INFO - Processing file /opt/airflow/dags/snowchef_ELT.py for tasks to queue
[2025-12-02T00:32:01.282+0000] {logging_mixin.py:190} INFO - [2025-12-02T00:32:01.281+0000] {dagbag.py:587} INFO - Filling up the DagBag from /opt/airflow/dags/snowchef_ELT.py
[2025-12-02T00:32:01.315+0000] {logging_mixin.py:190} INFO - [2025-12-02T00:32:01.315+0000] {base.py:84} INFO - Retrieving connection 'snowflake_conn'
[2025-12-02T00:32:01.328+0000] {processor.py:925} INFO - DAG(s) 'snowchef_ELT_Dag' retrieved from /opt/airflow/dags/snowchef_ELT.py
[2025-12-02T00:32:01.350+0000] {logging_mixin.py:190} INFO - [2025-12-02T00:32:01.350+0000] {dag.py:3229} INFO - Sync 1 DAGs
[2025-12-02T00:32:01.363+0000] {logging_mixin.py:190} INFO - [2025-12-02T00:32:01.363+0000] {dag.py:4156} INFO - Setting next_dagrun for snowchef_ELT_Dag to None, run_after=None
[2025-12-02T00:32:01.381+0000] {processor.py:208} INFO - Processing /opt/airflow/dags/snowchef_ELT.py took 0.128 seconds
[2025-12-02T00:32:31.852+0000] {processor.py:186} INFO - Started process (PID=7110) to work on /opt/airflow/dags/snowchef_ELT.py
[2025-12-02T00:32:31.854+0000] {processor.py:914} INFO - Processing file /opt/airflow/dags/snowchef_ELT.py for tasks to queue
[2025-12-02T00:32:31.859+0000] {logging_mixin.py:190} INFO - [2025-12-02T00:32:31.859+0000] {dagbag.py:587} INFO - Filling up the DagBag from /opt/airflow/dags/snowchef_ELT.py
[2025-12-02T00:32:31.881+0000] {logging_mixin.py:190} INFO - [2025-12-02T00:32:31.881+0000] {base.py:84} INFO - Retrieving connection 'snowflake_conn'
[2025-12-02T00:32:31.887+0000] {processor.py:925} INFO - DAG(s) 'snowchef_ELT_Dag' retrieved from /opt/airflow/dags/snowchef_ELT.py
[2025-12-02T00:32:31.899+0000] {logging_mixin.py:190} INFO - [2025-12-02T00:32:31.899+0000] {dag.py:3229} INFO - Sync 1 DAGs
[2025-12-02T00:32:31.913+0000] {logging_mixin.py:190} INFO - [2025-12-02T00:32:31.912+0000] {dag.py:4156} INFO - Setting next_dagrun for snowchef_ELT_Dag to None, run_after=None
[2025-12-02T00:32:31.926+0000] {processor.py:208} INFO - Processing /opt/airflow/dags/snowchef_ELT.py took 0.090 seconds
