[2025-12-02T00:00:29.195+0000] {processor.py:186} INFO - Started process (PID=6094) to work on /opt/airflow/dags/snowchef_ETL.py
[2025-12-02T00:00:29.197+0000] {processor.py:914} INFO - Processing file /opt/airflow/dags/snowchef_ETL.py for tasks to queue
[2025-12-02T00:00:29.200+0000] {logging_mixin.py:190} INFO - [2025-12-02T00:00:29.200+0000] {dagbag.py:587} INFO - Filling up the DagBag from /opt/airflow/dags/snowchef_ETL.py
[2025-12-02T00:00:29.230+0000] {processor.py:925} INFO - DAG(s) 'snowchef_ETL_Dag' retrieved from /opt/airflow/dags/snowchef_ETL.py
[2025-12-02T00:00:29.254+0000] {logging_mixin.py:190} INFO - [2025-12-02T00:00:29.253+0000] {dag.py:3229} INFO - Sync 1 DAGs
[2025-12-02T00:00:29.275+0000] {logging_mixin.py:190} INFO - [2025-12-02T00:00:29.275+0000] {dag.py:4156} INFO - Setting next_dagrun for snowchef_ETL_Dag to 2025-12-02 00:00:00+00:00, run_after=2025-12-03 00:00:00+00:00
[2025-12-02T00:00:29.284+0000] {processor.py:208} INFO - Processing /opt/airflow/dags/snowchef_ETL.py took 0.098 seconds
[2025-12-02T00:00:59.746+0000] {processor.py:186} INFO - Started process (PID=6110) to work on /opt/airflow/dags/snowchef_ETL.py
[2025-12-02T00:00:59.750+0000] {processor.py:914} INFO - Processing file /opt/airflow/dags/snowchef_ETL.py for tasks to queue
[2025-12-02T00:00:59.755+0000] {logging_mixin.py:190} INFO - [2025-12-02T00:00:59.755+0000] {dagbag.py:587} INFO - Filling up the DagBag from /opt/airflow/dags/snowchef_ETL.py
[2025-12-02T00:00:59.780+0000] {processor.py:925} INFO - DAG(s) 'snowchef_ETL_Dag' retrieved from /opt/airflow/dags/snowchef_ETL.py
[2025-12-02T00:00:59.792+0000] {logging_mixin.py:190} INFO - [2025-12-02T00:00:59.792+0000] {dag.py:3229} INFO - Sync 1 DAGs
[2025-12-02T00:00:59.816+0000] {logging_mixin.py:190} INFO - [2025-12-02T00:00:59.816+0000] {dag.py:4156} INFO - Setting next_dagrun for snowchef_ETL_Dag to 2025-12-02 00:00:00+00:00, run_after=2025-12-03 00:00:00+00:00
[2025-12-02T00:00:59.831+0000] {processor.py:208} INFO - Processing /opt/airflow/dags/snowchef_ETL.py took 0.099 seconds
[2025-12-02T00:01:30.325+0000] {processor.py:186} INFO - Started process (PID=6126) to work on /opt/airflow/dags/snowchef_ETL.py
[2025-12-02T00:01:30.328+0000] {processor.py:914} INFO - Processing file /opt/airflow/dags/snowchef_ETL.py for tasks to queue
[2025-12-02T00:01:30.339+0000] {logging_mixin.py:190} INFO - [2025-12-02T00:01:30.338+0000] {dagbag.py:587} INFO - Filling up the DagBag from /opt/airflow/dags/snowchef_ETL.py
[2025-12-02T00:01:30.367+0000] {processor.py:925} INFO - DAG(s) 'snowchef_ETL_Dag' retrieved from /opt/airflow/dags/snowchef_ETL.py
[2025-12-02T00:01:30.380+0000] {logging_mixin.py:190} INFO - [2025-12-02T00:01:30.379+0000] {dag.py:3229} INFO - Sync 1 DAGs
[2025-12-02T00:01:30.402+0000] {logging_mixin.py:190} INFO - [2025-12-02T00:01:30.402+0000] {dag.py:4156} INFO - Setting next_dagrun for snowchef_ETL_Dag to 2025-12-02 00:00:00+00:00, run_after=2025-12-03 00:00:00+00:00
[2025-12-02T00:01:30.412+0000] {processor.py:208} INFO - Processing /opt/airflow/dags/snowchef_ETL.py took 0.099 seconds
[2025-12-02T00:02:00.802+0000] {processor.py:186} INFO - Started process (PID=6142) to work on /opt/airflow/dags/snowchef_ETL.py
[2025-12-02T00:02:00.803+0000] {processor.py:914} INFO - Processing file /opt/airflow/dags/snowchef_ETL.py for tasks to queue
[2025-12-02T00:02:00.810+0000] {logging_mixin.py:190} INFO - [2025-12-02T00:02:00.809+0000] {dagbag.py:587} INFO - Filling up the DagBag from /opt/airflow/dags/snowchef_ETL.py
[2025-12-02T00:02:00.849+0000] {processor.py:925} INFO - DAG(s) 'snowchef_ETL_Dag' retrieved from /opt/airflow/dags/snowchef_ETL.py
[2025-12-02T00:02:00.862+0000] {logging_mixin.py:190} INFO - [2025-12-02T00:02:00.861+0000] {dag.py:3229} INFO - Sync 1 DAGs
[2025-12-02T00:02:00.876+0000] {logging_mixin.py:190} INFO - [2025-12-02T00:02:00.875+0000] {dag.py:4156} INFO - Setting next_dagrun for snowchef_ETL_Dag to 2025-12-02 00:00:00+00:00, run_after=2025-12-03 00:00:00+00:00
[2025-12-02T00:02:00.884+0000] {processor.py:208} INFO - Processing /opt/airflow/dags/snowchef_ETL.py took 0.094 seconds
[2025-12-02T00:02:31.217+0000] {processor.py:186} INFO - Started process (PID=6158) to work on /opt/airflow/dags/snowchef_ETL.py
[2025-12-02T00:02:31.218+0000] {processor.py:914} INFO - Processing file /opt/airflow/dags/snowchef_ETL.py for tasks to queue
[2025-12-02T00:02:31.222+0000] {logging_mixin.py:190} INFO - [2025-12-02T00:02:31.221+0000] {dagbag.py:587} INFO - Filling up the DagBag from /opt/airflow/dags/snowchef_ETL.py
[2025-12-02T00:02:31.250+0000] {processor.py:925} INFO - DAG(s) 'snowchef_ETL_Dag' retrieved from /opt/airflow/dags/snowchef_ETL.py
[2025-12-02T00:02:31.263+0000] {logging_mixin.py:190} INFO - [2025-12-02T00:02:31.263+0000] {dag.py:3229} INFO - Sync 1 DAGs
[2025-12-02T00:02:31.290+0000] {logging_mixin.py:190} INFO - [2025-12-02T00:02:31.289+0000] {dag.py:4156} INFO - Setting next_dagrun for snowchef_ETL_Dag to 2025-12-02 00:00:00+00:00, run_after=2025-12-03 00:00:00+00:00
[2025-12-02T00:02:31.299+0000] {processor.py:208} INFO - Processing /opt/airflow/dags/snowchef_ETL.py took 0.092 seconds
[2025-12-02T00:03:01.816+0000] {processor.py:186} INFO - Started process (PID=6174) to work on /opt/airflow/dags/snowchef_ETL.py
[2025-12-02T00:03:01.817+0000] {processor.py:914} INFO - Processing file /opt/airflow/dags/snowchef_ETL.py for tasks to queue
[2025-12-02T00:03:01.820+0000] {logging_mixin.py:190} INFO - [2025-12-02T00:03:01.820+0000] {dagbag.py:587} INFO - Filling up the DagBag from /opt/airflow/dags/snowchef_ETL.py
[2025-12-02T00:03:01.848+0000] {processor.py:925} INFO - DAG(s) 'snowchef_ETL_Dag' retrieved from /opt/airflow/dags/snowchef_ETL.py
[2025-12-02T00:03:01.860+0000] {logging_mixin.py:190} INFO - [2025-12-02T00:03:01.859+0000] {dag.py:3229} INFO - Sync 1 DAGs
[2025-12-02T00:03:01.873+0000] {logging_mixin.py:190} INFO - [2025-12-02T00:03:01.873+0000] {dag.py:4156} INFO - Setting next_dagrun for snowchef_ETL_Dag to 2025-12-02 00:00:00+00:00, run_after=2025-12-03 00:00:00+00:00
[2025-12-02T00:03:01.890+0000] {processor.py:208} INFO - Processing /opt/airflow/dags/snowchef_ETL.py took 0.090 seconds
[2025-12-02T00:03:32.344+0000] {processor.py:186} INFO - Started process (PID=6190) to work on /opt/airflow/dags/snowchef_ETL.py
[2025-12-02T00:03:32.346+0000] {processor.py:914} INFO - Processing file /opt/airflow/dags/snowchef_ETL.py for tasks to queue
[2025-12-02T00:03:32.353+0000] {logging_mixin.py:190} INFO - [2025-12-02T00:03:32.351+0000] {dagbag.py:587} INFO - Filling up the DagBag from /opt/airflow/dags/snowchef_ETL.py
[2025-12-02T00:03:32.382+0000] {processor.py:925} INFO - DAG(s) 'snowchef_ETL_Dag' retrieved from /opt/airflow/dags/snowchef_ETL.py
[2025-12-02T00:03:32.394+0000] {logging_mixin.py:190} INFO - [2025-12-02T00:03:32.394+0000] {dag.py:3229} INFO - Sync 1 DAGs
[2025-12-02T00:03:32.408+0000] {logging_mixin.py:190} INFO - [2025-12-02T00:03:32.408+0000] {dag.py:4156} INFO - Setting next_dagrun for snowchef_ETL_Dag to 2025-12-02 00:00:00+00:00, run_after=2025-12-03 00:00:00+00:00
[2025-12-02T00:03:32.417+0000] {processor.py:208} INFO - Processing /opt/airflow/dags/snowchef_ETL.py took 0.096 seconds
[2025-12-02T00:04:02.841+0000] {processor.py:186} INFO - Started process (PID=6206) to work on /opt/airflow/dags/snowchef_ETL.py
[2025-12-02T00:04:02.843+0000] {processor.py:914} INFO - Processing file /opt/airflow/dags/snowchef_ETL.py for tasks to queue
[2025-12-02T00:04:02.846+0000] {logging_mixin.py:190} INFO - [2025-12-02T00:04:02.845+0000] {dagbag.py:587} INFO - Filling up the DagBag from /opt/airflow/dags/snowchef_ETL.py
[2025-12-02T00:04:02.891+0000] {processor.py:925} INFO - DAG(s) 'snowchef_ETL_Dag' retrieved from /opt/airflow/dags/snowchef_ETL.py
[2025-12-02T00:04:02.907+0000] {logging_mixin.py:190} INFO - [2025-12-02T00:04:02.906+0000] {dag.py:3229} INFO - Sync 1 DAGs
[2025-12-02T00:04:02.922+0000] {logging_mixin.py:190} INFO - [2025-12-02T00:04:02.922+0000] {dag.py:4156} INFO - Setting next_dagrun for snowchef_ETL_Dag to 2025-12-02 00:00:00+00:00, run_after=2025-12-03 00:00:00+00:00
[2025-12-02T00:04:02.931+0000] {processor.py:208} INFO - Processing /opt/airflow/dags/snowchef_ETL.py took 0.097 seconds
[2025-12-02T00:04:33.342+0000] {processor.py:186} INFO - Started process (PID=6222) to work on /opt/airflow/dags/snowchef_ETL.py
[2025-12-02T00:04:33.343+0000] {processor.py:914} INFO - Processing file /opt/airflow/dags/snowchef_ETL.py for tasks to queue
[2025-12-02T00:04:33.346+0000] {logging_mixin.py:190} INFO - [2025-12-02T00:04:33.345+0000] {dagbag.py:587} INFO - Filling up the DagBag from /opt/airflow/dags/snowchef_ETL.py
[2025-12-02T00:04:33.370+0000] {processor.py:925} INFO - DAG(s) 'snowchef_ETL_Dag' retrieved from /opt/airflow/dags/snowchef_ETL.py
[2025-12-02T00:04:33.384+0000] {logging_mixin.py:190} INFO - [2025-12-02T00:04:33.383+0000] {dag.py:3229} INFO - Sync 1 DAGs
[2025-12-02T00:04:33.401+0000] {logging_mixin.py:190} INFO - [2025-12-02T00:04:33.401+0000] {dag.py:4156} INFO - Setting next_dagrun for snowchef_ETL_Dag to 2025-12-02 00:00:00+00:00, run_after=2025-12-03 00:00:00+00:00
[2025-12-02T00:04:33.410+0000] {processor.py:208} INFO - Processing /opt/airflow/dags/snowchef_ETL.py took 0.074 seconds
[2025-12-02T00:05:03.836+0000] {processor.py:186} INFO - Started process (PID=6238) to work on /opt/airflow/dags/snowchef_ETL.py
[2025-12-02T00:05:03.837+0000] {processor.py:914} INFO - Processing file /opt/airflow/dags/snowchef_ETL.py for tasks to queue
[2025-12-02T00:05:03.839+0000] {logging_mixin.py:190} INFO - [2025-12-02T00:05:03.839+0000] {dagbag.py:587} INFO - Filling up the DagBag from /opt/airflow/dags/snowchef_ETL.py
[2025-12-02T00:05:03.878+0000] {processor.py:925} INFO - DAG(s) 'snowchef_ETL_Dag' retrieved from /opt/airflow/dags/snowchef_ETL.py
[2025-12-02T00:05:03.908+0000] {logging_mixin.py:190} INFO - [2025-12-02T00:05:03.908+0000] {dag.py:3229} INFO - Sync 1 DAGs
[2025-12-02T00:05:03.929+0000] {logging_mixin.py:190} INFO - [2025-12-02T00:05:03.929+0000] {dag.py:4156} INFO - Setting next_dagrun for snowchef_ETL_Dag to 2025-12-02 00:00:00+00:00, run_after=2025-12-03 00:00:00+00:00
[2025-12-02T00:05:03.942+0000] {processor.py:208} INFO - Processing /opt/airflow/dags/snowchef_ETL.py took 0.110 seconds
[2025-12-02T00:05:34.410+0000] {processor.py:186} INFO - Started process (PID=6254) to work on /opt/airflow/dags/snowchef_ETL.py
[2025-12-02T00:05:34.412+0000] {processor.py:914} INFO - Processing file /opt/airflow/dags/snowchef_ETL.py for tasks to queue
[2025-12-02T00:05:34.428+0000] {logging_mixin.py:190} INFO - [2025-12-02T00:05:34.425+0000] {dagbag.py:587} INFO - Filling up the DagBag from /opt/airflow/dags/snowchef_ETL.py
[2025-12-02T00:05:34.457+0000] {processor.py:925} INFO - DAG(s) 'snowchef_ETL_Dag' retrieved from /opt/airflow/dags/snowchef_ETL.py
[2025-12-02T00:05:34.469+0000] {logging_mixin.py:190} INFO - [2025-12-02T00:05:34.469+0000] {dag.py:3229} INFO - Sync 1 DAGs
[2025-12-02T00:05:34.484+0000] {logging_mixin.py:190} INFO - [2025-12-02T00:05:34.484+0000] {dag.py:4156} INFO - Setting next_dagrun for snowchef_ETL_Dag to 2025-12-02 00:00:00+00:00, run_after=2025-12-03 00:00:00+00:00
[2025-12-02T00:05:34.492+0000] {processor.py:208} INFO - Processing /opt/airflow/dags/snowchef_ETL.py took 0.088 seconds
[2025-12-02T00:06:04.876+0000] {processor.py:186} INFO - Started process (PID=6270) to work on /opt/airflow/dags/snowchef_ETL.py
[2025-12-02T00:06:04.878+0000] {processor.py:914} INFO - Processing file /opt/airflow/dags/snowchef_ETL.py for tasks to queue
[2025-12-02T00:06:04.881+0000] {logging_mixin.py:190} INFO - [2025-12-02T00:06:04.881+0000] {dagbag.py:587} INFO - Filling up the DagBag from /opt/airflow/dags/snowchef_ETL.py
[2025-12-02T00:06:04.919+0000] {processor.py:925} INFO - DAG(s) 'snowchef_ETL_Dag' retrieved from /opt/airflow/dags/snowchef_ETL.py
[2025-12-02T00:06:04.933+0000] {logging_mixin.py:190} INFO - [2025-12-02T00:06:04.933+0000] {dag.py:3229} INFO - Sync 1 DAGs
[2025-12-02T00:06:04.948+0000] {logging_mixin.py:190} INFO - [2025-12-02T00:06:04.948+0000] {dag.py:4156} INFO - Setting next_dagrun for snowchef_ETL_Dag to 2025-12-02 00:00:00+00:00, run_after=2025-12-03 00:00:00+00:00
[2025-12-02T00:06:04.957+0000] {processor.py:208} INFO - Processing /opt/airflow/dags/snowchef_ETL.py took 0.087 seconds
[2025-12-02T00:06:35.342+0000] {processor.py:186} INFO - Started process (PID=6286) to work on /opt/airflow/dags/snowchef_ETL.py
[2025-12-02T00:06:35.344+0000] {processor.py:914} INFO - Processing file /opt/airflow/dags/snowchef_ETL.py for tasks to queue
[2025-12-02T00:06:35.345+0000] {logging_mixin.py:190} INFO - [2025-12-02T00:06:35.345+0000] {dagbag.py:587} INFO - Filling up the DagBag from /opt/airflow/dags/snowchef_ETL.py
[2025-12-02T00:06:35.367+0000] {processor.py:925} INFO - DAG(s) 'snowchef_ETL_Dag' retrieved from /opt/airflow/dags/snowchef_ETL.py
[2025-12-02T00:06:35.379+0000] {logging_mixin.py:190} INFO - [2025-12-02T00:06:35.378+0000] {dag.py:3229} INFO - Sync 1 DAGs
[2025-12-02T00:06:35.393+0000] {logging_mixin.py:190} INFO - [2025-12-02T00:06:35.393+0000] {dag.py:4156} INFO - Setting next_dagrun for snowchef_ETL_Dag to 2025-12-02 00:00:00+00:00, run_after=2025-12-03 00:00:00+00:00
[2025-12-02T00:06:35.400+0000] {processor.py:208} INFO - Processing /opt/airflow/dags/snowchef_ETL.py took 0.063 seconds
[2025-12-02T00:07:05.794+0000] {processor.py:186} INFO - Started process (PID=6302) to work on /opt/airflow/dags/snowchef_ETL.py
[2025-12-02T00:07:05.801+0000] {processor.py:914} INFO - Processing file /opt/airflow/dags/snowchef_ETL.py for tasks to queue
[2025-12-02T00:07:05.811+0000] {logging_mixin.py:190} INFO - [2025-12-02T00:07:05.811+0000] {dagbag.py:587} INFO - Filling up the DagBag from /opt/airflow/dags/snowchef_ETL.py
[2025-12-02T00:07:05.836+0000] {processor.py:925} INFO - DAG(s) 'snowchef_ETL_Dag' retrieved from /opt/airflow/dags/snowchef_ETL.py
[2025-12-02T00:07:05.848+0000] {logging_mixin.py:190} INFO - [2025-12-02T00:07:05.848+0000] {dag.py:3229} INFO - Sync 1 DAGs
[2025-12-02T00:07:05.874+0000] {logging_mixin.py:190} INFO - [2025-12-02T00:07:05.874+0000] {dag.py:4156} INFO - Setting next_dagrun for snowchef_ETL_Dag to 2025-12-02 00:00:00+00:00, run_after=2025-12-03 00:00:00+00:00
[2025-12-02T00:07:05.882+0000] {processor.py:208} INFO - Processing /opt/airflow/dags/snowchef_ETL.py took 0.093 seconds
[2025-12-02T00:07:36.244+0000] {processor.py:186} INFO - Started process (PID=6318) to work on /opt/airflow/dags/snowchef_ETL.py
[2025-12-02T00:07:36.247+0000] {processor.py:914} INFO - Processing file /opt/airflow/dags/snowchef_ETL.py for tasks to queue
[2025-12-02T00:07:36.263+0000] {logging_mixin.py:190} INFO - [2025-12-02T00:07:36.263+0000] {dagbag.py:587} INFO - Filling up the DagBag from /opt/airflow/dags/snowchef_ETL.py
[2025-12-02T00:07:36.294+0000] {processor.py:925} INFO - DAG(s) 'snowchef_ETL_Dag' retrieved from /opt/airflow/dags/snowchef_ETL.py
[2025-12-02T00:07:36.328+0000] {logging_mixin.py:190} INFO - [2025-12-02T00:07:36.328+0000] {dag.py:3229} INFO - Sync 1 DAGs
[2025-12-02T00:07:36.363+0000] {logging_mixin.py:190} INFO - [2025-12-02T00:07:36.363+0000] {dag.py:4156} INFO - Setting next_dagrun for snowchef_ETL_Dag to 2025-12-02 00:00:00+00:00, run_after=2025-12-03 00:00:00+00:00
[2025-12-02T00:07:36.380+0000] {processor.py:208} INFO - Processing /opt/airflow/dags/snowchef_ETL.py took 0.139 seconds
[2025-12-02T00:08:06.813+0000] {processor.py:186} INFO - Started process (PID=6334) to work on /opt/airflow/dags/snowchef_ETL.py
[2025-12-02T00:08:06.815+0000] {processor.py:914} INFO - Processing file /opt/airflow/dags/snowchef_ETL.py for tasks to queue
[2025-12-02T00:08:06.819+0000] {logging_mixin.py:190} INFO - [2025-12-02T00:08:06.818+0000] {dagbag.py:587} INFO - Filling up the DagBag from /opt/airflow/dags/snowchef_ETL.py
[2025-12-02T00:08:06.847+0000] {processor.py:925} INFO - DAG(s) 'snowchef_ETL_Dag' retrieved from /opt/airflow/dags/snowchef_ETL.py
[2025-12-02T00:08:06.872+0000] {logging_mixin.py:190} INFO - [2025-12-02T00:08:06.872+0000] {dag.py:3229} INFO - Sync 1 DAGs
[2025-12-02T00:08:06.888+0000] {logging_mixin.py:190} INFO - [2025-12-02T00:08:06.888+0000] {dag.py:4156} INFO - Setting next_dagrun for snowchef_ETL_Dag to 2025-12-02 00:00:00+00:00, run_after=2025-12-03 00:00:00+00:00
[2025-12-02T00:08:06.898+0000] {processor.py:208} INFO - Processing /opt/airflow/dags/snowchef_ETL.py took 0.091 seconds
[2025-12-02T00:08:37.364+0000] {processor.py:186} INFO - Started process (PID=6350) to work on /opt/airflow/dags/snowchef_ETL.py
[2025-12-02T00:08:37.365+0000] {processor.py:914} INFO - Processing file /opt/airflow/dags/snowchef_ETL.py for tasks to queue
[2025-12-02T00:08:37.369+0000] {logging_mixin.py:190} INFO - [2025-12-02T00:08:37.368+0000] {dagbag.py:587} INFO - Filling up the DagBag from /opt/airflow/dags/snowchef_ETL.py
[2025-12-02T00:08:37.417+0000] {processor.py:925} INFO - DAG(s) 'snowchef_ETL_Dag' retrieved from /opt/airflow/dags/snowchef_ETL.py
[2025-12-02T00:08:37.429+0000] {logging_mixin.py:190} INFO - [2025-12-02T00:08:37.429+0000] {dag.py:3229} INFO - Sync 1 DAGs
[2025-12-02T00:08:37.446+0000] {logging_mixin.py:190} INFO - [2025-12-02T00:08:37.445+0000] {dag.py:4156} INFO - Setting next_dagrun for snowchef_ETL_Dag to 2025-12-02 00:00:00+00:00, run_after=2025-12-03 00:00:00+00:00
[2025-12-02T00:08:37.455+0000] {processor.py:208} INFO - Processing /opt/airflow/dags/snowchef_ETL.py took 0.095 seconds
[2025-12-02T00:09:07.966+0000] {processor.py:186} INFO - Started process (PID=6366) to work on /opt/airflow/dags/snowchef_ETL.py
[2025-12-02T00:09:07.968+0000] {processor.py:914} INFO - Processing file /opt/airflow/dags/snowchef_ETL.py for tasks to queue
[2025-12-02T00:09:07.972+0000] {logging_mixin.py:190} INFO - [2025-12-02T00:09:07.972+0000] {dagbag.py:587} INFO - Filling up the DagBag from /opt/airflow/dags/snowchef_ETL.py
[2025-12-02T00:09:07.998+0000] {processor.py:925} INFO - DAG(s) 'snowchef_ETL_Dag' retrieved from /opt/airflow/dags/snowchef_ETL.py
[2025-12-02T00:09:08.011+0000] {logging_mixin.py:190} INFO - [2025-12-02T00:09:08.011+0000] {dag.py:3229} INFO - Sync 1 DAGs
[2025-12-02T00:09:08.026+0000] {logging_mixin.py:190} INFO - [2025-12-02T00:09:08.026+0000] {dag.py:4156} INFO - Setting next_dagrun for snowchef_ETL_Dag to 2025-12-02 00:00:00+00:00, run_after=2025-12-03 00:00:00+00:00
[2025-12-02T00:09:08.038+0000] {processor.py:208} INFO - Processing /opt/airflow/dags/snowchef_ETL.py took 0.096 seconds
[2025-12-02T00:09:38.610+0000] {processor.py:186} INFO - Started process (PID=6382) to work on /opt/airflow/dags/snowchef_ETL.py
[2025-12-02T00:09:38.611+0000] {processor.py:914} INFO - Processing file /opt/airflow/dags/snowchef_ETL.py for tasks to queue
[2025-12-02T00:09:38.613+0000] {logging_mixin.py:190} INFO - [2025-12-02T00:09:38.612+0000] {dagbag.py:587} INFO - Filling up the DagBag from /opt/airflow/dags/snowchef_ETL.py
[2025-12-02T00:09:38.634+0000] {processor.py:925} INFO - DAG(s) 'snowchef_ETL_Dag' retrieved from /opt/airflow/dags/snowchef_ETL.py
[2025-12-02T00:09:38.646+0000] {logging_mixin.py:190} INFO - [2025-12-02T00:09:38.646+0000] {dag.py:3229} INFO - Sync 1 DAGs
[2025-12-02T00:09:38.675+0000] {logging_mixin.py:190} INFO - [2025-12-02T00:09:38.675+0000] {dag.py:4156} INFO - Setting next_dagrun for snowchef_ETL_Dag to 2025-12-02 00:00:00+00:00, run_after=2025-12-03 00:00:00+00:00
[2025-12-02T00:09:38.683+0000] {processor.py:208} INFO - Processing /opt/airflow/dags/snowchef_ETL.py took 0.078 seconds
[2025-12-02T00:10:09.135+0000] {processor.py:186} INFO - Started process (PID=6398) to work on /opt/airflow/dags/snowchef_ETL.py
[2025-12-02T00:10:09.136+0000] {processor.py:914} INFO - Processing file /opt/airflow/dags/snowchef_ETL.py for tasks to queue
[2025-12-02T00:10:09.137+0000] {logging_mixin.py:190} INFO - [2025-12-02T00:10:09.137+0000] {dagbag.py:587} INFO - Filling up the DagBag from /opt/airflow/dags/snowchef_ETL.py
[2025-12-02T00:10:09.158+0000] {processor.py:925} INFO - DAG(s) 'snowchef_ETL_Dag' retrieved from /opt/airflow/dags/snowchef_ETL.py
[2025-12-02T00:10:09.181+0000] {logging_mixin.py:190} INFO - [2025-12-02T00:10:09.181+0000] {dag.py:3229} INFO - Sync 1 DAGs
[2025-12-02T00:10:09.197+0000] {logging_mixin.py:190} INFO - [2025-12-02T00:10:09.197+0000] {dag.py:4156} INFO - Setting next_dagrun for snowchef_ETL_Dag to 2025-12-02 00:00:00+00:00, run_after=2025-12-03 00:00:00+00:00
[2025-12-02T00:10:09.206+0000] {processor.py:208} INFO - Processing /opt/airflow/dags/snowchef_ETL.py took 0.076 seconds
[2025-12-02T00:10:39.834+0000] {processor.py:186} INFO - Started process (PID=6414) to work on /opt/airflow/dags/snowchef_ETL.py
[2025-12-02T00:10:39.835+0000] {processor.py:914} INFO - Processing file /opt/airflow/dags/snowchef_ETL.py for tasks to queue
[2025-12-02T00:10:39.838+0000] {logging_mixin.py:190} INFO - [2025-12-02T00:10:39.837+0000] {dagbag.py:587} INFO - Filling up the DagBag from /opt/airflow/dags/snowchef_ETL.py
[2025-12-02T00:10:39.877+0000] {processor.py:925} INFO - DAG(s) 'snowchef_ETL_Dag' retrieved from /opt/airflow/dags/snowchef_ETL.py
[2025-12-02T00:10:39.894+0000] {logging_mixin.py:190} INFO - [2025-12-02T00:10:39.893+0000] {dag.py:3229} INFO - Sync 1 DAGs
[2025-12-02T00:10:39.920+0000] {logging_mixin.py:190} INFO - [2025-12-02T00:10:39.920+0000] {dag.py:4156} INFO - Setting next_dagrun for snowchef_ETL_Dag to 2025-12-02 00:00:00+00:00, run_after=2025-12-03 00:00:00+00:00
[2025-12-02T00:10:39.934+0000] {processor.py:208} INFO - Processing /opt/airflow/dags/snowchef_ETL.py took 0.106 seconds
[2025-12-02T00:11:10.398+0000] {processor.py:186} INFO - Started process (PID=6436) to work on /opt/airflow/dags/snowchef_ETL.py
[2025-12-02T00:11:10.399+0000] {processor.py:914} INFO - Processing file /opt/airflow/dags/snowchef_ETL.py for tasks to queue
[2025-12-02T00:11:10.401+0000] {logging_mixin.py:190} INFO - [2025-12-02T00:11:10.401+0000] {dagbag.py:587} INFO - Filling up the DagBag from /opt/airflow/dags/snowchef_ETL.py
[2025-12-02T00:11:10.422+0000] {processor.py:925} INFO - DAG(s) 'snowchef_ETL_Dag' retrieved from /opt/airflow/dags/snowchef_ETL.py
[2025-12-02T00:11:10.434+0000] {logging_mixin.py:190} INFO - [2025-12-02T00:11:10.434+0000] {dag.py:3229} INFO - Sync 1 DAGs
[2025-12-02T00:11:10.447+0000] {logging_mixin.py:190} INFO - [2025-12-02T00:11:10.447+0000] {dag.py:4156} INFO - Setting next_dagrun for snowchef_ETL_Dag to 2025-12-02 00:00:00+00:00, run_after=2025-12-03 00:00:00+00:00
[2025-12-02T00:11:10.455+0000] {processor.py:208} INFO - Processing /opt/airflow/dags/snowchef_ETL.py took 0.062 seconds
[2025-12-02T00:11:40.876+0000] {processor.py:186} INFO - Started process (PID=6452) to work on /opt/airflow/dags/snowchef_ETL.py
[2025-12-02T00:11:40.877+0000] {processor.py:914} INFO - Processing file /opt/airflow/dags/snowchef_ETL.py for tasks to queue
[2025-12-02T00:11:40.878+0000] {logging_mixin.py:190} INFO - [2025-12-02T00:11:40.878+0000] {dagbag.py:587} INFO - Filling up the DagBag from /opt/airflow/dags/snowchef_ETL.py
[2025-12-02T00:11:40.901+0000] {processor.py:925} INFO - DAG(s) 'snowchef_ETL_Dag' retrieved from /opt/airflow/dags/snowchef_ETL.py
[2025-12-02T00:11:40.914+0000] {logging_mixin.py:190} INFO - [2025-12-02T00:11:40.914+0000] {dag.py:3229} INFO - Sync 1 DAGs
[2025-12-02T00:11:40.930+0000] {logging_mixin.py:190} INFO - [2025-12-02T00:11:40.929+0000] {dag.py:4156} INFO - Setting next_dagrun for snowchef_ETL_Dag to 2025-12-02 00:00:00+00:00, run_after=2025-12-03 00:00:00+00:00
[2025-12-02T00:11:40.945+0000] {processor.py:208} INFO - Processing /opt/airflow/dags/snowchef_ETL.py took 0.072 seconds
[2025-12-02T00:12:11.343+0000] {processor.py:186} INFO - Started process (PID=6468) to work on /opt/airflow/dags/snowchef_ETL.py
[2025-12-02T00:12:11.343+0000] {processor.py:914} INFO - Processing file /opt/airflow/dags/snowchef_ETL.py for tasks to queue
[2025-12-02T00:12:11.346+0000] {logging_mixin.py:190} INFO - [2025-12-02T00:12:11.346+0000] {dagbag.py:587} INFO - Filling up the DagBag from /opt/airflow/dags/snowchef_ETL.py
[2025-12-02T00:12:11.369+0000] {processor.py:925} INFO - DAG(s) 'snowchef_ETL_Dag' retrieved from /opt/airflow/dags/snowchef_ETL.py
[2025-12-02T00:12:11.380+0000] {logging_mixin.py:190} INFO - [2025-12-02T00:12:11.380+0000] {dag.py:3229} INFO - Sync 1 DAGs
[2025-12-02T00:12:11.392+0000] {logging_mixin.py:190} INFO - [2025-12-02T00:12:11.392+0000] {dag.py:4156} INFO - Setting next_dagrun for snowchef_ETL_Dag to 2025-12-02 00:00:00+00:00, run_after=2025-12-03 00:00:00+00:00
[2025-12-02T00:12:11.400+0000] {processor.py:208} INFO - Processing /opt/airflow/dags/snowchef_ETL.py took 0.061 seconds
[2025-12-02T00:12:41.847+0000] {processor.py:186} INFO - Started process (PID=6484) to work on /opt/airflow/dags/snowchef_ETL.py
[2025-12-02T00:12:41.849+0000] {processor.py:914} INFO - Processing file /opt/airflow/dags/snowchef_ETL.py for tasks to queue
[2025-12-02T00:12:41.853+0000] {logging_mixin.py:190} INFO - [2025-12-02T00:12:41.852+0000] {dagbag.py:587} INFO - Filling up the DagBag from /opt/airflow/dags/snowchef_ETL.py
[2025-12-02T00:12:41.873+0000] {processor.py:925} INFO - DAG(s) 'snowchef_ETL_Dag' retrieved from /opt/airflow/dags/snowchef_ETL.py
[2025-12-02T00:12:41.886+0000] {logging_mixin.py:190} INFO - [2025-12-02T00:12:41.886+0000] {dag.py:3229} INFO - Sync 1 DAGs
[2025-12-02T00:12:41.899+0000] {logging_mixin.py:190} INFO - [2025-12-02T00:12:41.899+0000] {dag.py:4156} INFO - Setting next_dagrun for snowchef_ETL_Dag to 2025-12-02 00:00:00+00:00, run_after=2025-12-03 00:00:00+00:00
[2025-12-02T00:12:41.906+0000] {processor.py:208} INFO - Processing /opt/airflow/dags/snowchef_ETL.py took 0.072 seconds
[2025-12-02T00:13:12.320+0000] {processor.py:186} INFO - Started process (PID=6500) to work on /opt/airflow/dags/snowchef_ETL.py
[2025-12-02T00:13:12.320+0000] {processor.py:914} INFO - Processing file /opt/airflow/dags/snowchef_ETL.py for tasks to queue
[2025-12-02T00:13:12.324+0000] {logging_mixin.py:190} INFO - [2025-12-02T00:13:12.323+0000] {dagbag.py:587} INFO - Filling up the DagBag from /opt/airflow/dags/snowchef_ETL.py
[2025-12-02T00:13:12.348+0000] {processor.py:925} INFO - DAG(s) 'snowchef_ETL_Dag' retrieved from /opt/airflow/dags/snowchef_ETL.py
[2025-12-02T00:13:12.362+0000] {logging_mixin.py:190} INFO - [2025-12-02T00:13:12.362+0000] {dag.py:3229} INFO - Sync 1 DAGs
[2025-12-02T00:13:12.391+0000] {logging_mixin.py:190} INFO - [2025-12-02T00:13:12.391+0000] {dag.py:4156} INFO - Setting next_dagrun for snowchef_ETL_Dag to 2025-12-02 00:00:00+00:00, run_after=2025-12-03 00:00:00+00:00
[2025-12-02T00:13:12.400+0000] {processor.py:208} INFO - Processing /opt/airflow/dags/snowchef_ETL.py took 0.085 seconds
[2025-12-02T00:13:42.843+0000] {processor.py:186} INFO - Started process (PID=6516) to work on /opt/airflow/dags/snowchef_ETL.py
[2025-12-02T00:13:42.845+0000] {processor.py:914} INFO - Processing file /opt/airflow/dags/snowchef_ETL.py for tasks to queue
[2025-12-02T00:13:42.849+0000] {logging_mixin.py:190} INFO - [2025-12-02T00:13:42.848+0000] {dagbag.py:587} INFO - Filling up the DagBag from /opt/airflow/dags/snowchef_ETL.py
[2025-12-02T00:13:42.875+0000] {processor.py:925} INFO - DAG(s) 'snowchef_ETL_Dag' retrieved from /opt/airflow/dags/snowchef_ETL.py
[2025-12-02T00:13:42.886+0000] {logging_mixin.py:190} INFO - [2025-12-02T00:13:42.885+0000] {dag.py:3229} INFO - Sync 1 DAGs
[2025-12-02T00:13:42.900+0000] {logging_mixin.py:190} INFO - [2025-12-02T00:13:42.900+0000] {dag.py:4156} INFO - Setting next_dagrun for snowchef_ETL_Dag to 2025-12-02 00:00:00+00:00, run_after=2025-12-03 00:00:00+00:00
[2025-12-02T00:13:42.916+0000] {processor.py:208} INFO - Processing /opt/airflow/dags/snowchef_ETL.py took 0.080 seconds
[2025-12-02T00:14:13.264+0000] {processor.py:186} INFO - Started process (PID=6532) to work on /opt/airflow/dags/snowchef_ETL.py
[2025-12-02T00:14:13.265+0000] {processor.py:914} INFO - Processing file /opt/airflow/dags/snowchef_ETL.py for tasks to queue
[2025-12-02T00:14:13.267+0000] {logging_mixin.py:190} INFO - [2025-12-02T00:14:13.267+0000] {dagbag.py:587} INFO - Filling up the DagBag from /opt/airflow/dags/snowchef_ETL.py
[2025-12-02T00:14:13.294+0000] {processor.py:925} INFO - DAG(s) 'snowchef_ETL_Dag' retrieved from /opt/airflow/dags/snowchef_ETL.py
[2025-12-02T00:14:13.318+0000] {logging_mixin.py:190} INFO - [2025-12-02T00:14:13.318+0000] {dag.py:3229} INFO - Sync 1 DAGs
[2025-12-02T00:14:13.333+0000] {logging_mixin.py:190} INFO - [2025-12-02T00:14:13.333+0000] {dag.py:4156} INFO - Setting next_dagrun for snowchef_ETL_Dag to 2025-12-02 00:00:00+00:00, run_after=2025-12-03 00:00:00+00:00
[2025-12-02T00:14:13.342+0000] {processor.py:208} INFO - Processing /opt/airflow/dags/snowchef_ETL.py took 0.082 seconds
[2025-12-02T00:14:43.630+0000] {processor.py:186} INFO - Started process (PID=6548) to work on /opt/airflow/dags/snowchef_ETL.py
[2025-12-02T00:14:43.632+0000] {processor.py:914} INFO - Processing file /opt/airflow/dags/snowchef_ETL.py for tasks to queue
[2025-12-02T00:14:43.635+0000] {logging_mixin.py:190} INFO - [2025-12-02T00:14:43.635+0000] {dagbag.py:587} INFO - Filling up the DagBag from /opt/airflow/dags/snowchef_ETL.py
[2025-12-02T00:14:43.674+0000] {processor.py:925} INFO - DAG(s) 'snowchef_ETL_Dag' retrieved from /opt/airflow/dags/snowchef_ETL.py
[2025-12-02T00:14:43.686+0000] {logging_mixin.py:190} INFO - [2025-12-02T00:14:43.686+0000] {dag.py:3229} INFO - Sync 1 DAGs
[2025-12-02T00:14:43.700+0000] {logging_mixin.py:190} INFO - [2025-12-02T00:14:43.700+0000] {dag.py:4156} INFO - Setting next_dagrun for snowchef_ETL_Dag to 2025-12-02 00:00:00+00:00, run_after=2025-12-03 00:00:00+00:00
[2025-12-02T00:14:43.709+0000] {processor.py:208} INFO - Processing /opt/airflow/dags/snowchef_ETL.py took 0.082 seconds
[2025-12-02T00:15:14.132+0000] {processor.py:186} INFO - Started process (PID=6564) to work on /opt/airflow/dags/snowchef_ETL.py
[2025-12-02T00:15:14.133+0000] {processor.py:914} INFO - Processing file /opt/airflow/dags/snowchef_ETL.py for tasks to queue
[2025-12-02T00:15:14.135+0000] {logging_mixin.py:190} INFO - [2025-12-02T00:15:14.135+0000] {dagbag.py:587} INFO - Filling up the DagBag from /opt/airflow/dags/snowchef_ETL.py
[2025-12-02T00:15:14.159+0000] {processor.py:925} INFO - DAG(s) 'snowchef_ETL_Dag' retrieved from /opt/airflow/dags/snowchef_ETL.py
[2025-12-02T00:15:14.170+0000] {logging_mixin.py:190} INFO - [2025-12-02T00:15:14.170+0000] {dag.py:3229} INFO - Sync 1 DAGs
[2025-12-02T00:15:14.183+0000] {logging_mixin.py:190} INFO - [2025-12-02T00:15:14.183+0000] {dag.py:4156} INFO - Setting next_dagrun for snowchef_ETL_Dag to 2025-12-02 00:00:00+00:00, run_after=2025-12-03 00:00:00+00:00
[2025-12-02T00:15:14.195+0000] {processor.py:208} INFO - Processing /opt/airflow/dags/snowchef_ETL.py took 0.067 seconds
[2025-12-02T00:15:44.659+0000] {processor.py:186} INFO - Started process (PID=6582) to work on /opt/airflow/dags/snowchef_ETL.py
[2025-12-02T00:15:44.661+0000] {processor.py:914} INFO - Processing file /opt/airflow/dags/snowchef_ETL.py for tasks to queue
[2025-12-02T00:15:44.666+0000] {logging_mixin.py:190} INFO - [2025-12-02T00:15:44.665+0000] {dagbag.py:587} INFO - Filling up the DagBag from /opt/airflow/dags/snowchef_ETL.py
[2025-12-02T00:15:44.707+0000] {processor.py:925} INFO - DAG(s) 'snowchef_ETL_Dag' retrieved from /opt/airflow/dags/snowchef_ETL.py
[2025-12-02T00:15:44.725+0000] {logging_mixin.py:190} INFO - [2025-12-02T00:15:44.724+0000] {dag.py:3229} INFO - Sync 1 DAGs
[2025-12-02T00:15:44.747+0000] {logging_mixin.py:190} INFO - [2025-12-02T00:15:44.746+0000] {dag.py:4156} INFO - Setting next_dagrun for snowchef_ETL_Dag to 2025-12-02 00:00:00+00:00, run_after=2025-12-03 00:00:00+00:00
[2025-12-02T00:15:44.768+0000] {processor.py:208} INFO - Processing /opt/airflow/dags/snowchef_ETL.py took 0.128 seconds
[2025-12-02T00:16:15.207+0000] {processor.py:186} INFO - Started process (PID=6601) to work on /opt/airflow/dags/snowchef_ETL.py
[2025-12-02T00:16:15.208+0000] {processor.py:914} INFO - Processing file /opt/airflow/dags/snowchef_ETL.py for tasks to queue
[2025-12-02T00:16:15.211+0000] {logging_mixin.py:190} INFO - [2025-12-02T00:16:15.210+0000] {dagbag.py:587} INFO - Filling up the DagBag from /opt/airflow/dags/snowchef_ETL.py
[2025-12-02T00:16:15.252+0000] {processor.py:925} INFO - DAG(s) 'snowchef_ETL_Dag' retrieved from /opt/airflow/dags/snowchef_ETL.py
[2025-12-02T00:16:15.267+0000] {logging_mixin.py:190} INFO - [2025-12-02T00:16:15.267+0000] {dag.py:3229} INFO - Sync 1 DAGs
[2025-12-02T00:16:15.283+0000] {logging_mixin.py:190} INFO - [2025-12-02T00:16:15.282+0000] {dag.py:4156} INFO - Setting next_dagrun for snowchef_ETL_Dag to 2025-12-02 00:00:00+00:00, run_after=2025-12-03 00:00:00+00:00
[2025-12-02T00:16:15.299+0000] {processor.py:208} INFO - Processing /opt/airflow/dags/snowchef_ETL.py took 0.097 seconds
[2025-12-02T00:16:45.711+0000] {processor.py:186} INFO - Started process (PID=6617) to work on /opt/airflow/dags/snowchef_ETL.py
[2025-12-02T00:16:45.712+0000] {processor.py:914} INFO - Processing file /opt/airflow/dags/snowchef_ETL.py for tasks to queue
[2025-12-02T00:16:45.714+0000] {logging_mixin.py:190} INFO - [2025-12-02T00:16:45.714+0000] {dagbag.py:587} INFO - Filling up the DagBag from /opt/airflow/dags/snowchef_ETL.py
[2025-12-02T00:16:45.738+0000] {processor.py:925} INFO - DAG(s) 'snowchef_ETL_Dag' retrieved from /opt/airflow/dags/snowchef_ETL.py
[2025-12-02T00:16:45.749+0000] {logging_mixin.py:190} INFO - [2025-12-02T00:16:45.749+0000] {dag.py:3229} INFO - Sync 1 DAGs
[2025-12-02T00:16:45.763+0000] {logging_mixin.py:190} INFO - [2025-12-02T00:16:45.763+0000] {dag.py:4156} INFO - Setting next_dagrun for snowchef_ETL_Dag to 2025-12-02 00:00:00+00:00, run_after=2025-12-03 00:00:00+00:00
[2025-12-02T00:16:45.773+0000] {processor.py:208} INFO - Processing /opt/airflow/dags/snowchef_ETL.py took 0.067 seconds
[2025-12-02T00:17:16.190+0000] {processor.py:186} INFO - Started process (PID=6633) to work on /opt/airflow/dags/snowchef_ETL.py
[2025-12-02T00:17:16.191+0000] {processor.py:914} INFO - Processing file /opt/airflow/dags/snowchef_ETL.py for tasks to queue
[2025-12-02T00:17:16.195+0000] {logging_mixin.py:190} INFO - [2025-12-02T00:17:16.194+0000] {dagbag.py:587} INFO - Filling up the DagBag from /opt/airflow/dags/snowchef_ETL.py
[2025-12-02T00:17:16.220+0000] {processor.py:925} INFO - DAG(s) 'snowchef_ETL_Dag' retrieved from /opt/airflow/dags/snowchef_ETL.py
[2025-12-02T00:17:16.232+0000] {logging_mixin.py:190} INFO - [2025-12-02T00:17:16.232+0000] {dag.py:3229} INFO - Sync 1 DAGs
[2025-12-02T00:17:16.262+0000] {logging_mixin.py:190} INFO - [2025-12-02T00:17:16.262+0000] {dag.py:4156} INFO - Setting next_dagrun for snowchef_ETL_Dag to 2025-12-02 00:00:00+00:00, run_after=2025-12-03 00:00:00+00:00
[2025-12-02T00:17:16.272+0000] {processor.py:208} INFO - Processing /opt/airflow/dags/snowchef_ETL.py took 0.086 seconds
[2025-12-02T00:17:46.706+0000] {processor.py:186} INFO - Started process (PID=6649) to work on /opt/airflow/dags/snowchef_ETL.py
[2025-12-02T00:17:46.707+0000] {processor.py:914} INFO - Processing file /opt/airflow/dags/snowchef_ETL.py for tasks to queue
[2025-12-02T00:17:46.710+0000] {logging_mixin.py:190} INFO - [2025-12-02T00:17:46.710+0000] {dagbag.py:587} INFO - Filling up the DagBag from /opt/airflow/dags/snowchef_ETL.py
[2025-12-02T00:17:46.732+0000] {processor.py:925} INFO - DAG(s) 'snowchef_ETL_Dag' retrieved from /opt/airflow/dags/snowchef_ETL.py
[2025-12-02T00:17:46.743+0000] {logging_mixin.py:190} INFO - [2025-12-02T00:17:46.743+0000] {dag.py:3229} INFO - Sync 1 DAGs
[2025-12-02T00:17:46.767+0000] {logging_mixin.py:190} INFO - [2025-12-02T00:17:46.766+0000] {dag.py:4156} INFO - Setting next_dagrun for snowchef_ETL_Dag to 2025-12-02 00:00:00+00:00, run_after=2025-12-03 00:00:00+00:00
[2025-12-02T00:17:46.778+0000] {processor.py:208} INFO - Processing /opt/airflow/dags/snowchef_ETL.py took 0.078 seconds
[2025-12-02T00:18:17.181+0000] {processor.py:186} INFO - Started process (PID=6665) to work on /opt/airflow/dags/snowchef_ETL.py
[2025-12-02T00:18:17.182+0000] {processor.py:914} INFO - Processing file /opt/airflow/dags/snowchef_ETL.py for tasks to queue
[2025-12-02T00:18:17.184+0000] {logging_mixin.py:190} INFO - [2025-12-02T00:18:17.184+0000] {dagbag.py:587} INFO - Filling up the DagBag from /opt/airflow/dags/snowchef_ETL.py
[2025-12-02T00:18:17.218+0000] {processor.py:925} INFO - DAG(s) 'snowchef_ETL_Dag' retrieved from /opt/airflow/dags/snowchef_ETL.py
[2025-12-02T00:18:17.231+0000] {logging_mixin.py:190} INFO - [2025-12-02T00:18:17.231+0000] {dag.py:3229} INFO - Sync 1 DAGs
[2025-12-02T00:18:17.244+0000] {logging_mixin.py:190} INFO - [2025-12-02T00:18:17.244+0000] {dag.py:4156} INFO - Setting next_dagrun for snowchef_ETL_Dag to 2025-12-02 00:00:00+00:00, run_after=2025-12-03 00:00:00+00:00
[2025-12-02T00:18:17.254+0000] {processor.py:208} INFO - Processing /opt/airflow/dags/snowchef_ETL.py took 0.079 seconds
[2025-12-02T00:18:47.594+0000] {processor.py:186} INFO - Started process (PID=6681) to work on /opt/airflow/dags/snowchef_ETL.py
[2025-12-02T00:18:47.595+0000] {processor.py:914} INFO - Processing file /opt/airflow/dags/snowchef_ETL.py for tasks to queue
[2025-12-02T00:18:47.598+0000] {logging_mixin.py:190} INFO - [2025-12-02T00:18:47.598+0000] {dagbag.py:587} INFO - Filling up the DagBag from /opt/airflow/dags/snowchef_ETL.py
[2025-12-02T00:18:47.631+0000] {processor.py:925} INFO - DAG(s) 'snowchef_ETL_Dag' retrieved from /opt/airflow/dags/snowchef_ETL.py
[2025-12-02T00:18:47.645+0000] {logging_mixin.py:190} INFO - [2025-12-02T00:18:47.645+0000] {dag.py:3229} INFO - Sync 1 DAGs
[2025-12-02T00:18:47.663+0000] {logging_mixin.py:190} INFO - [2025-12-02T00:18:47.663+0000] {dag.py:4156} INFO - Setting next_dagrun for snowchef_ETL_Dag to 2025-12-02 00:00:00+00:00, run_after=2025-12-03 00:00:00+00:00
[2025-12-02T00:18:47.672+0000] {processor.py:208} INFO - Processing /opt/airflow/dags/snowchef_ETL.py took 0.083 seconds
[2025-12-02T00:19:18.078+0000] {processor.py:186} INFO - Started process (PID=6697) to work on /opt/airflow/dags/snowchef_ETL.py
[2025-12-02T00:19:18.079+0000] {processor.py:914} INFO - Processing file /opt/airflow/dags/snowchef_ETL.py for tasks to queue
[2025-12-02T00:19:18.081+0000] {logging_mixin.py:190} INFO - [2025-12-02T00:19:18.081+0000] {dagbag.py:587} INFO - Filling up the DagBag from /opt/airflow/dags/snowchef_ETL.py
[2025-12-02T00:19:18.103+0000] {processor.py:925} INFO - DAG(s) 'snowchef_ETL_Dag' retrieved from /opt/airflow/dags/snowchef_ETL.py
[2025-12-02T00:19:18.116+0000] {logging_mixin.py:190} INFO - [2025-12-02T00:19:18.116+0000] {dag.py:3229} INFO - Sync 1 DAGs
[2025-12-02T00:19:18.131+0000] {logging_mixin.py:190} INFO - [2025-12-02T00:19:18.131+0000] {dag.py:4156} INFO - Setting next_dagrun for snowchef_ETL_Dag to 2025-12-02 00:00:00+00:00, run_after=2025-12-03 00:00:00+00:00
[2025-12-02T00:19:18.141+0000] {processor.py:208} INFO - Processing /opt/airflow/dags/snowchef_ETL.py took 0.067 seconds
[2025-12-02T00:19:48.599+0000] {processor.py:186} INFO - Started process (PID=6713) to work on /opt/airflow/dags/snowchef_ETL.py
[2025-12-02T00:19:48.601+0000] {processor.py:914} INFO - Processing file /opt/airflow/dags/snowchef_ETL.py for tasks to queue
[2025-12-02T00:19:48.612+0000] {logging_mixin.py:190} INFO - [2025-12-02T00:19:48.611+0000] {dagbag.py:587} INFO - Filling up the DagBag from /opt/airflow/dags/snowchef_ETL.py
[2025-12-02T00:19:48.649+0000] {processor.py:925} INFO - DAG(s) 'snowchef_ETL_Dag' retrieved from /opt/airflow/dags/snowchef_ETL.py
[2025-12-02T00:19:48.661+0000] {logging_mixin.py:190} INFO - [2025-12-02T00:19:48.661+0000] {dag.py:3229} INFO - Sync 1 DAGs
[2025-12-02T00:19:48.677+0000] {logging_mixin.py:190} INFO - [2025-12-02T00:19:48.677+0000] {dag.py:4156} INFO - Setting next_dagrun for snowchef_ETL_Dag to 2025-12-02 00:00:00+00:00, run_after=2025-12-03 00:00:00+00:00
[2025-12-02T00:19:48.686+0000] {processor.py:208} INFO - Processing /opt/airflow/dags/snowchef_ETL.py took 0.095 seconds
[2025-12-02T00:20:19.134+0000] {processor.py:186} INFO - Started process (PID=6729) to work on /opt/airflow/dags/snowchef_ETL.py
[2025-12-02T00:20:19.135+0000] {processor.py:914} INFO - Processing file /opt/airflow/dags/snowchef_ETL.py for tasks to queue
[2025-12-02T00:20:19.139+0000] {logging_mixin.py:190} INFO - [2025-12-02T00:20:19.139+0000] {dagbag.py:587} INFO - Filling up the DagBag from /opt/airflow/dags/snowchef_ETL.py
[2025-12-02T00:20:19.179+0000] {processor.py:925} INFO - DAG(s) 'snowchef_ETL_Dag' retrieved from /opt/airflow/dags/snowchef_ETL.py
[2025-12-02T00:20:19.195+0000] {logging_mixin.py:190} INFO - [2025-12-02T00:20:19.195+0000] {dag.py:3229} INFO - Sync 1 DAGs
[2025-12-02T00:20:19.220+0000] {logging_mixin.py:190} INFO - [2025-12-02T00:20:19.220+0000] {dag.py:4156} INFO - Setting next_dagrun for snowchef_ETL_Dag to 2025-12-02 00:00:00+00:00, run_after=2025-12-03 00:00:00+00:00
[2025-12-02T00:20:19.233+0000] {processor.py:208} INFO - Processing /opt/airflow/dags/snowchef_ETL.py took 0.102 seconds
[2025-12-02T00:20:49.636+0000] {processor.py:186} INFO - Started process (PID=6745) to work on /opt/airflow/dags/snowchef_ETL.py
[2025-12-02T00:20:49.637+0000] {processor.py:914} INFO - Processing file /opt/airflow/dags/snowchef_ETL.py for tasks to queue
[2025-12-02T00:20:49.641+0000] {logging_mixin.py:190} INFO - [2025-12-02T00:20:49.641+0000] {dagbag.py:587} INFO - Filling up the DagBag from /opt/airflow/dags/snowchef_ETL.py
[2025-12-02T00:20:49.681+0000] {processor.py:925} INFO - DAG(s) 'snowchef_ETL_Dag' retrieved from /opt/airflow/dags/snowchef_ETL.py
[2025-12-02T00:20:49.695+0000] {logging_mixin.py:190} INFO - [2025-12-02T00:20:49.695+0000] {dag.py:3229} INFO - Sync 1 DAGs
[2025-12-02T00:20:49.724+0000] {logging_mixin.py:190} INFO - [2025-12-02T00:20:49.724+0000] {dag.py:4156} INFO - Setting next_dagrun for snowchef_ETL_Dag to 2025-12-02 00:00:00+00:00, run_after=2025-12-03 00:00:00+00:00
[2025-12-02T00:20:49.734+0000] {processor.py:208} INFO - Processing /opt/airflow/dags/snowchef_ETL.py took 0.117 seconds
[2025-12-02T00:21:20.136+0000] {processor.py:186} INFO - Started process (PID=6761) to work on /opt/airflow/dags/snowchef_ETL.py
[2025-12-02T00:21:20.137+0000] {processor.py:914} INFO - Processing file /opt/airflow/dags/snowchef_ETL.py for tasks to queue
[2025-12-02T00:21:20.139+0000] {logging_mixin.py:190} INFO - [2025-12-02T00:21:20.139+0000] {dagbag.py:587} INFO - Filling up the DagBag from /opt/airflow/dags/snowchef_ETL.py
[2025-12-02T00:21:20.182+0000] {processor.py:925} INFO - DAG(s) 'snowchef_ETL_Dag' retrieved from /opt/airflow/dags/snowchef_ETL.py
[2025-12-02T00:21:20.200+0000] {logging_mixin.py:190} INFO - [2025-12-02T00:21:20.200+0000] {dag.py:3229} INFO - Sync 1 DAGs
[2025-12-02T00:21:20.217+0000] {logging_mixin.py:190} INFO - [2025-12-02T00:21:20.217+0000] {dag.py:4156} INFO - Setting next_dagrun for snowchef_ETL_Dag to 2025-12-02 00:00:00+00:00, run_after=2025-12-03 00:00:00+00:00
[2025-12-02T00:21:20.229+0000] {processor.py:208} INFO - Processing /opt/airflow/dags/snowchef_ETL.py took 0.096 seconds
[2025-12-02T00:21:50.634+0000] {processor.py:186} INFO - Started process (PID=6777) to work on /opt/airflow/dags/snowchef_ETL.py
[2025-12-02T00:21:50.635+0000] {processor.py:914} INFO - Processing file /opt/airflow/dags/snowchef_ETL.py for tasks to queue
[2025-12-02T00:21:50.638+0000] {logging_mixin.py:190} INFO - [2025-12-02T00:21:50.638+0000] {dagbag.py:587} INFO - Filling up the DagBag from /opt/airflow/dags/snowchef_ETL.py
[2025-12-02T00:21:50.676+0000] {processor.py:925} INFO - DAG(s) 'snowchef_ETL_Dag' retrieved from /opt/airflow/dags/snowchef_ETL.py
[2025-12-02T00:21:50.689+0000] {logging_mixin.py:190} INFO - [2025-12-02T00:21:50.689+0000] {dag.py:3229} INFO - Sync 1 DAGs
[2025-12-02T00:21:50.703+0000] {logging_mixin.py:190} INFO - [2025-12-02T00:21:50.702+0000] {dag.py:4156} INFO - Setting next_dagrun for snowchef_ETL_Dag to 2025-12-02 00:00:00+00:00, run_after=2025-12-03 00:00:00+00:00
[2025-12-02T00:21:50.718+0000] {processor.py:208} INFO - Processing /opt/airflow/dags/snowchef_ETL.py took 0.090 seconds
[2025-12-02T00:22:21.099+0000] {processor.py:186} INFO - Started process (PID=6793) to work on /opt/airflow/dags/snowchef_ETL.py
[2025-12-02T00:22:21.100+0000] {processor.py:914} INFO - Processing file /opt/airflow/dags/snowchef_ETL.py for tasks to queue
[2025-12-02T00:22:21.104+0000] {logging_mixin.py:190} INFO - [2025-12-02T00:22:21.103+0000] {dagbag.py:587} INFO - Filling up the DagBag from /opt/airflow/dags/snowchef_ETL.py
[2025-12-02T00:22:21.132+0000] {processor.py:925} INFO - DAG(s) 'snowchef_ETL_Dag' retrieved from /opt/airflow/dags/snowchef_ETL.py
[2025-12-02T00:22:21.159+0000] {logging_mixin.py:190} INFO - [2025-12-02T00:22:21.159+0000] {dag.py:3229} INFO - Sync 1 DAGs
[2025-12-02T00:22:21.177+0000] {logging_mixin.py:190} INFO - [2025-12-02T00:22:21.177+0000] {dag.py:4156} INFO - Setting next_dagrun for snowchef_ETL_Dag to 2025-12-02 00:00:00+00:00, run_after=2025-12-03 00:00:00+00:00
[2025-12-02T00:22:21.187+0000] {processor.py:208} INFO - Processing /opt/airflow/dags/snowchef_ETL.py took 0.092 seconds
[2025-12-02T00:22:51.563+0000] {processor.py:186} INFO - Started process (PID=6809) to work on /opt/airflow/dags/snowchef_ETL.py
[2025-12-02T00:22:51.564+0000] {processor.py:914} INFO - Processing file /opt/airflow/dags/snowchef_ETL.py for tasks to queue
[2025-12-02T00:22:51.568+0000] {logging_mixin.py:190} INFO - [2025-12-02T00:22:51.568+0000] {dagbag.py:587} INFO - Filling up the DagBag from /opt/airflow/dags/snowchef_ETL.py
[2025-12-02T00:22:51.596+0000] {processor.py:925} INFO - DAG(s) 'snowchef_ETL_Dag' retrieved from /opt/airflow/dags/snowchef_ETL.py
[2025-12-02T00:22:51.607+0000] {logging_mixin.py:190} INFO - [2025-12-02T00:22:51.607+0000] {dag.py:3229} INFO - Sync 1 DAGs
[2025-12-02T00:22:51.635+0000] {logging_mixin.py:190} INFO - [2025-12-02T00:22:51.634+0000] {dag.py:4156} INFO - Setting next_dagrun for snowchef_ETL_Dag to 2025-12-02 00:00:00+00:00, run_after=2025-12-03 00:00:00+00:00
[2025-12-02T00:22:51.646+0000] {processor.py:208} INFO - Processing /opt/airflow/dags/snowchef_ETL.py took 0.093 seconds
[2025-12-02T00:23:22.068+0000] {processor.py:186} INFO - Started process (PID=6825) to work on /opt/airflow/dags/snowchef_ETL.py
[2025-12-02T00:23:22.069+0000] {processor.py:914} INFO - Processing file /opt/airflow/dags/snowchef_ETL.py for tasks to queue
[2025-12-02T00:23:22.072+0000] {logging_mixin.py:190} INFO - [2025-12-02T00:23:22.072+0000] {dagbag.py:587} INFO - Filling up the DagBag from /opt/airflow/dags/snowchef_ETL.py
[2025-12-02T00:23:22.110+0000] {processor.py:925} INFO - DAG(s) 'snowchef_ETL_Dag' retrieved from /opt/airflow/dags/snowchef_ETL.py
[2025-12-02T00:23:22.125+0000] {logging_mixin.py:190} INFO - [2025-12-02T00:23:22.125+0000] {dag.py:3229} INFO - Sync 1 DAGs
[2025-12-02T00:23:22.141+0000] {logging_mixin.py:190} INFO - [2025-12-02T00:23:22.141+0000] {dag.py:4156} INFO - Setting next_dagrun for snowchef_ETL_Dag to 2025-12-02 00:00:00+00:00, run_after=2025-12-03 00:00:00+00:00
[2025-12-02T00:23:22.153+0000] {processor.py:208} INFO - Processing /opt/airflow/dags/snowchef_ETL.py took 0.089 seconds
[2025-12-02T00:23:52.600+0000] {processor.py:186} INFO - Started process (PID=6841) to work on /opt/airflow/dags/snowchef_ETL.py
[2025-12-02T00:23:52.601+0000] {processor.py:914} INFO - Processing file /opt/airflow/dags/snowchef_ETL.py for tasks to queue
[2025-12-02T00:23:52.603+0000] {logging_mixin.py:190} INFO - [2025-12-02T00:23:52.602+0000] {dagbag.py:587} INFO - Filling up the DagBag from /opt/airflow/dags/snowchef_ETL.py
[2025-12-02T00:23:52.627+0000] {processor.py:925} INFO - DAG(s) 'snowchef_ETL_Dag' retrieved from /opt/airflow/dags/snowchef_ETL.py
[2025-12-02T00:23:52.639+0000] {logging_mixin.py:190} INFO - [2025-12-02T00:23:52.639+0000] {dag.py:3229} INFO - Sync 1 DAGs
[2025-12-02T00:23:52.653+0000] {logging_mixin.py:190} INFO - [2025-12-02T00:23:52.653+0000] {dag.py:4156} INFO - Setting next_dagrun for snowchef_ETL_Dag to 2025-12-02 00:00:00+00:00, run_after=2025-12-03 00:00:00+00:00
[2025-12-02T00:23:52.664+0000] {processor.py:208} INFO - Processing /opt/airflow/dags/snowchef_ETL.py took 0.069 seconds
[2025-12-02T00:24:23.032+0000] {processor.py:186} INFO - Started process (PID=6857) to work on /opt/airflow/dags/snowchef_ETL.py
[2025-12-02T00:24:23.032+0000] {processor.py:914} INFO - Processing file /opt/airflow/dags/snowchef_ETL.py for tasks to queue
[2025-12-02T00:24:23.034+0000] {logging_mixin.py:190} INFO - [2025-12-02T00:24:23.034+0000] {dagbag.py:587} INFO - Filling up the DagBag from /opt/airflow/dags/snowchef_ETL.py
[2025-12-02T00:24:23.067+0000] {processor.py:925} INFO - DAG(s) 'snowchef_ETL_Dag' retrieved from /opt/airflow/dags/snowchef_ETL.py
[2025-12-02T00:24:23.082+0000] {logging_mixin.py:190} INFO - [2025-12-02T00:24:23.082+0000] {dag.py:3229} INFO - Sync 1 DAGs
[2025-12-02T00:24:23.096+0000] {logging_mixin.py:190} INFO - [2025-12-02T00:24:23.095+0000] {dag.py:4156} INFO - Setting next_dagrun for snowchef_ETL_Dag to 2025-12-02 00:00:00+00:00, run_after=2025-12-03 00:00:00+00:00
[2025-12-02T00:24:23.108+0000] {processor.py:208} INFO - Processing /opt/airflow/dags/snowchef_ETL.py took 0.080 seconds
[2025-12-02T00:24:53.567+0000] {processor.py:186} INFO - Started process (PID=6873) to work on /opt/airflow/dags/snowchef_ETL.py
[2025-12-02T00:24:53.569+0000] {processor.py:914} INFO - Processing file /opt/airflow/dags/snowchef_ETL.py for tasks to queue
[2025-12-02T00:24:53.577+0000] {logging_mixin.py:190} INFO - [2025-12-02T00:24:53.576+0000] {dagbag.py:587} INFO - Filling up the DagBag from /opt/airflow/dags/snowchef_ETL.py
[2025-12-02T00:24:53.605+0000] {processor.py:925} INFO - DAG(s) 'snowchef_ETL_Dag' retrieved from /opt/airflow/dags/snowchef_ETL.py
[2025-12-02T00:24:53.619+0000] {logging_mixin.py:190} INFO - [2025-12-02T00:24:53.619+0000] {dag.py:3229} INFO - Sync 1 DAGs
[2025-12-02T00:24:53.635+0000] {logging_mixin.py:190} INFO - [2025-12-02T00:24:53.635+0000] {dag.py:4156} INFO - Setting next_dagrun for snowchef_ETL_Dag to 2025-12-02 00:00:00+00:00, run_after=2025-12-03 00:00:00+00:00
[2025-12-02T00:24:53.646+0000] {processor.py:208} INFO - Processing /opt/airflow/dags/snowchef_ETL.py took 0.091 seconds
[2025-12-02T00:25:23.948+0000] {processor.py:186} INFO - Started process (PID=6889) to work on /opt/airflow/dags/snowchef_ETL.py
[2025-12-02T00:25:23.951+0000] {processor.py:914} INFO - Processing file /opt/airflow/dags/snowchef_ETL.py for tasks to queue
[2025-12-02T00:25:23.959+0000] {logging_mixin.py:190} INFO - [2025-12-02T00:25:23.959+0000] {dagbag.py:587} INFO - Filling up the DagBag from /opt/airflow/dags/snowchef_ETL.py
[2025-12-02T00:25:23.988+0000] {processor.py:925} INFO - DAG(s) 'snowchef_ETL_Dag' retrieved from /opt/airflow/dags/snowchef_ETL.py
[2025-12-02T00:25:24.000+0000] {logging_mixin.py:190} INFO - [2025-12-02T00:25:24.000+0000] {dag.py:3229} INFO - Sync 1 DAGs
[2025-12-02T00:25:24.013+0000] {logging_mixin.py:190} INFO - [2025-12-02T00:25:24.013+0000] {dag.py:4156} INFO - Setting next_dagrun for snowchef_ETL_Dag to 2025-12-02 00:00:00+00:00, run_after=2025-12-03 00:00:00+00:00
[2025-12-02T00:25:24.024+0000] {processor.py:208} INFO - Processing /opt/airflow/dags/snowchef_ETL.py took 0.087 seconds
[2025-12-02T00:25:54.500+0000] {processor.py:186} INFO - Started process (PID=6905) to work on /opt/airflow/dags/snowchef_ETL.py
[2025-12-02T00:25:54.501+0000] {processor.py:914} INFO - Processing file /opt/airflow/dags/snowchef_ETL.py for tasks to queue
[2025-12-02T00:25:54.503+0000] {logging_mixin.py:190} INFO - [2025-12-02T00:25:54.503+0000] {dagbag.py:587} INFO - Filling up the DagBag from /opt/airflow/dags/snowchef_ETL.py
[2025-12-02T00:25:54.539+0000] {processor.py:925} INFO - DAG(s) 'snowchef_ETL_Dag' retrieved from /opt/airflow/dags/snowchef_ETL.py
[2025-12-02T00:25:54.554+0000] {logging_mixin.py:190} INFO - [2025-12-02T00:25:54.554+0000] {dag.py:3229} INFO - Sync 1 DAGs
[2025-12-02T00:25:54.571+0000] {logging_mixin.py:190} INFO - [2025-12-02T00:25:54.570+0000] {dag.py:4156} INFO - Setting next_dagrun for snowchef_ETL_Dag to 2025-12-02 00:00:00+00:00, run_after=2025-12-03 00:00:00+00:00
[2025-12-02T00:25:54.585+0000] {processor.py:208} INFO - Processing /opt/airflow/dags/snowchef_ETL.py took 0.093 seconds
[2025-12-02T00:26:24.894+0000] {processor.py:186} INFO - Started process (PID=6921) to work on /opt/airflow/dags/snowchef_ETL.py
[2025-12-02T00:26:24.896+0000] {processor.py:914} INFO - Processing file /opt/airflow/dags/snowchef_ETL.py for tasks to queue
[2025-12-02T00:26:24.907+0000] {logging_mixin.py:190} INFO - [2025-12-02T00:26:24.906+0000] {dagbag.py:587} INFO - Filling up the DagBag from /opt/airflow/dags/snowchef_ETL.py
[2025-12-02T00:26:24.942+0000] {processor.py:925} INFO - DAG(s) 'snowchef_ETL_Dag' retrieved from /opt/airflow/dags/snowchef_ETL.py
[2025-12-02T00:26:24.968+0000] {logging_mixin.py:190} INFO - [2025-12-02T00:26:24.968+0000] {dag.py:3229} INFO - Sync 1 DAGs
[2025-12-02T00:26:24.988+0000] {logging_mixin.py:190} INFO - [2025-12-02T00:26:24.988+0000] {dag.py:4156} INFO - Setting next_dagrun for snowchef_ETL_Dag to 2025-12-02 00:00:00+00:00, run_after=2025-12-03 00:00:00+00:00
[2025-12-02T00:26:25.000+0000] {processor.py:208} INFO - Processing /opt/airflow/dags/snowchef_ETL.py took 0.116 seconds
[2025-12-02T00:26:55.445+0000] {processor.py:186} INFO - Started process (PID=6937) to work on /opt/airflow/dags/snowchef_ETL.py
[2025-12-02T00:26:55.449+0000] {processor.py:914} INFO - Processing file /opt/airflow/dags/snowchef_ETL.py for tasks to queue
[2025-12-02T00:26:55.457+0000] {logging_mixin.py:190} INFO - [2025-12-02T00:26:55.456+0000] {dagbag.py:587} INFO - Filling up the DagBag from /opt/airflow/dags/snowchef_ETL.py
[2025-12-02T00:26:55.483+0000] {processor.py:925} INFO - DAG(s) 'snowchef_ETL_Dag' retrieved from /opt/airflow/dags/snowchef_ETL.py
[2025-12-02T00:26:55.494+0000] {logging_mixin.py:190} INFO - [2025-12-02T00:26:55.494+0000] {dag.py:3229} INFO - Sync 1 DAGs
[2025-12-02T00:26:55.511+0000] {logging_mixin.py:190} INFO - [2025-12-02T00:26:55.511+0000] {dag.py:4156} INFO - Setting next_dagrun for snowchef_ETL_Dag to 2025-12-02 00:00:00+00:00, run_after=2025-12-03 00:00:00+00:00
[2025-12-02T00:26:55.523+0000] {processor.py:208} INFO - Processing /opt/airflow/dags/snowchef_ETL.py took 0.083 seconds
[2025-12-02T00:27:25.932+0000] {processor.py:186} INFO - Started process (PID=6953) to work on /opt/airflow/dags/snowchef_ETL.py
[2025-12-02T00:27:25.935+0000] {processor.py:914} INFO - Processing file /opt/airflow/dags/snowchef_ETL.py for tasks to queue
[2025-12-02T00:27:25.947+0000] {logging_mixin.py:190} INFO - [2025-12-02T00:27:25.946+0000] {dagbag.py:587} INFO - Filling up the DagBag from /opt/airflow/dags/snowchef_ETL.py
[2025-12-02T00:27:25.982+0000] {processor.py:925} INFO - DAG(s) 'snowchef_ETL_Dag' retrieved from /opt/airflow/dags/snowchef_ETL.py
[2025-12-02T00:27:25.996+0000] {logging_mixin.py:190} INFO - [2025-12-02T00:27:25.996+0000] {dag.py:3229} INFO - Sync 1 DAGs
[2025-12-02T00:27:26.027+0000] {logging_mixin.py:190} INFO - [2025-12-02T00:27:26.027+0000] {dag.py:4156} INFO - Setting next_dagrun for snowchef_ETL_Dag to 2025-12-02 00:00:00+00:00, run_after=2025-12-03 00:00:00+00:00
[2025-12-02T00:27:26.040+0000] {processor.py:208} INFO - Processing /opt/airflow/dags/snowchef_ETL.py took 0.122 seconds
[2025-12-02T00:27:56.534+0000] {processor.py:186} INFO - Started process (PID=6969) to work on /opt/airflow/dags/snowchef_ETL.py
[2025-12-02T00:27:56.536+0000] {processor.py:914} INFO - Processing file /opt/airflow/dags/snowchef_ETL.py for tasks to queue
[2025-12-02T00:27:56.543+0000] {logging_mixin.py:190} INFO - [2025-12-02T00:27:56.543+0000] {dagbag.py:587} INFO - Filling up the DagBag from /opt/airflow/dags/snowchef_ETL.py
[2025-12-02T00:27:56.594+0000] {processor.py:925} INFO - DAG(s) 'snowchef_ETL_Dag' retrieved from /opt/airflow/dags/snowchef_ETL.py
[2025-12-02T00:27:56.629+0000] {logging_mixin.py:190} INFO - [2025-12-02T00:27:56.628+0000] {dag.py:3229} INFO - Sync 1 DAGs
[2025-12-02T00:27:56.655+0000] {logging_mixin.py:190} INFO - [2025-12-02T00:27:56.655+0000] {dag.py:4156} INFO - Setting next_dagrun for snowchef_ETL_Dag to 2025-12-02 00:00:00+00:00, run_after=2025-12-03 00:00:00+00:00
[2025-12-02T00:27:56.672+0000] {processor.py:208} INFO - Processing /opt/airflow/dags/snowchef_ETL.py took 0.147 seconds
[2025-12-02T00:28:27.102+0000] {processor.py:186} INFO - Started process (PID=6985) to work on /opt/airflow/dags/snowchef_ETL.py
[2025-12-02T00:28:27.103+0000] {processor.py:914} INFO - Processing file /opt/airflow/dags/snowchef_ETL.py for tasks to queue
[2025-12-02T00:28:27.106+0000] {logging_mixin.py:190} INFO - [2025-12-02T00:28:27.106+0000] {dagbag.py:587} INFO - Filling up the DagBag from /opt/airflow/dags/snowchef_ETL.py
[2025-12-02T00:28:27.144+0000] {processor.py:925} INFO - DAG(s) 'snowchef_ETL_Dag' retrieved from /opt/airflow/dags/snowchef_ETL.py
[2025-12-02T00:28:27.162+0000] {logging_mixin.py:190} INFO - [2025-12-02T00:28:27.161+0000] {dag.py:3229} INFO - Sync 1 DAGs
[2025-12-02T00:28:27.187+0000] {logging_mixin.py:190} INFO - [2025-12-02T00:28:27.186+0000] {dag.py:4156} INFO - Setting next_dagrun for snowchef_ETL_Dag to 2025-12-02 00:00:00+00:00, run_after=2025-12-03 00:00:00+00:00
[2025-12-02T00:28:27.198+0000] {processor.py:208} INFO - Processing /opt/airflow/dags/snowchef_ETL.py took 0.106 seconds
[2025-12-02T00:28:57.606+0000] {processor.py:186} INFO - Started process (PID=7001) to work on /opt/airflow/dags/snowchef_ETL.py
[2025-12-02T00:28:57.609+0000] {processor.py:914} INFO - Processing file /opt/airflow/dags/snowchef_ETL.py for tasks to queue
[2025-12-02T00:28:57.613+0000] {logging_mixin.py:190} INFO - [2025-12-02T00:28:57.613+0000] {dagbag.py:587} INFO - Filling up the DagBag from /opt/airflow/dags/snowchef_ETL.py
[2025-12-02T00:28:57.653+0000] {processor.py:925} INFO - DAG(s) 'snowchef_ETL_Dag' retrieved from /opt/airflow/dags/snowchef_ETL.py
[2025-12-02T00:28:57.671+0000] {logging_mixin.py:190} INFO - [2025-12-02T00:28:57.670+0000] {dag.py:3229} INFO - Sync 1 DAGs
[2025-12-02T00:28:57.694+0000] {logging_mixin.py:190} INFO - [2025-12-02T00:28:57.694+0000] {dag.py:4156} INFO - Setting next_dagrun for snowchef_ETL_Dag to 2025-12-02 00:00:00+00:00, run_after=2025-12-03 00:00:00+00:00
[2025-12-02T00:28:57.714+0000] {processor.py:208} INFO - Processing /opt/airflow/dags/snowchef_ETL.py took 0.114 seconds
[2025-12-02T00:29:28.129+0000] {processor.py:186} INFO - Started process (PID=7017) to work on /opt/airflow/dags/snowchef_ETL.py
[2025-12-02T00:29:28.135+0000] {processor.py:914} INFO - Processing file /opt/airflow/dags/snowchef_ETL.py for tasks to queue
[2025-12-02T00:29:28.150+0000] {logging_mixin.py:190} INFO - [2025-12-02T00:29:28.146+0000] {dagbag.py:587} INFO - Filling up the DagBag from /opt/airflow/dags/snowchef_ETL.py
[2025-12-02T00:29:28.188+0000] {processor.py:925} INFO - DAG(s) 'snowchef_ETL_Dag' retrieved from /opt/airflow/dags/snowchef_ETL.py
[2025-12-02T00:29:28.213+0000] {logging_mixin.py:190} INFO - [2025-12-02T00:29:28.213+0000] {dag.py:3229} INFO - Sync 1 DAGs
[2025-12-02T00:29:28.236+0000] {logging_mixin.py:190} INFO - [2025-12-02T00:29:28.236+0000] {dag.py:4156} INFO - Setting next_dagrun for snowchef_ETL_Dag to 2025-12-02 00:00:00+00:00, run_after=2025-12-03 00:00:00+00:00
[2025-12-02T00:29:28.250+0000] {processor.py:208} INFO - Processing /opt/airflow/dags/snowchef_ETL.py took 0.137 seconds
[2025-12-02T00:29:58.724+0000] {processor.py:186} INFO - Started process (PID=7033) to work on /opt/airflow/dags/snowchef_ETL.py
[2025-12-02T00:29:58.725+0000] {processor.py:914} INFO - Processing file /opt/airflow/dags/snowchef_ETL.py for tasks to queue
[2025-12-02T00:29:58.728+0000] {logging_mixin.py:190} INFO - [2025-12-02T00:29:58.728+0000] {dagbag.py:587} INFO - Filling up the DagBag from /opt/airflow/dags/snowchef_ETL.py
[2025-12-02T00:29:58.775+0000] {processor.py:925} INFO - DAG(s) 'snowchef_ETL_Dag' retrieved from /opt/airflow/dags/snowchef_ETL.py
[2025-12-02T00:29:58.797+0000] {logging_mixin.py:190} INFO - [2025-12-02T00:29:58.796+0000] {dag.py:3229} INFO - Sync 1 DAGs
[2025-12-02T00:29:58.819+0000] {logging_mixin.py:190} INFO - [2025-12-02T00:29:58.819+0000] {dag.py:4156} INFO - Setting next_dagrun for snowchef_ETL_Dag to 2025-12-02 00:00:00+00:00, run_after=2025-12-03 00:00:00+00:00
[2025-12-02T00:29:58.831+0000] {processor.py:208} INFO - Processing /opt/airflow/dags/snowchef_ETL.py took 0.120 seconds
[2025-12-02T00:30:29.291+0000] {processor.py:186} INFO - Started process (PID=7049) to work on /opt/airflow/dags/snowchef_ETL.py
[2025-12-02T00:30:29.294+0000] {processor.py:914} INFO - Processing file /opt/airflow/dags/snowchef_ETL.py for tasks to queue
[2025-12-02T00:30:29.298+0000] {logging_mixin.py:190} INFO - [2025-12-02T00:30:29.297+0000] {dagbag.py:587} INFO - Filling up the DagBag from /opt/airflow/dags/snowchef_ETL.py
[2025-12-02T00:30:29.342+0000] {processor.py:925} INFO - DAG(s) 'snowchef_ETL_Dag' retrieved from /opt/airflow/dags/snowchef_ETL.py
[2025-12-02T00:30:29.358+0000] {logging_mixin.py:190} INFO - [2025-12-02T00:30:29.357+0000] {dag.py:3229} INFO - Sync 1 DAGs
[2025-12-02T00:30:29.376+0000] {logging_mixin.py:190} INFO - [2025-12-02T00:30:29.376+0000] {dag.py:4156} INFO - Setting next_dagrun for snowchef_ETL_Dag to 2025-12-02 00:00:00+00:00, run_after=2025-12-03 00:00:00+00:00
[2025-12-02T00:30:29.390+0000] {processor.py:208} INFO - Processing /opt/airflow/dags/snowchef_ETL.py took 0.117 seconds
[2025-12-02T00:30:59.736+0000] {processor.py:186} INFO - Started process (PID=7065) to work on /opt/airflow/dags/snowchef_ETL.py
[2025-12-02T00:30:59.737+0000] {processor.py:914} INFO - Processing file /opt/airflow/dags/snowchef_ETL.py for tasks to queue
[2025-12-02T00:30:59.740+0000] {logging_mixin.py:190} INFO - [2025-12-02T00:30:59.740+0000] {dagbag.py:587} INFO - Filling up the DagBag from /opt/airflow/dags/snowchef_ETL.py
[2025-12-02T00:30:59.783+0000] {processor.py:925} INFO - DAG(s) 'snowchef_ETL_Dag' retrieved from /opt/airflow/dags/snowchef_ETL.py
[2025-12-02T00:30:59.798+0000] {logging_mixin.py:190} INFO - [2025-12-02T00:30:59.798+0000] {dag.py:3229} INFO - Sync 1 DAGs
[2025-12-02T00:30:59.819+0000] {logging_mixin.py:190} INFO - [2025-12-02T00:30:59.819+0000] {dag.py:4156} INFO - Setting next_dagrun for snowchef_ETL_Dag to 2025-12-02 00:00:00+00:00, run_after=2025-12-03 00:00:00+00:00
[2025-12-02T00:30:59.830+0000] {processor.py:208} INFO - Processing /opt/airflow/dags/snowchef_ETL.py took 0.098 seconds
[2025-12-02T00:31:30.305+0000] {processor.py:186} INFO - Started process (PID=7081) to work on /opt/airflow/dags/snowchef_ETL.py
[2025-12-02T00:31:30.307+0000] {processor.py:914} INFO - Processing file /opt/airflow/dags/snowchef_ETL.py for tasks to queue
[2025-12-02T00:31:30.311+0000] {logging_mixin.py:190} INFO - [2025-12-02T00:31:30.310+0000] {dagbag.py:587} INFO - Filling up the DagBag from /opt/airflow/dags/snowchef_ETL.py
[2025-12-02T00:31:30.367+0000] {processor.py:925} INFO - DAG(s) 'snowchef_ETL_Dag' retrieved from /opt/airflow/dags/snowchef_ETL.py
[2025-12-02T00:31:30.387+0000] {logging_mixin.py:190} INFO - [2025-12-02T00:31:30.387+0000] {dag.py:3229} INFO - Sync 1 DAGs
[2025-12-02T00:31:30.409+0000] {logging_mixin.py:190} INFO - [2025-12-02T00:31:30.409+0000] {dag.py:4156} INFO - Setting next_dagrun for snowchef_ETL_Dag to 2025-12-02 00:00:00+00:00, run_after=2025-12-03 00:00:00+00:00
[2025-12-02T00:31:30.431+0000] {processor.py:208} INFO - Processing /opt/airflow/dags/snowchef_ETL.py took 0.134 seconds
[2025-12-02T00:32:01.271+0000] {processor.py:186} INFO - Started process (PID=7097) to work on /opt/airflow/dags/snowchef_ETL.py
[2025-12-02T00:32:01.275+0000] {processor.py:914} INFO - Processing file /opt/airflow/dags/snowchef_ETL.py for tasks to queue
[2025-12-02T00:32:01.282+0000] {logging_mixin.py:190} INFO - [2025-12-02T00:32:01.281+0000] {dagbag.py:587} INFO - Filling up the DagBag from /opt/airflow/dags/snowchef_ETL.py
[2025-12-02T00:32:01.328+0000] {processor.py:925} INFO - DAG(s) 'snowchef_ETL_Dag' retrieved from /opt/airflow/dags/snowchef_ETL.py
[2025-12-02T00:32:01.349+0000] {logging_mixin.py:190} INFO - [2025-12-02T00:32:01.349+0000] {dag.py:3229} INFO - Sync 1 DAGs
[2025-12-02T00:32:01.374+0000] {logging_mixin.py:190} INFO - [2025-12-02T00:32:01.373+0000] {dag.py:4156} INFO - Setting next_dagrun for snowchef_ETL_Dag to 2025-12-02 00:00:00+00:00, run_after=2025-12-03 00:00:00+00:00
[2025-12-02T00:32:01.387+0000] {processor.py:208} INFO - Processing /opt/airflow/dags/snowchef_ETL.py took 0.131 seconds
[2025-12-02T00:32:31.852+0000] {processor.py:186} INFO - Started process (PID=7113) to work on /opt/airflow/dags/snowchef_ETL.py
[2025-12-02T00:32:31.855+0000] {processor.py:914} INFO - Processing file /opt/airflow/dags/snowchef_ETL.py for tasks to queue
[2025-12-02T00:32:31.858+0000] {logging_mixin.py:190} INFO - [2025-12-02T00:32:31.858+0000] {dagbag.py:587} INFO - Filling up the DagBag from /opt/airflow/dags/snowchef_ETL.py
[2025-12-02T00:32:31.887+0000] {processor.py:925} INFO - DAG(s) 'snowchef_ETL_Dag' retrieved from /opt/airflow/dags/snowchef_ETL.py
[2025-12-02T00:32:31.900+0000] {logging_mixin.py:190} INFO - [2025-12-02T00:32:31.899+0000] {dag.py:3229} INFO - Sync 1 DAGs
[2025-12-02T00:32:31.920+0000] {logging_mixin.py:190} INFO - [2025-12-02T00:32:31.920+0000] {dag.py:4156} INFO - Setting next_dagrun for snowchef_ETL_Dag to 2025-12-02 00:00:00+00:00, run_after=2025-12-03 00:00:00+00:00
[2025-12-02T00:32:31.930+0000] {processor.py:208} INFO - Processing /opt/airflow/dags/snowchef_ETL.py took 0.083 seconds
