[2025-12-01T20:45:28.532+0000] {local_task_job_runner.py:123} INFO - ::group::Pre task execution logs
[2025-12-01T20:45:28.561+0000] {taskinstance.py:2612} INFO - Dependencies all met for dep_context=non-requeueable deps ti=<TaskInstance: snowchef_ELT_Dag.dbt_run manual__2025-12-01T20:45:27.855765+00:00 [queued]>
[2025-12-01T20:45:28.577+0000] {taskinstance.py:2612} INFO - Dependencies all met for dep_context=requeueable deps ti=<TaskInstance: snowchef_ELT_Dag.dbt_run manual__2025-12-01T20:45:27.855765+00:00 [queued]>
[2025-12-01T20:45:28.577+0000] {taskinstance.py:2865} INFO - Starting attempt 1 of 1
[2025-12-01T20:45:28.598+0000] {taskinstance.py:2888} INFO - Executing <Task(BashOperator): dbt_run> on 2025-12-01 20:45:27.855765+00:00
[2025-12-01T20:45:28.608+0000] {standard_task_runner.py:104} INFO - Running: ['***', 'tasks', 'run', 'snowchef_ELT_Dag', 'dbt_run', 'manual__2025-12-01T20:45:27.855765+00:00', '--job-id', '48', '--raw', '--subdir', 'DAGS_FOLDER/snowchef_ELT.py', '--cfg-path', '/tmp/tmpcaazme_k']
[2025-12-01T20:45:28.613+0000] {standard_task_runner.py:105} INFO - Job 48: Subtask dbt_run
[2025-12-01T20:45:28.620+0000] {logging_mixin.py:190} WARNING - /home/***/.local/lib/python3.12/site-packages/***/task/task_runner/standard_task_runner.py:70 DeprecationWarning: This process (pid=537) is multi-threaded, use of fork() may lead to deadlocks in the child.
[2025-12-01T20:45:28.624+0000] {standard_task_runner.py:72} INFO - Started process 538 to run task
[2025-12-01T20:45:28.752+0000] {task_command.py:467} INFO - Running <TaskInstance: snowchef_ELT_Dag.dbt_run manual__2025-12-01T20:45:27.855765+00:00 [running]> on host 1e064e29deff
[2025-12-01T20:45:28.913+0000] {taskinstance.py:3131} INFO - Exporting env vars: AIRFLOW_CTX_DAG_OWNER='***' AIRFLOW_CTX_DAG_ID='snowchef_ELT_Dag' AIRFLOW_CTX_TASK_ID='dbt_run' AIRFLOW_CTX_EXECUTION_DATE='2025-12-01T20:45:27.855765+00:00' AIRFLOW_CTX_TRY_NUMBER='1' AIRFLOW_CTX_DAG_RUN_ID='manual__2025-12-01T20:45:27.855765+00:00'
[2025-12-01T20:45:28.915+0000] {taskinstance.py:731} INFO - ::endgroup::
[2025-12-01T20:45:28.953+0000] {subprocess.py:63} INFO - Tmp dir root location: /tmp
[2025-12-01T20:45:28.956+0000] {subprocess.py:75} INFO - Running command: ['/usr/bin/bash', '-c', '/home/***/.local/bin/dbt run --profiles-dir /opt/***/dbt --project-dir /opt/***/dbt']
[2025-12-01T20:45:28.981+0000] {subprocess.py:86} INFO - Output:
[2025-12-01T20:45:31.379+0000] {subprocess.py:93} INFO - [0m20:45:31  Running with dbt=1.7.9
[2025-12-01T20:45:32.283+0000] {subprocess.py:93} INFO - [0m20:45:32  Registered adapter: snowflake=1.7.2
[2025-12-01T20:45:32.288+0000] {subprocess.py:93} INFO - [0m20:45:32  Unable to do partial parsing because saved manifest not found. Starting full parse.
[2025-12-01T20:45:32.944+0000] {subprocess.py:93} INFO - [0m20:45:32  [[33mWARNING[0m]: Configuration paths exist in your dbt_project.yml file which do not apply to any resources.
[2025-12-01T20:45:32.945+0000] {subprocess.py:93} INFO - There are 1 unused configuration paths:
[2025-12-01T20:45:32.945+0000] {subprocess.py:93} INFO - - models.snowchef.raw
[2025-12-01T20:45:32.957+0000] {subprocess.py:93} INFO - [0m20:45:32  Found 6 models, 1 snapshot, 8 tests, 4 sources, 0 exposures, 0 metrics, 430 macros, 0 groups, 0 semantic models
[2025-12-01T20:45:32.958+0000] {subprocess.py:93} INFO - [0m20:45:32
[2025-12-01T20:45:36.972+0000] {subprocess.py:93} INFO - [0m20:45:36  Concurrency: 4 threads (target='dev')
[2025-12-01T20:45:36.978+0000] {subprocess.py:93} INFO - [0m20:45:36
[2025-12-01T20:45:37.003+0000] {subprocess.py:93} INFO - [0m20:45:37  1 of 6 START sql view model RAW.stg_ingredient ................................. [RUN]
[2025-12-01T20:45:37.004+0000] {subprocess.py:93} INFO - [0m20:45:37  2 of 6 START sql view model RAW.stg_pantry ..................................... [RUN]
[2025-12-01T20:45:37.004+0000] {subprocess.py:93} INFO - [0m20:45:37  3 of 6 START sql view model RAW.stg_recipe ..................................... [RUN]
[2025-12-01T20:45:37.005+0000] {subprocess.py:93} INFO - [0m20:45:37  4 of 6 START sql view model RAW.stg_recipe_ingredient .......................... [RUN]
[2025-12-01T20:45:38.037+0000] {subprocess.py:93} INFO - [0m20:45:38  4 of 6 OK created sql view model RAW.stg_recipe_ingredient ..................... [[32mSUCCESS 1[0m in 1.03s]
[2025-12-01T20:45:38.117+0000] {subprocess.py:93} INFO - [0m20:45:38  2 of 6 OK created sql view model RAW.stg_pantry ................................ [[32mSUCCESS 1[0m in 1.11s]
[2025-12-01T20:45:38.159+0000] {subprocess.py:93} INFO - [0m20:45:38  3 of 6 OK created sql view model RAW.stg_recipe ................................ [[32mSUCCESS 1[0m in 1.15s]
[2025-12-01T20:45:38.161+0000] {subprocess.py:93} INFO - [0m20:45:38  5 of 6 START sql table model RAW_ANALYTICS.mart_recipe_availability ............ [RUN]
[2025-12-01T20:45:38.229+0000] {subprocess.py:93} INFO - [0m20:45:38  1 of 6 OK created sql view model RAW.stg_ingredient ............................ [[32mSUCCESS 1[0m in 1.22s]
[2025-12-01T20:45:38.231+0000] {subprocess.py:93} INFO - [0m20:45:38  6 of 6 START sql table model RAW_ANALYTICS.mart_user_inventory ................. [RUN]
[2025-12-01T20:45:40.971+0000] {subprocess.py:93} INFO - [0m20:45:40  6 of 6 OK created sql table model RAW_ANALYTICS.mart_user_inventory ............ [[32mSUCCESS 1[0m in 2.74s]
[2025-12-01T20:45:40.974+0000] {subprocess.py:93} INFO - [0m20:45:40  5 of 6 OK created sql table model RAW_ANALYTICS.mart_recipe_availability ....... [[32mSUCCESS 1[0m in 2.81s]
[2025-12-01T20:45:40.981+0000] {subprocess.py:93} INFO - [0m20:45:40
[2025-12-01T20:45:40.982+0000] {subprocess.py:93} INFO - [0m20:45:40  Finished running 4 view models, 2 table models in 0 hours 0 minutes and 8.02 seconds (8.02s).
[2025-12-01T20:45:41.000+0000] {subprocess.py:93} INFO - [0m20:45:41
[2025-12-01T20:45:41.000+0000] {subprocess.py:93} INFO - [0m20:45:41  [32mCompleted successfully[0m
[2025-12-01T20:45:41.001+0000] {subprocess.py:93} INFO - [0m20:45:41
[2025-12-01T20:45:41.001+0000] {subprocess.py:93} INFO - [0m20:45:41  Done. PASS=6 WARN=0 ERROR=0 SKIP=0 TOTAL=6
[2025-12-01T20:45:41.893+0000] {subprocess.py:97} INFO - Command exited with return code 0
[2025-12-01T20:45:41.944+0000] {taskinstance.py:340} INFO - ::group::Post task execution logs
[2025-12-01T20:45:41.945+0000] {taskinstance.py:352} INFO - Marking task as SUCCESS. dag_id=snowchef_ELT_Dag, task_id=dbt_run, run_id=manual__2025-12-01T20:45:27.855765+00:00, execution_date=20251201T204527, start_date=20251201T204528, end_date=20251201T204541
[2025-12-01T20:45:41.976+0000] {local_task_job_runner.py:266} INFO - Task exited with return code 0
[2025-12-01T20:45:41.998+0000] {taskinstance.py:3900} INFO - 1 downstream tasks scheduled from follow-on schedule check
[2025-12-01T20:45:41.998+0000] {local_task_job_runner.py:245} INFO - ::endgroup::
