[2025-12-01T08:28:15.750+0000] {local_task_job_runner.py:123} INFO - ::group::Pre task execution logs
[2025-12-01T08:28:15.763+0000] {taskinstance.py:2612} INFO - Dependencies all met for dep_context=non-requeueable deps ti=<TaskInstance: snowchef_ETL_Dag.load_synthetic_pantry_data manual__2025-12-01T08:15:20.386462+00:00 [queued]>
[2025-12-01T08:28:15.766+0000] {taskinstance.py:2612} INFO - Dependencies all met for dep_context=requeueable deps ti=<TaskInstance: snowchef_ETL_Dag.load_synthetic_pantry_data manual__2025-12-01T08:15:20.386462+00:00 [queued]>
[2025-12-01T08:28:15.767+0000] {taskinstance.py:2865} INFO - Starting attempt 1 of 2
[2025-12-01T08:28:15.772+0000] {taskinstance.py:2888} INFO - Executing <Task(_PythonDecoratedOperator): load_synthetic_pantry_data> on 2025-12-01 08:15:20.386462+00:00
[2025-12-01T08:28:15.781+0000] {logging_mixin.py:190} WARNING - /home/***/.local/lib/python3.12/site-packages/***/task/task_runner/standard_task_runner.py:70 DeprecationWarning: This process (pid=669) is multi-threaded, use of fork() may lead to deadlocks in the child.
[2025-12-01T08:28:15.782+0000] {standard_task_runner.py:104} INFO - Running: ['***', 'tasks', 'run', 'snowchef_ETL_Dag', 'load_synthetic_pantry_data', 'manual__2025-12-01T08:15:20.386462+00:00', '--job-id', '28', '--raw', '--subdir', 'DAGS_FOLDER/snowchef_ETL.py', '--cfg-path', '/tmp/tmpgno9k911']
[2025-12-01T08:28:15.783+0000] {standard_task_runner.py:72} INFO - Started process 680 to run task
[2025-12-01T08:28:15.783+0000] {standard_task_runner.py:105} INFO - Job 28: Subtask load_synthetic_pantry_data
[2025-12-01T08:28:15.808+0000] {task_command.py:467} INFO - Running <TaskInstance: snowchef_ETL_Dag.load_synthetic_pantry_data manual__2025-12-01T08:15:20.386462+00:00 [running]> on host 773a20b60281
[2025-12-01T08:28:15.859+0000] {taskinstance.py:3131} INFO - Exporting env vars: AIRFLOW_CTX_DAG_OWNER='snowchef' AIRFLOW_CTX_DAG_ID='snowchef_ETL_Dag' AIRFLOW_CTX_TASK_ID='load_synthetic_pantry_data' AIRFLOW_CTX_EXECUTION_DATE='2025-12-01T08:15:20.386462+00:00' AIRFLOW_CTX_TRY_NUMBER='1' AIRFLOW_CTX_DAG_RUN_ID='manual__2025-12-01T08:15:20.386462+00:00'
[2025-12-01T08:28:15.860+0000] {taskinstance.py:731} INFO - ::endgroup::
[2025-12-01T08:28:15.867+0000] {base.py:84} INFO - Retrieving connection 'snowflake_conn'
[2025-12-01T08:28:15.867+0000] {connection.py:413} INFO - Snowflake Connector for Python Version: 3.12.1, Python Version: 3.12.5, Platform: Linux-6.12.54-linuxkit-aarch64-with-glibc2.36
[2025-12-01T08:28:15.868+0000] {connection.py:1196} INFO - Connecting to GLOBAL Snowflake domain
[2025-12-01T08:28:15.868+0000] {connection.py:1277} INFO - This connection is in OCSP Fail Open Mode. TLS Certificates would be checked for validity and revocation status. Any other Certificate Revocation related exceptions or OCSP Responder failures would be disregarded in favor of connectivity.
[2025-12-01T08:28:16.755+0000] {cursor.py:1156} INFO - Number of results in first chunk: 242
[2025-12-01T08:28:16.757+0000] {connection.py:788} INFO - closed
[2025-12-01T08:28:16.812+0000] {connection.py:794} INFO - No async queries seem to be running, deleting session
[2025-12-01T08:28:16.935+0000] {logging_mixin.py:190} INFO - Generated 100 synthetic pantry entries (max 100) for 10 users.
[2025-12-01T08:28:16.940+0000] {base.py:84} INFO - Retrieving connection 'snowflake_conn'
[2025-12-01T08:28:16.941+0000] {connection.py:413} INFO - Snowflake Connector for Python Version: 3.12.1, Python Version: 3.12.5, Platform: Linux-6.12.54-linuxkit-aarch64-with-glibc2.36
[2025-12-01T08:28:16.941+0000] {connection.py:1196} INFO - Connecting to GLOBAL Snowflake domain
[2025-12-01T08:28:16.941+0000] {connection.py:1277} INFO - This connection is in OCSP Fail Open Mode. TLS Certificates would be checked for validity and revocation status. Any other Certificate Revocation related exceptions or OCSP Responder failures would be disregarded in favor of connectivity.
[2025-12-01T08:28:17.390+0000] {cursor.py:1156} INFO - Number of results in first chunk: 1
[2025-12-01T08:28:17.474+0000] {cursor.py:1156} INFO - Number of results in first chunk: 1
[2025-12-01T08:28:17.481+0000] {base.py:84} INFO - Retrieving connection 'snowflake_conn'
[2025-12-01T08:28:17.579+0000] {connection.py:788} INFO - closed
[2025-12-01T08:28:17.635+0000] {connection.py:794} INFO - No async queries seem to be running, deleting session
[2025-12-01T08:28:17.715+0000] {taskinstance.py:3310} ERROR - Task failed with exception
Traceback (most recent call last):
  File "/home/airflow/.local/lib/python3.12/site-packages/airflow/models/taskinstance.py", line 767, in _execute_task
    result = _execute_callable(context=context, **execute_callable_kwargs)
             ^^^^^^^^^^^^^^^^^^^^^^^^^^^^^^^^^^^^^^^^^^^^^^^^^^^^^^^^^^^^^
  File "/home/airflow/.local/lib/python3.12/site-packages/airflow/models/taskinstance.py", line 733, in _execute_callable
    return ExecutionCallableRunner(
           ^^^^^^^^^^^^^^^^^^^^^^^^
  File "/home/airflow/.local/lib/python3.12/site-packages/airflow/utils/operator_helpers.py", line 252, in run
    return self.func(*args, **kwargs)
           ^^^^^^^^^^^^^^^^^^^^^^^^^^
  File "/home/airflow/.local/lib/python3.12/site-packages/airflow/models/baseoperator.py", line 406, in wrapper
    return func(self, *args, **kwargs)
           ^^^^^^^^^^^^^^^^^^^^^^^^^^^
  File "/home/airflow/.local/lib/python3.12/site-packages/airflow/decorators/base.py", line 266, in execute
    return_value = super().execute(context)
                   ^^^^^^^^^^^^^^^^^^^^^^^^
  File "/home/airflow/.local/lib/python3.12/site-packages/airflow/models/baseoperator.py", line 406, in wrapper
    return func(self, *args, **kwargs)
           ^^^^^^^^^^^^^^^^^^^^^^^^^^^
  File "/home/airflow/.local/lib/python3.12/site-packages/airflow/operators/python.py", line 238, in execute
    return_value = self.execute_callable()
                   ^^^^^^^^^^^^^^^^^^^^^^^
  File "/home/airflow/.local/lib/python3.12/site-packages/airflow/operators/python.py", line 256, in execute_callable
    return runner.run(*self.op_args, **self.op_kwargs)
           ^^^^^^^^^^^^^^^^^^^^^^^^^^^^^^^^^^^^^^^^^^^
  File "/home/airflow/.local/lib/python3.12/site-packages/airflow/utils/operator_helpers.py", line 252, in run
    return self.func(*args, **kwargs)
           ^^^^^^^^^^^^^^^^^^^^^^^^^^
  File "/opt/airflow/dags/snowchef_ETL.py", line 304, in load_synthetic_pantry_data
    hook.insert_rows(
  File "/home/airflow/.local/lib/python3.12/site-packages/airflow/providers/common/sql/hooks/sql.py", line 632, in insert_rows
    cur.execute(sql, values)
  File "/home/airflow/.local/lib/python3.12/site-packages/snowflake/connector/cursor.py", line 1087, in execute
    Error.errorhandler_wrapper(self.connection, self, error_class, errvalue)
  File "/home/airflow/.local/lib/python3.12/site-packages/snowflake/connector/errors.py", line 284, in errorhandler_wrapper
    handed_over = Error.hand_to_other_handler(
                  ^^^^^^^^^^^^^^^^^^^^^^^^^^^^
  File "/home/airflow/.local/lib/python3.12/site-packages/snowflake/connector/errors.py", line 339, in hand_to_other_handler
    cursor.errorhandler(connection, cursor, error_class, error_value)
  File "/home/airflow/.local/lib/python3.12/site-packages/snowflake/connector/errors.py", line 215, in default_errorhandler
    raise error_class(
snowflake.connector.errors.ProgrammingError: 001003 (42000): 01c0c15c-0307-28fd-000f-c0df00a521e6: SQL compilation error:
syntax error line 1 at position 0 unexpected 'REPLACE'.
[2025-12-01T08:28:17.722+0000] {taskinstance.py:1225} INFO - Marking task as UP_FOR_RETRY. dag_id=snowchef_ETL_Dag, task_id=load_synthetic_pantry_data, run_id=manual__2025-12-01T08:15:20.386462+00:00, execution_date=20251201T081520, start_date=20251201T082815, end_date=20251201T082817
[2025-12-01T08:28:17.729+0000] {taskinstance.py:340} INFO - ::group::Post task execution logs
[2025-12-01T08:28:17.730+0000] {standard_task_runner.py:124} ERROR - Failed to execute job 28 for task load_synthetic_pantry_data (001003 (42000): 01c0c15c-0307-28fd-000f-c0df00a521e6: SQL compilation error:
syntax error line 1 at position 0 unexpected 'REPLACE'.; 680)
Traceback (most recent call last):
  File "/home/airflow/.local/lib/python3.12/site-packages/airflow/task/task_runner/standard_task_runner.py", line 117, in _start_by_fork
    ret = args.func(args, dag=self.dag)
          ^^^^^^^^^^^^^^^^^^^^^^^^^^^^^
  File "/home/airflow/.local/lib/python3.12/site-packages/airflow/cli/cli_config.py", line 49, in command
    return func(*args, **kwargs)
           ^^^^^^^^^^^^^^^^^^^^^
  File "/home/airflow/.local/lib/python3.12/site-packages/airflow/utils/cli.py", line 115, in wrapper
    return f(*args, **kwargs)
           ^^^^^^^^^^^^^^^^^^
  File "/home/airflow/.local/lib/python3.12/site-packages/airflow/cli/commands/task_command.py", line 483, in task_run
    task_return_code = _run_task_by_selected_method(args, _dag, ti)
                       ^^^^^^^^^^^^^^^^^^^^^^^^^^^^^^^^^^^^^^^^^^^^
  File "/home/airflow/.local/lib/python3.12/site-packages/airflow/cli/commands/task_command.py", line 256, in _run_task_by_selected_method
    return _run_raw_task(args, ti)
           ^^^^^^^^^^^^^^^^^^^^^^^
  File "/home/airflow/.local/lib/python3.12/site-packages/airflow/cli/commands/task_command.py", line 341, in _run_raw_task
    return ti._run_raw_task(
           ^^^^^^^^^^^^^^^^^
  File "/home/airflow/.local/lib/python3.12/site-packages/airflow/utils/session.py", line 97, in wrapper
    return func(*args, session=session, **kwargs)
           ^^^^^^^^^^^^^^^^^^^^^^^^^^^^^^^^^^^^^^
  File "/home/airflow/.local/lib/python3.12/site-packages/airflow/models/taskinstance.py", line 3004, in _run_raw_task
    return _run_raw_task(
           ^^^^^^^^^^^^^^
  File "/home/airflow/.local/lib/python3.12/site-packages/airflow/models/taskinstance.py", line 273, in _run_raw_task
    TaskInstance._execute_task_with_callbacks(
  File "/home/airflow/.local/lib/python3.12/site-packages/airflow/models/taskinstance.py", line 3158, in _execute_task_with_callbacks
    result = self._execute_task(context, task_orig)
             ^^^^^^^^^^^^^^^^^^^^^^^^^^^^^^^^^^^^^^
  File "/home/airflow/.local/lib/python3.12/site-packages/airflow/models/taskinstance.py", line 3182, in _execute_task
    return _execute_task(self, context, task_orig)
           ^^^^^^^^^^^^^^^^^^^^^^^^^^^^^^^^^^^^^^^
  File "/home/airflow/.local/lib/python3.12/site-packages/airflow/models/taskinstance.py", line 767, in _execute_task
    result = _execute_callable(context=context, **execute_callable_kwargs)
             ^^^^^^^^^^^^^^^^^^^^^^^^^^^^^^^^^^^^^^^^^^^^^^^^^^^^^^^^^^^^^
  File "/home/airflow/.local/lib/python3.12/site-packages/airflow/models/taskinstance.py", line 733, in _execute_callable
    return ExecutionCallableRunner(
           ^^^^^^^^^^^^^^^^^^^^^^^^
  File "/home/airflow/.local/lib/python3.12/site-packages/airflow/utils/operator_helpers.py", line 252, in run
    return self.func(*args, **kwargs)
           ^^^^^^^^^^^^^^^^^^^^^^^^^^
  File "/home/airflow/.local/lib/python3.12/site-packages/airflow/models/baseoperator.py", line 406, in wrapper
    return func(self, *args, **kwargs)
           ^^^^^^^^^^^^^^^^^^^^^^^^^^^
  File "/home/airflow/.local/lib/python3.12/site-packages/airflow/decorators/base.py", line 266, in execute
    return_value = super().execute(context)
                   ^^^^^^^^^^^^^^^^^^^^^^^^
  File "/home/airflow/.local/lib/python3.12/site-packages/airflow/models/baseoperator.py", line 406, in wrapper
    return func(self, *args, **kwargs)
           ^^^^^^^^^^^^^^^^^^^^^^^^^^^
  File "/home/airflow/.local/lib/python3.12/site-packages/airflow/operators/python.py", line 238, in execute
    return_value = self.execute_callable()
                   ^^^^^^^^^^^^^^^^^^^^^^^
  File "/home/airflow/.local/lib/python3.12/site-packages/airflow/operators/python.py", line 256, in execute_callable
    return runner.run(*self.op_args, **self.op_kwargs)
           ^^^^^^^^^^^^^^^^^^^^^^^^^^^^^^^^^^^^^^^^^^^
  File "/home/airflow/.local/lib/python3.12/site-packages/airflow/utils/operator_helpers.py", line 252, in run
    return self.func(*args, **kwargs)
           ^^^^^^^^^^^^^^^^^^^^^^^^^^
  File "/opt/airflow/dags/snowchef_ETL.py", line 304, in load_synthetic_pantry_data
    hook.insert_rows(
  File "/home/airflow/.local/lib/python3.12/site-packages/airflow/providers/common/sql/hooks/sql.py", line 632, in insert_rows
    cur.execute(sql, values)
  File "/home/airflow/.local/lib/python3.12/site-packages/snowflake/connector/cursor.py", line 1087, in execute
    Error.errorhandler_wrapper(self.connection, self, error_class, errvalue)
  File "/home/airflow/.local/lib/python3.12/site-packages/snowflake/connector/errors.py", line 284, in errorhandler_wrapper
    handed_over = Error.hand_to_other_handler(
                  ^^^^^^^^^^^^^^^^^^^^^^^^^^^^
  File "/home/airflow/.local/lib/python3.12/site-packages/snowflake/connector/errors.py", line 339, in hand_to_other_handler
    cursor.errorhandler(connection, cursor, error_class, error_value)
  File "/home/airflow/.local/lib/python3.12/site-packages/snowflake/connector/errors.py", line 215, in default_errorhandler
    raise error_class(
snowflake.connector.errors.ProgrammingError: 001003 (42000): 01c0c15c-0307-28fd-000f-c0df00a521e6: SQL compilation error:
syntax error line 1 at position 0 unexpected 'REPLACE'.
[2025-12-01T08:28:17.778+0000] {local_task_job_runner.py:266} INFO - Task exited with return code 1
[2025-12-01T08:28:17.818+0000] {taskinstance.py:3900} INFO - 0 downstream tasks scheduled from follow-on schedule check
[2025-12-01T08:28:17.820+0000] {local_task_job_runner.py:245} INFO - ::endgroup::
