[2025-12-01T00:48:57.349+0000] {local_task_job_runner.py:123} INFO - ::group::Pre task execution logs
[2025-12-01T00:48:57.363+0000] {taskinstance.py:2612} INFO - Dependencies all met for dep_context=non-requeueable deps ti=<TaskInstance: snowchef_ETL_Dag.load_recipes scheduled__2025-11-30T00:00:00+00:00 [queued]>
[2025-12-01T00:48:57.376+0000] {taskinstance.py:2612} INFO - Dependencies all met for dep_context=requeueable deps ti=<TaskInstance: snowchef_ETL_Dag.load_recipes scheduled__2025-11-30T00:00:00+00:00 [queued]>
[2025-12-01T00:48:57.377+0000] {taskinstance.py:2865} INFO - Starting attempt 1 of 2
[2025-12-01T00:48:57.398+0000] {taskinstance.py:2888} INFO - Executing <Task(_PythonDecoratedOperator): load_recipes> on 2025-11-30 00:00:00+00:00
[2025-12-01T00:48:57.433+0000] {logging_mixin.py:190} WARNING - /home/***/.local/lib/python3.12/site-packages/***/task/task_runner/standard_task_runner.py:70 DeprecationWarning: This process (pid=651) is multi-threaded, use of fork() may lead to deadlocks in the child.
[2025-12-01T00:48:57.437+0000] {standard_task_runner.py:72} INFO - Started process 656 to run task
[2025-12-01T00:48:57.434+0000] {standard_task_runner.py:104} INFO - Running: ['***', 'tasks', 'run', 'snowchef_ETL_Dag', 'load_recipes', 'scheduled__2025-11-30T00:00:00+00:00', '--job-id', '19', '--raw', '--subdir', 'DAGS_FOLDER/snowchef_ETL.py', '--cfg-path', '/tmp/tmp717y8972']
[2025-12-01T00:48:57.439+0000] {standard_task_runner.py:105} INFO - Job 19: Subtask load_recipes
[2025-12-01T00:48:57.496+0000] {task_command.py:467} INFO - Running <TaskInstance: snowchef_ETL_Dag.load_recipes scheduled__2025-11-30T00:00:00+00:00 [running]> on host 45405277e9ad
[2025-12-01T00:48:57.591+0000] {taskinstance.py:3131} INFO - Exporting env vars: AIRFLOW_CTX_DAG_OWNER='snowchef' AIRFLOW_CTX_DAG_ID='snowchef_ETL_Dag' AIRFLOW_CTX_TASK_ID='load_recipes' AIRFLOW_CTX_EXECUTION_DATE='2025-11-30T00:00:00+00:00' AIRFLOW_CTX_TRY_NUMBER='1' AIRFLOW_CTX_DAG_RUN_ID='scheduled__2025-11-30T00:00:00+00:00'
[2025-12-01T00:48:57.594+0000] {taskinstance.py:731} INFO - ::endgroup::
[2025-12-01T00:48:57.625+0000] {base.py:84} INFO - Retrieving connection 'snowflake_conn'
[2025-12-01T00:48:57.633+0000] {connection.py:413} INFO - Snowflake Connector for Python Version: 3.12.1, Python Version: 3.12.5, Platform: Linux-6.12.54-linuxkit-aarch64-with-glibc2.36
[2025-12-01T00:48:57.637+0000] {connection.py:1196} INFO - Connecting to GLOBAL Snowflake domain
[2025-12-01T00:48:57.638+0000] {connection.py:1277} INFO - This connection is in OCSP Fail Open Mode. TLS Certificates would be checked for validity and revocation status. Any other Certificate Revocation related exceptions or OCSP Responder failures would be disregarded in favor of connectivity.
[2025-12-01T00:48:58.234+0000] {cursor.py:1156} INFO - Number of results in first chunk: 1
[2025-12-01T00:48:58.353+0000] {cursor.py:1156} INFO - Number of results in first chunk: 1
[2025-12-01T01:00:16.675+0000] {cursor.py:1156} INFO - Number of results in first chunk: 1
[2025-12-01T01:00:16.687+0000] {logging_mixin.py:190} INFO -  Loaded: 50 recipes, 540 ingredients, 540 links
[2025-12-01T01:00:16.688+0000] {connection.py:788} INFO - closed
[2025-12-01T01:00:16.737+0000] {connection.py:794} INFO - No async queries seem to be running, deleting session
[2025-12-01T01:00:16.826+0000] {python.py:240} INFO - Done. Returned value was: None
[2025-12-01T01:00:16.866+0000] {taskinstance.py:340} INFO - ::group::Post task execution logs
[2025-12-01T01:00:16.867+0000] {taskinstance.py:352} INFO - Marking task as SUCCESS. dag_id=snowchef_ETL_Dag, task_id=load_recipes, run_id=scheduled__2025-11-30T00:00:00+00:00, execution_date=20251130T000000, start_date=20251201T004857, end_date=20251201T010016
[2025-12-01T01:00:16.939+0000] {local_task_job_runner.py:266} INFO - Task exited with return code 0
[2025-12-01T01:00:16.962+0000] {taskinstance.py:3900} INFO - 0 downstream tasks scheduled from follow-on schedule check
[2025-12-01T01:00:16.963+0000] {local_task_job_runner.py:245} INFO - ::endgroup::
[2025-12-01T08:15:35.026+0000] {local_task_job_runner.py:123} INFO - ::group::Pre task execution logs
[2025-12-01T08:15:35.068+0000] {taskinstance.py:2612} INFO - Dependencies all met for dep_context=non-requeueable deps ti=<TaskInstance: snowchef_ETL_Dag.load_recipes scheduled__2025-11-30T00:00:00+00:00 [queued]>
[2025-12-01T08:15:35.082+0000] {taskinstance.py:2612} INFO - Dependencies all met for dep_context=requeueable deps ti=<TaskInstance: snowchef_ETL_Dag.load_recipes scheduled__2025-11-30T00:00:00+00:00 [queued]>
[2025-12-01T08:15:35.084+0000] {taskinstance.py:2865} INFO - Starting attempt 1 of 2
[2025-12-01T08:15:35.095+0000] {taskinstance.py:2888} INFO - Executing <Task(_PythonDecoratedOperator): load_recipes> on 2025-11-30 00:00:00+00:00
[2025-12-01T08:15:35.117+0000] {logging_mixin.py:190} WARNING - /home/***/.local/lib/python3.12/site-packages/***/task/task_runner/standard_task_runner.py:70 DeprecationWarning: This process (pid=390) is multi-threaded, use of fork() may lead to deadlocks in the child.
[2025-12-01T08:15:35.123+0000] {standard_task_runner.py:72} INFO - Started process 396 to run task
[2025-12-01T08:15:35.117+0000] {standard_task_runner.py:104} INFO - Running: ['***', 'tasks', 'run', 'snowchef_ETL_Dag', 'load_recipes', 'scheduled__2025-11-30T00:00:00+00:00', '--job-id', '27', '--raw', '--subdir', 'DAGS_FOLDER/snowchef_ETL.py', '--cfg-path', '/tmp/tmpgqkrw3vd']
[2025-12-01T08:15:35.126+0000] {standard_task_runner.py:105} INFO - Job 27: Subtask load_recipes
[2025-12-01T08:15:35.188+0000] {task_command.py:467} INFO - Running <TaskInstance: snowchef_ETL_Dag.load_recipes scheduled__2025-11-30T00:00:00+00:00 [running]> on host 773a20b60281
[2025-12-01T08:15:35.353+0000] {taskinstance.py:3131} INFO - Exporting env vars: AIRFLOW_CTX_DAG_OWNER='snowchef' AIRFLOW_CTX_DAG_ID='snowchef_ETL_Dag' AIRFLOW_CTX_TASK_ID='load_recipes' AIRFLOW_CTX_EXECUTION_DATE='2025-11-30T00:00:00+00:00' AIRFLOW_CTX_TRY_NUMBER='1' AIRFLOW_CTX_DAG_RUN_ID='scheduled__2025-11-30T00:00:00+00:00'
[2025-12-01T08:15:35.355+0000] {taskinstance.py:731} INFO - ::endgroup::
[2025-12-01T08:15:35.370+0000] {base.py:84} INFO - Retrieving connection 'snowflake_conn'
[2025-12-01T08:15:35.371+0000] {connection.py:413} INFO - Snowflake Connector for Python Version: 3.12.1, Python Version: 3.12.5, Platform: Linux-6.12.54-linuxkit-aarch64-with-glibc2.36
[2025-12-01T08:15:35.372+0000] {connection.py:1196} INFO - Connecting to GLOBAL Snowflake domain
[2025-12-01T08:15:35.372+0000] {connection.py:1277} INFO - This connection is in OCSP Fail Open Mode. TLS Certificates would be checked for validity and revocation status. Any other Certificate Revocation related exceptions or OCSP Responder failures would be disregarded in favor of connectivity.
[2025-12-01T08:15:36.272+0000] {cursor.py:1156} INFO - Number of results in first chunk: 1
[2025-12-01T08:15:36.460+0000] {cursor.py:1156} INFO - Number of results in first chunk: 1
[2025-12-01T08:28:14.392+0000] {cursor.py:1156} INFO - Number of results in first chunk: 1
[2025-12-01T08:28:14.419+0000] {logging_mixin.py:190} INFO -  Loaded: 50 recipes, 540 ingredients, 540 links
[2025-12-01T08:28:14.421+0000] {connection.py:788} INFO - closed
[2025-12-01T08:28:14.470+0000] {connection.py:794} INFO - No async queries seem to be running, deleting session
[2025-12-01T08:28:14.533+0000] {python.py:240} INFO - Done. Returned value was: None
[2025-12-01T08:28:14.626+0000] {taskinstance.py:340} INFO - ::group::Post task execution logs
[2025-12-01T08:28:14.629+0000] {taskinstance.py:352} INFO - Marking task as SUCCESS. dag_id=snowchef_ETL_Dag, task_id=load_recipes, run_id=scheduled__2025-11-30T00:00:00+00:00, execution_date=20251130T000000, start_date=20251201T081535, end_date=20251201T082814
[2025-12-01T08:28:14.710+0000] {local_task_job_runner.py:266} INFO - Task exited with return code 0
[2025-12-01T08:28:14.805+0000] {taskinstance.py:3900} INFO - 1 downstream tasks scheduled from follow-on schedule check
[2025-12-01T08:28:14.807+0000] {local_task_job_runner.py:245} INFO - ::endgroup::
[2025-12-01T08:37:28.860+0000] {local_task_job_runner.py:123} INFO - ::group::Pre task execution logs
[2025-12-01T08:37:28.867+0000] {taskinstance.py:2612} INFO - Dependencies all met for dep_context=non-requeueable deps ti=<TaskInstance: snowchef_ETL_Dag.load_recipes scheduled__2025-11-30T00:00:00+00:00 [queued]>
[2025-12-01T08:37:28.871+0000] {taskinstance.py:2612} INFO - Dependencies all met for dep_context=requeueable deps ti=<TaskInstance: snowchef_ETL_Dag.load_recipes scheduled__2025-11-30T00:00:00+00:00 [queued]>
[2025-12-01T08:37:28.871+0000] {taskinstance.py:2865} INFO - Starting attempt 1 of 2
[2025-12-01T08:37:28.878+0000] {taskinstance.py:2888} INFO - Executing <Task(_PythonDecoratedOperator): load_recipes> on 2025-11-30 00:00:00+00:00
[2025-12-01T08:37:28.887+0000] {logging_mixin.py:190} WARNING - /home/***/.local/lib/python3.12/site-packages/***/task/task_runner/standard_task_runner.py:70 DeprecationWarning: This process (pid=917) is multi-threaded, use of fork() may lead to deadlocks in the child.
[2025-12-01T08:37:28.888+0000] {standard_task_runner.py:72} INFO - Started process 923 to run task
[2025-12-01T08:37:28.887+0000] {standard_task_runner.py:104} INFO - Running: ['***', 'tasks', 'run', 'snowchef_ETL_Dag', 'load_recipes', 'scheduled__2025-11-30T00:00:00+00:00', '--job-id', '37', '--raw', '--subdir', 'DAGS_FOLDER/snowchef_ETL.py', '--cfg-path', '/tmp/tmp3iyn4smj']
[2025-12-01T08:37:28.889+0000] {standard_task_runner.py:105} INFO - Job 37: Subtask load_recipes
[2025-12-01T08:37:28.915+0000] {task_command.py:467} INFO - Running <TaskInstance: snowchef_ETL_Dag.load_recipes scheduled__2025-11-30T00:00:00+00:00 [running]> on host 773a20b60281
[2025-12-01T08:37:28.970+0000] {taskinstance.py:3131} INFO - Exporting env vars: AIRFLOW_CTX_DAG_OWNER='snowchef' AIRFLOW_CTX_DAG_ID='snowchef_ETL_Dag' AIRFLOW_CTX_TASK_ID='load_recipes' AIRFLOW_CTX_EXECUTION_DATE='2025-11-30T00:00:00+00:00' AIRFLOW_CTX_TRY_NUMBER='1' AIRFLOW_CTX_DAG_RUN_ID='scheduled__2025-11-30T00:00:00+00:00'
[2025-12-01T08:37:28.971+0000] {taskinstance.py:731} INFO - ::endgroup::
[2025-12-01T08:37:28.977+0000] {base.py:84} INFO - Retrieving connection 'snowflake_conn'
[2025-12-01T08:37:28.977+0000] {connection.py:413} INFO - Snowflake Connector for Python Version: 3.12.1, Python Version: 3.12.5, Platform: Linux-6.12.54-linuxkit-aarch64-with-glibc2.36
[2025-12-01T08:37:28.978+0000] {connection.py:1196} INFO - Connecting to GLOBAL Snowflake domain
[2025-12-01T08:37:28.978+0000] {connection.py:1277} INFO - This connection is in OCSP Fail Open Mode. TLS Certificates would be checked for validity and revocation status. Any other Certificate Revocation related exceptions or OCSP Responder failures would be disregarded in favor of connectivity.
[2025-12-01T08:37:29.481+0000] {cursor.py:1156} INFO - Number of results in first chunk: 1
[2025-12-01T08:37:29.589+0000] {cursor.py:1156} INFO - Number of results in first chunk: 1
[2025-12-01T08:49:15.917+0000] {cursor.py:1156} INFO - Number of results in first chunk: 1
[2025-12-01T08:49:15.936+0000] {logging_mixin.py:190} INFO -  Loaded: 50 recipes, 540 ingredients, 540 links
[2025-12-01T08:49:15.937+0000] {connection.py:788} INFO - closed
[2025-12-01T08:49:15.984+0000] {connection.py:794} INFO - No async queries seem to be running, deleting session
[2025-12-01T08:49:16.049+0000] {python.py:240} INFO - Done. Returned value was: None
[2025-12-01T08:49:16.125+0000] {taskinstance.py:340} INFO - ::group::Post task execution logs
[2025-12-01T08:49:16.127+0000] {taskinstance.py:352} INFO - Marking task as SUCCESS. dag_id=snowchef_ETL_Dag, task_id=load_recipes, run_id=scheduled__2025-11-30T00:00:00+00:00, execution_date=20251130T000000, start_date=20251201T083728, end_date=20251201T084916
[2025-12-01T08:49:16.228+0000] {local_task_job_runner.py:266} INFO - Task exited with return code 0
[2025-12-01T08:49:16.273+0000] {taskinstance.py:3900} INFO - 0 downstream tasks scheduled from follow-on schedule check
[2025-12-01T08:49:16.274+0000] {local_task_job_runner.py:245} INFO - ::endgroup::
