[2025-11-10T03:08:29.947+0000] {local_task_job_runner.py:123} INFO - ::group::Pre task execution logs
[2025-11-10T03:08:29.973+0000] {taskinstance.py:2612} INFO - Dependencies all met for dep_context=non-requeueable deps ti=<TaskInstance: snowchef_daily.ensure_raw_objects scheduled__2025-11-09T03:00:00+00:00 [queued]>
[2025-11-10T03:08:29.982+0000] {taskinstance.py:2612} INFO - Dependencies all met for dep_context=requeueable deps ti=<TaskInstance: snowchef_daily.ensure_raw_objects scheduled__2025-11-09T03:00:00+00:00 [queued]>
[2025-11-10T03:08:29.983+0000] {taskinstance.py:2865} INFO - Starting attempt 1 of 2
[2025-11-10T03:08:30.002+0000] {taskinstance.py:2888} INFO - Executing <Task(_PythonDecoratedOperator): ensure_raw_objects> on 2025-11-09 03:00:00+00:00
[2025-11-10T03:08:30.011+0000] {standard_task_runner.py:72} INFO - Started process 1344 to run task
[2025-11-10T03:08:30.015+0000] {standard_task_runner.py:104} INFO - Running: ['***', 'tasks', 'run', 'snowchef_daily', 'ensure_raw_objects', 'scheduled__2025-11-09T03:00:00+00:00', '--job-id', '24', '--raw', '--subdir', 'DAGS_FOLDER/snowchef_daily.py', '--cfg-path', '/tmp/tmpgicufmts']
[2025-11-10T03:08:30.019+0000] {standard_task_runner.py:105} INFO - Job 24: Subtask ensure_raw_objects
[2025-11-10T03:08:30.092+0000] {task_command.py:467} INFO - Running <TaskInstance: snowchef_daily.ensure_raw_objects scheduled__2025-11-09T03:00:00+00:00 [running]> on host d6803ed3f823
[2025-11-10T03:08:30.801+0000] {taskinstance.py:3131} INFO - Exporting env vars: AIRFLOW_CTX_DAG_OWNER='***' AIRFLOW_CTX_DAG_ID='snowchef_daily' AIRFLOW_CTX_TASK_ID='ensure_raw_objects' AIRFLOW_CTX_EXECUTION_DATE='2025-11-09T03:00:00+00:00' AIRFLOW_CTX_TRY_NUMBER='1' AIRFLOW_CTX_DAG_RUN_ID='scheduled__2025-11-09T03:00:00+00:00'
[2025-11-10T03:08:30.802+0000] {taskinstance.py:731} INFO - ::endgroup::
[2025-11-10T03:08:30.811+0000] {base.py:84} INFO - Retrieving connection 'snowflake_conn'
[2025-11-10T03:08:30.811+0000] {connection.py:413} INFO - Snowflake Connector for Python Version: 3.12.2, Python Version: 3.11.10, Platform: Linux-6.10.14-linuxkit-aarch64-with-glibc2.36
[2025-11-10T03:08:30.812+0000] {connection.py:1196} INFO - Connecting to GLOBAL Snowflake domain
[2025-11-10T03:08:30.812+0000] {connection.py:1277} INFO - This connection is in OCSP Fail Open Mode. TLS Certificates would be checked for validity and revocation status. Any other Certificate Revocation related exceptions or OCSP Responder failures would be disregarded in favor of connectivity.
[2025-11-10T03:08:31.425+0000] {cursor.py:1156} INFO - Number of results in first chunk: 1
[2025-11-10T03:08:31.602+0000] {cursor.py:1156} INFO - Number of results in first chunk: 1
[2025-11-10T03:08:31.934+0000] {cursor.py:1156} INFO - Number of results in first chunk: 1
[2025-11-10T03:08:32.074+0000] {cursor.py:1156} INFO - Number of results in first chunk: 1
[2025-11-10T03:08:32.258+0000] {cursor.py:1156} INFO - Number of results in first chunk: 1
[2025-11-10T03:08:32.380+0000] {cursor.py:1156} INFO - Number of results in first chunk: 1
[2025-11-10T03:08:32.597+0000] {cursor.py:1156} INFO - Number of results in first chunk: 1
[2025-11-10T03:08:32.727+0000] {cursor.py:1156} INFO - Number of results in first chunk: 1
[2025-11-10T03:08:32.936+0000] {cursor.py:1156} INFO - Number of results in first chunk: 1
[2025-11-10T03:08:50.081+0000] {cursor.py:1156} INFO - Number of results in first chunk: 1
[2025-11-10T03:08:50.263+0000] {cursor.py:1156} INFO - Number of results in first chunk: 1
[2025-11-10T03:08:51.604+0000] {cursor.py:1156} INFO - Number of results in first chunk: 1
[2025-11-10T03:08:51.732+0000] {cursor.py:1156} INFO - Number of results in first chunk: 1
[2025-11-10T03:08:51.732+0000] {connection.py:788} INFO - closed
[2025-11-10T03:08:51.813+0000] {connection.py:794} INFO - No async queries seem to be running, deleting session
[2025-11-10T03:08:51.897+0000] {python.py:240} INFO - Done. Returned value was: None
[2025-11-10T03:08:51.935+0000] {taskinstance.py:340} INFO - ::group::Post task execution logs
[2025-11-10T03:08:51.935+0000] {taskinstance.py:352} INFO - Marking task as SUCCESS. dag_id=snowchef_daily, task_id=ensure_raw_objects, run_id=scheduled__2025-11-09T03:00:00+00:00, execution_date=20251109T030000, start_date=20251110T030829, end_date=20251110T030851
[2025-11-10T03:08:51.957+0000] {local_task_job_runner.py:266} INFO - Task exited with return code 0
[2025-11-10T03:08:52.259+0000] {taskinstance.py:3900} INFO - 1 downstream tasks scheduled from follow-on schedule check
[2025-11-10T03:08:52.260+0000] {local_task_job_runner.py:245} INFO - ::endgroup::
