[2025-12-02T00:00:09.627+0000] {local_task_job_runner.py:123} INFO - ::group::Pre task execution logs
[2025-12-02T00:00:09.633+0000] {taskinstance.py:2612} INFO - Dependencies all met for dep_context=non-requeueable deps ti=<TaskInstance: snowchef_ETL_Dag.load_recipes scheduled__2025-12-01T00:00:00+00:00 [queued]>
[2025-12-02T00:00:09.636+0000] {taskinstance.py:2612} INFO - Dependencies all met for dep_context=requeueable deps ti=<TaskInstance: snowchef_ETL_Dag.load_recipes scheduled__2025-12-01T00:00:00+00:00 [queued]>
[2025-12-02T00:00:09.636+0000] {taskinstance.py:2865} INFO - Starting attempt 1 of 2
[2025-12-02T00:00:09.640+0000] {taskinstance.py:2888} INFO - Executing <Task(_PythonDecoratedOperator): load_recipes> on 2025-12-01 00:00:00+00:00
[2025-12-02T00:00:09.646+0000] {logging_mixin.py:190} WARNING - /home/***/.local/lib/python3.12/site-packages/***/task/task_runner/standard_task_runner.py:70 DeprecationWarning: This process (pid=6086) is multi-threaded, use of fork() may lead to deadlocks in the child.
[2025-12-02T00:00:09.647+0000] {standard_task_runner.py:72} INFO - Started process 6089 to run task
[2025-12-02T00:00:09.646+0000] {standard_task_runner.py:104} INFO - Running: ['***', 'tasks', 'run', 'snowchef_ETL_Dag', 'load_recipes', 'scheduled__2025-12-01T00:00:00+00:00', '--job-id', '57', '--raw', '--subdir', 'DAGS_FOLDER/snowchef_ETL.py', '--cfg-path', '/tmp/tmp4wd8q2mq']
[2025-12-02T00:00:09.648+0000] {standard_task_runner.py:105} INFO - Job 57: Subtask load_recipes
[2025-12-02T00:00:09.672+0000] {task_command.py:467} INFO - Running <TaskInstance: snowchef_ETL_Dag.load_recipes scheduled__2025-12-01T00:00:00+00:00 [running]> on host 1e064e29deff
[2025-12-02T00:00:09.725+0000] {taskinstance.py:3131} INFO - Exporting env vars: AIRFLOW_CTX_DAG_OWNER='snowchef' AIRFLOW_CTX_DAG_ID='snowchef_ETL_Dag' AIRFLOW_CTX_TASK_ID='load_recipes' AIRFLOW_CTX_EXECUTION_DATE='2025-12-01T00:00:00+00:00' AIRFLOW_CTX_TRY_NUMBER='1' AIRFLOW_CTX_DAG_RUN_ID='scheduled__2025-12-01T00:00:00+00:00'
[2025-12-02T00:00:09.726+0000] {taskinstance.py:731} INFO - ::endgroup::
[2025-12-02T00:00:09.734+0000] {base.py:84} INFO - Retrieving connection 'snowflake_conn'
[2025-12-02T00:00:09.735+0000] {connection.py:413} INFO - Snowflake Connector for Python Version: 3.12.1, Python Version: 3.12.5, Platform: Linux-6.12.54-linuxkit-aarch64-with-glibc2.36
[2025-12-02T00:00:09.736+0000] {connection.py:1196} INFO - Connecting to GLOBAL Snowflake domain
[2025-12-02T00:00:09.736+0000] {connection.py:1277} INFO - This connection is in OCSP Fail Open Mode. TLS Certificates would be checked for validity and revocation status. Any other Certificate Revocation related exceptions or OCSP Responder failures would be disregarded in favor of connectivity.
[2025-12-02T00:00:10.660+0000] {cursor.py:1156} INFO - Number of results in first chunk: 1
[2025-12-02T00:00:11.069+0000] {cursor.py:1156} INFO - Number of results in first chunk: 1
[2025-12-02T00:15:43.473+0000] {cursor.py:1156} INFO - Number of results in first chunk: 1
[2025-12-02T00:15:43.480+0000] {logging_mixin.py:190} INFO -  Loaded: 50 recipes, 540 ingredients, 540 links
[2025-12-02T00:15:43.481+0000] {connection.py:788} INFO - closed
[2025-12-02T00:15:43.522+0000] {connection.py:794} INFO - No async queries seem to be running, deleting session
[2025-12-02T00:15:43.583+0000] {python.py:240} INFO - Done. Returned value was: None
[2025-12-02T00:15:43.629+0000] {taskinstance.py:340} INFO - ::group::Post task execution logs
[2025-12-02T00:15:43.631+0000] {taskinstance.py:352} INFO - Marking task as SUCCESS. dag_id=snowchef_ETL_Dag, task_id=load_recipes, run_id=scheduled__2025-12-01T00:00:00+00:00, execution_date=20251201T000000, start_date=20251202T000009, end_date=20251202T001543
[2025-12-02T00:15:43.685+0000] {local_task_job_runner.py:266} INFO - Task exited with return code 0
[2025-12-02T00:15:43.752+0000] {taskinstance.py:3900} INFO - 1 downstream tasks scheduled from follow-on schedule check
[2025-12-02T00:15:43.753+0000] {local_task_job_runner.py:245} INFO - ::endgroup::
