[2025-11-09T23:03:08.025+0000] {local_task_job_runner.py:123} INFO - ::group::Pre task execution logs
[2025-11-09T23:03:08.036+0000] {taskinstance.py:2612} INFO - Dependencies all met for dep_context=non-requeueable deps ti=<TaskInstance: snowchef_daily.anomaly_check manual__2025-11-09T22:36:48+00:00 [queued]>
[2025-11-09T23:03:08.043+0000] {taskinstance.py:2612} INFO - Dependencies all met for dep_context=requeueable deps ti=<TaskInstance: snowchef_daily.anomaly_check manual__2025-11-09T22:36:48+00:00 [queued]>
[2025-11-09T23:03:08.043+0000] {taskinstance.py:2865} INFO - Starting attempt 1 of 1
[2025-11-09T23:03:08.052+0000] {taskinstance.py:2888} INFO - Executing <Task(_PythonDecoratedOperator): anomaly_check> on 2025-11-09 22:36:48+00:00
[2025-11-09T23:03:08.066+0000] {standard_task_runner.py:72} INFO - Started process 1182 to run task
[2025-11-09T23:03:08.069+0000] {standard_task_runner.py:104} INFO - Running: ['***', 'tasks', 'run', 'snowchef_daily', 'anomaly_check', 'manual__2025-11-09T22:36:48+00:00', '--job-id', '22', '--raw', '--subdir', 'DAGS_FOLDER/snowchef_daily.py', '--cfg-path', '/tmp/tmpg_iz1o9a']
[2025-11-09T23:03:08.075+0000] {standard_task_runner.py:105} INFO - Job 22: Subtask anomaly_check
[2025-11-09T23:03:08.162+0000] {task_command.py:467} INFO - Running <TaskInstance: snowchef_daily.anomaly_check manual__2025-11-09T22:36:48+00:00 [running]> on host d6803ed3f823
[2025-11-09T23:03:08.472+0000] {taskinstance.py:3131} INFO - Exporting env vars: AIRFLOW_CTX_DAG_OWNER='***' AIRFLOW_CTX_DAG_ID='snowchef_daily' AIRFLOW_CTX_TASK_ID='anomaly_check' AIRFLOW_CTX_EXECUTION_DATE='2025-11-09T22:36:48+00:00' AIRFLOW_CTX_TRY_NUMBER='1' AIRFLOW_CTX_DAG_RUN_ID='manual__2025-11-09T22:36:48+00:00'
[2025-11-09T23:03:08.473+0000] {taskinstance.py:731} INFO - ::endgroup::
[2025-11-09T23:03:08.479+0000] {base.py:84} INFO - Retrieving connection 'snowflake_conn'
[2025-11-09T23:03:08.480+0000] {connection.py:413} INFO - Snowflake Connector for Python Version: 3.12.2, Python Version: 3.11.10, Platform: Linux-6.10.14-linuxkit-aarch64-with-glibc2.36
[2025-11-09T23:03:08.480+0000] {connection.py:1196} INFO - Connecting to GLOBAL Snowflake domain
[2025-11-09T23:03:08.481+0000] {connection.py:1277} INFO - This connection is in OCSP Fail Open Mode. TLS Certificates would be checked for validity and revocation status. Any other Certificate Revocation related exceptions or OCSP Responder failures would be disregarded in favor of connectivity.
[2025-11-09T23:03:09.194+0000] {cursor.py:1156} INFO - Number of results in first chunk: 1
[2025-11-09T23:03:09.392+0000] {cursor.py:1156} INFO - Number of results in first chunk: 1
[2025-11-09T23:03:09.661+0000] {cursor.py:1156} INFO - Number of results in first chunk: 2
[2025-11-09T23:03:09.663+0000] {connection.py:788} INFO - closed
[2025-11-09T23:03:09.728+0000] {connection.py:794} INFO - No async queries seem to be running, deleting session
[2025-11-09T23:03:09.816+0000] {python.py:240} INFO - Done. Returned value was: ok
[2025-11-09T23:03:09.843+0000] {taskinstance.py:340} INFO - ::group::Post task execution logs
[2025-11-09T23:03:09.843+0000] {taskinstance.py:352} INFO - Marking task as SUCCESS. dag_id=snowchef_daily, task_id=anomaly_check, run_id=manual__2025-11-09T22:36:48+00:00, execution_date=20251109T223648, start_date=20251109T230308, end_date=20251109T230309
[2025-11-09T23:03:09.901+0000] {local_task_job_runner.py:266} INFO - Task exited with return code 0
[2025-11-09T23:03:09.920+0000] {taskinstance.py:3900} INFO - 0 downstream tasks scheduled from follow-on schedule check
[2025-11-09T23:03:09.922+0000] {local_task_job_runner.py:245} INFO - ::endgroup::
