[2025-12-01T00:48:57.349+0000] {local_task_job_runner.py:123} INFO - ::group::Pre task execution logs
[2025-12-01T00:48:57.363+0000] {taskinstance.py:2612} INFO - Dependencies all met for dep_context=non-requeueable deps ti=<TaskInstance: snowchef_ETL_Dag.load_recipes manual__2025-12-01T00:48:46.938411+00:00 [queued]>
[2025-12-01T00:48:57.376+0000] {taskinstance.py:2612} INFO - Dependencies all met for dep_context=requeueable deps ti=<TaskInstance: snowchef_ETL_Dag.load_recipes manual__2025-12-01T00:48:46.938411+00:00 [queued]>
[2025-12-01T00:48:57.377+0000] {taskinstance.py:2865} INFO - Starting attempt 1 of 2
[2025-12-01T00:48:57.399+0000] {taskinstance.py:2888} INFO - Executing <Task(_PythonDecoratedOperator): load_recipes> on 2025-12-01 00:48:46.938411+00:00
[2025-12-01T00:48:57.433+0000] {logging_mixin.py:190} WARNING - /home/***/.local/lib/python3.12/site-packages/***/task/task_runner/standard_task_runner.py:70 DeprecationWarning: This process (pid=650) is multi-threaded, use of fork() may lead to deadlocks in the child.
[2025-12-01T00:48:57.438+0000] {standard_task_runner.py:72} INFO - Started process 657 to run task
[2025-12-01T00:48:57.433+0000] {standard_task_runner.py:104} INFO - Running: ['***', 'tasks', 'run', 'snowchef_ETL_Dag', 'load_recipes', 'manual__2025-12-01T00:48:46.938411+00:00', '--job-id', '20', '--raw', '--subdir', 'DAGS_FOLDER/snowchef_ETL.py', '--cfg-path', '/tmp/tmpsqu4vrsq']
[2025-12-01T00:48:57.440+0000] {standard_task_runner.py:105} INFO - Job 20: Subtask load_recipes
[2025-12-01T00:48:57.495+0000] {task_command.py:467} INFO - Running <TaskInstance: snowchef_ETL_Dag.load_recipes manual__2025-12-01T00:48:46.938411+00:00 [running]> on host 45405277e9ad
[2025-12-01T00:48:57.592+0000] {taskinstance.py:3131} INFO - Exporting env vars: AIRFLOW_CTX_DAG_OWNER='snowchef' AIRFLOW_CTX_DAG_ID='snowchef_ETL_Dag' AIRFLOW_CTX_TASK_ID='load_recipes' AIRFLOW_CTX_EXECUTION_DATE='2025-12-01T00:48:46.938411+00:00' AIRFLOW_CTX_TRY_NUMBER='1' AIRFLOW_CTX_DAG_RUN_ID='manual__2025-12-01T00:48:46.938411+00:00'
[2025-12-01T00:48:57.594+0000] {taskinstance.py:731} INFO - ::endgroup::
[2025-12-01T00:48:57.625+0000] {base.py:84} INFO - Retrieving connection 'snowflake_conn'
[2025-12-01T00:48:57.634+0000] {connection.py:413} INFO - Snowflake Connector for Python Version: 3.12.1, Python Version: 3.12.5, Platform: Linux-6.12.54-linuxkit-aarch64-with-glibc2.36
[2025-12-01T00:48:57.637+0000] {connection.py:1196} INFO - Connecting to GLOBAL Snowflake domain
[2025-12-01T00:48:57.638+0000] {connection.py:1277} INFO - This connection is in OCSP Fail Open Mode. TLS Certificates would be checked for validity and revocation status. Any other Certificate Revocation related exceptions or OCSP Responder failures would be disregarded in favor of connectivity.
[2025-12-01T00:48:58.233+0000] {cursor.py:1156} INFO - Number of results in first chunk: 1
[2025-12-01T00:48:58.331+0000] {cursor.py:1156} INFO - Number of results in first chunk: 1
[2025-12-01T01:00:10.992+0000] {cursor.py:1156} INFO - Number of results in first chunk: 1
[2025-12-01T01:00:11.023+0000] {logging_mixin.py:190} INFO -  Loaded: 50 recipes, 540 ingredients, 540 links
[2025-12-01T01:00:11.025+0000] {connection.py:788} INFO - closed
[2025-12-01T01:00:11.088+0000] {connection.py:794} INFO - No async queries seem to be running, deleting session
[2025-12-01T01:00:11.177+0000] {python.py:240} INFO - Done. Returned value was: None
[2025-12-01T01:00:11.259+0000] {taskinstance.py:340} INFO - ::group::Post task execution logs
[2025-12-01T01:00:11.261+0000] {taskinstance.py:352} INFO - Marking task as SUCCESS. dag_id=snowchef_ETL_Dag, task_id=load_recipes, run_id=manual__2025-12-01T00:48:46.938411+00:00, execution_date=20251201T004846, start_date=20251201T004857, end_date=20251201T010011
[2025-12-01T01:00:11.369+0000] {local_task_job_runner.py:266} INFO - Task exited with return code 0
[2025-12-01T01:00:11.427+0000] {taskinstance.py:3900} INFO - 0 downstream tasks scheduled from follow-on schedule check
[2025-12-01T01:00:11.428+0000] {local_task_job_runner.py:245} INFO - ::endgroup::
