[2025-12-01T20:51:41.601+0000] {local_task_job_runner.py:123} INFO - ::group::Pre task execution logs
[2025-12-01T20:51:41.615+0000] {taskinstance.py:2612} INFO - Dependencies all met for dep_context=non-requeueable deps ti=<TaskInstance: snowchef_ELT_Dag.dbt_run manual__2025-12-01T20:51:41.067877+00:00 [queued]>
[2025-12-01T20:51:41.620+0000] {taskinstance.py:2612} INFO - Dependencies all met for dep_context=requeueable deps ti=<TaskInstance: snowchef_ELT_Dag.dbt_run manual__2025-12-01T20:51:41.067877+00:00 [queued]>
[2025-12-01T20:51:41.620+0000] {taskinstance.py:2865} INFO - Starting attempt 1 of 1
[2025-12-01T20:51:41.628+0000] {taskinstance.py:2888} INFO - Executing <Task(BashOperator): dbt_run> on 2025-12-01 20:51:41.067877+00:00
[2025-12-01T20:51:41.635+0000] {standard_task_runner.py:104} INFO - Running: ['***', 'tasks', 'run', 'snowchef_ELT_Dag', 'dbt_run', 'manual__2025-12-01T20:51:41.067877+00:00', '--job-id', '52', '--raw', '--subdir', 'DAGS_FOLDER/snowchef_ELT.py', '--cfg-path', '/tmp/tmpa8k6940u']
[2025-12-01T20:51:41.640+0000] {standard_task_runner.py:105} INFO - Job 52: Subtask dbt_run
[2025-12-01T20:51:41.639+0000] {logging_mixin.py:190} WARNING - /home/***/.local/lib/python3.12/site-packages/***/task/task_runner/standard_task_runner.py:70 DeprecationWarning: This process (pid=851) is multi-threaded, use of fork() may lead to deadlocks in the child.
[2025-12-01T20:51:41.641+0000] {standard_task_runner.py:72} INFO - Started process 852 to run task
[2025-12-01T20:51:41.685+0000] {task_command.py:467} INFO - Running <TaskInstance: snowchef_ELT_Dag.dbt_run manual__2025-12-01T20:51:41.067877+00:00 [running]> on host 1e064e29deff
[2025-12-01T20:51:41.734+0000] {taskinstance.py:3131} INFO - Exporting env vars: AIRFLOW_CTX_DAG_OWNER='***' AIRFLOW_CTX_DAG_ID='snowchef_ELT_Dag' AIRFLOW_CTX_TASK_ID='dbt_run' AIRFLOW_CTX_EXECUTION_DATE='2025-12-01T20:51:41.067877+00:00' AIRFLOW_CTX_TRY_NUMBER='1' AIRFLOW_CTX_DAG_RUN_ID='manual__2025-12-01T20:51:41.067877+00:00'
[2025-12-01T20:51:41.735+0000] {taskinstance.py:731} INFO - ::endgroup::
[2025-12-01T20:51:41.748+0000] {subprocess.py:63} INFO - Tmp dir root location: /tmp
[2025-12-01T20:51:41.749+0000] {subprocess.py:75} INFO - Running command: ['/usr/bin/bash', '-c', '/home/***/.local/bin/dbt run --profiles-dir /opt/***/dbt --project-dir /opt/***/dbt']
[2025-12-01T20:51:41.759+0000] {subprocess.py:86} INFO - Output:
[2025-12-01T20:51:43.348+0000] {subprocess.py:93} INFO - [0m20:51:43  Running with dbt=1.7.9
[2025-12-01T20:51:43.953+0000] {subprocess.py:93} INFO - [0m20:51:43  Registered adapter: snowflake=1.7.2
[2025-12-01T20:51:44.111+0000] {subprocess.py:93} INFO - [0m20:51:44  [[33mWARNING[0m]: Configuration paths exist in your dbt_project.yml file which do not apply to any resources.
[2025-12-01T20:51:44.114+0000] {subprocess.py:93} INFO - There are 1 unused configuration paths:
[2025-12-01T20:51:44.114+0000] {subprocess.py:93} INFO - - models.snowchef.raw
[2025-12-01T20:51:44.122+0000] {subprocess.py:93} INFO - [0m20:51:44  Found 6 models, 1 snapshot, 8 tests, 4 sources, 0 exposures, 0 metrics, 430 macros, 0 groups, 0 semantic models
[2025-12-01T20:51:44.124+0000] {subprocess.py:93} INFO - [0m20:51:44
[2025-12-01T20:51:45.811+0000] {subprocess.py:93} INFO - [0m20:51:45  Concurrency: 4 threads (target='dev')
[2025-12-01T20:51:45.816+0000] {subprocess.py:93} INFO - [0m20:51:45
[2025-12-01T20:51:45.829+0000] {subprocess.py:93} INFO - [0m20:51:45  1 of 6 START sql view model RAW.stg_ingredient ................................. [RUN]
[2025-12-01T20:51:45.830+0000] {subprocess.py:93} INFO - [0m20:51:45  3 of 6 START sql view model RAW.stg_recipe ..................................... [RUN]
[2025-12-01T20:51:45.831+0000] {subprocess.py:93} INFO - [0m20:51:45  4 of 6 START sql view model RAW.stg_recipe_ingredient .......................... [RUN]
[2025-12-01T20:51:45.832+0000] {subprocess.py:93} INFO - [0m20:51:45  2 of 6 START sql view model RAW.stg_pantry ..................................... [RUN]
[2025-12-01T20:51:46.841+0000] {subprocess.py:93} INFO - [0m20:51:46  1 of 6 OK created sql view model RAW.stg_ingredient ............................ [[32mSUCCESS 1[0m in 1.01s]
[2025-12-01T20:51:46.850+0000] {subprocess.py:93} INFO - [0m20:51:46  4 of 6 OK created sql view model RAW.stg_recipe_ingredient ..................... [[32mSUCCESS 1[0m in 1.01s]
[2025-12-01T20:51:46.865+0000] {subprocess.py:93} INFO - [0m20:51:46  3 of 6 OK created sql view model RAW.stg_recipe ................................ [[32mSUCCESS 1[0m in 1.03s]
[2025-12-01T20:51:47.539+0000] {subprocess.py:93} INFO - [0m20:51:47  2 of 6 OK created sql view model RAW.stg_pantry ................................ [[32mSUCCESS 1[0m in 1.69s]
[2025-12-01T20:51:47.547+0000] {subprocess.py:93} INFO - [0m20:51:47  5 of 6 START sql table model RAW_ANALYTICS.mart_recipe_availability ............ [RUN]
[2025-12-01T20:51:47.547+0000] {subprocess.py:93} INFO - [0m20:51:47  6 of 6 START sql table model RAW_ANALYTICS.mart_user_inventory ................. [RUN]
[2025-12-01T20:51:49.381+0000] {subprocess.py:93} INFO - [0m20:51:49  5 of 6 OK created sql table model RAW_ANALYTICS.mart_recipe_availability ....... [[32mSUCCESS 1[0m in 1.83s]
[2025-12-01T20:51:49.642+0000] {subprocess.py:93} INFO - [0m20:51:49  6 of 6 OK created sql table model RAW_ANALYTICS.mart_user_inventory ............ [[32mSUCCESS 1[0m in 2.09s]
[2025-12-01T20:51:49.652+0000] {subprocess.py:93} INFO - [0m20:51:49
[2025-12-01T20:51:49.653+0000] {subprocess.py:93} INFO - [0m20:51:49  Finished running 4 view models, 2 table models in 0 hours 0 minutes and 5.53 seconds (5.53s).
[2025-12-01T20:51:49.784+0000] {subprocess.py:93} INFO - [0m20:51:49
[2025-12-01T20:51:49.786+0000] {subprocess.py:93} INFO - [0m20:51:49  [32mCompleted successfully[0m
[2025-12-01T20:51:49.786+0000] {subprocess.py:93} INFO - [0m20:51:49
[2025-12-01T20:51:49.786+0000] {subprocess.py:93} INFO - [0m20:51:49  Done. PASS=6 WARN=0 ERROR=0 SKIP=0 TOTAL=6
[2025-12-01T20:51:50.494+0000] {subprocess.py:97} INFO - Command exited with return code 0
[2025-12-01T20:51:50.539+0000] {taskinstance.py:340} INFO - ::group::Post task execution logs
[2025-12-01T20:51:50.539+0000] {taskinstance.py:352} INFO - Marking task as SUCCESS. dag_id=snowchef_ELT_Dag, task_id=dbt_run, run_id=manual__2025-12-01T20:51:41.067877+00:00, execution_date=20251201T205141, start_date=20251201T205141, end_date=20251201T205150
[2025-12-01T20:51:50.588+0000] {local_task_job_runner.py:266} INFO - Task exited with return code 0
[2025-12-01T20:51:50.609+0000] {taskinstance.py:3900} INFO - 1 downstream tasks scheduled from follow-on schedule check
[2025-12-01T20:51:50.610+0000] {local_task_job_runner.py:245} INFO - ::endgroup::
