[2025-12-01T00:37:27.835+0000] {local_task_job_runner.py:123} INFO - ::group::Pre task execution logs
[2025-12-01T00:37:27.844+0000] {taskinstance.py:2612} INFO - Dependencies all met for dep_context=non-requeueable deps ti=<TaskInstance: snowchef_ETL_Dag.create_tables scheduled__2025-11-30T00:00:00+00:00 [queued]>
[2025-12-01T00:37:27.848+0000] {taskinstance.py:2612} INFO - Dependencies all met for dep_context=requeueable deps ti=<TaskInstance: snowchef_ETL_Dag.create_tables scheduled__2025-11-30T00:00:00+00:00 [queued]>
[2025-12-01T00:37:27.848+0000] {taskinstance.py:2865} INFO - Starting attempt 1 of 2
[2025-12-01T00:37:27.853+0000] {taskinstance.py:2888} INFO - Executing <Task(_PythonDecoratedOperator): create_tables> on 2025-11-30 00:00:00+00:00
[2025-12-01T00:37:27.871+0000] {standard_task_runner.py:104} INFO - Running: ['***', 'tasks', 'run', 'snowchef_ETL_Dag', 'create_tables', 'scheduled__2025-11-30T00:00:00+00:00', '--job-id', '6', '--raw', '--subdir', 'DAGS_FOLDER/snowchef_ETL.py', '--cfg-path', '/tmp/tmpto63timp']
[2025-12-01T00:37:27.874+0000] {standard_task_runner.py:105} INFO - Job 6: Subtask create_tables
[2025-12-01T00:37:27.871+0000] {logging_mixin.py:190} WARNING - /home/***/.local/lib/python3.12/site-packages/***/task/task_runner/standard_task_runner.py:70 DeprecationWarning: This process (pid=326) is multi-threaded, use of fork() may lead to deadlocks in the child.
[2025-12-01T00:37:27.875+0000] {standard_task_runner.py:72} INFO - Started process 329 to run task
[2025-12-01T00:37:27.947+0000] {task_command.py:467} INFO - Running <TaskInstance: snowchef_ETL_Dag.create_tables scheduled__2025-11-30T00:00:00+00:00 [running]> on host 45405277e9ad
[2025-12-01T00:37:28.009+0000] {taskinstance.py:3131} INFO - Exporting env vars: AIRFLOW_CTX_DAG_OWNER='snowchef' AIRFLOW_CTX_DAG_ID='snowchef_ETL_Dag' AIRFLOW_CTX_TASK_ID='create_tables' AIRFLOW_CTX_EXECUTION_DATE='2025-11-30T00:00:00+00:00' AIRFLOW_CTX_TRY_NUMBER='1' AIRFLOW_CTX_DAG_RUN_ID='scheduled__2025-11-30T00:00:00+00:00'
[2025-12-01T00:37:28.010+0000] {taskinstance.py:731} INFO - ::endgroup::
[2025-12-01T00:37:28.034+0000] {base.py:84} INFO - Retrieving connection 'snowflake_conn'
[2025-12-01T00:37:28.035+0000] {connection.py:413} INFO - Snowflake Connector for Python Version: 3.12.1, Python Version: 3.12.5, Platform: Linux-6.12.54-linuxkit-aarch64-with-glibc2.36
[2025-12-01T00:37:28.035+0000] {connection.py:1196} INFO - Connecting to GLOBAL Snowflake domain
[2025-12-01T00:37:28.042+0000] {taskinstance.py:3310} ERROR - Task failed with exception
Traceback (most recent call last):
  File "/home/airflow/.local/lib/python3.12/site-packages/airflow/models/taskinstance.py", line 767, in _execute_task
    result = _execute_callable(context=context, **execute_callable_kwargs)
             ^^^^^^^^^^^^^^^^^^^^^^^^^^^^^^^^^^^^^^^^^^^^^^^^^^^^^^^^^^^^^
  File "/home/airflow/.local/lib/python3.12/site-packages/airflow/models/taskinstance.py", line 733, in _execute_callable
    return ExecutionCallableRunner(
           ^^^^^^^^^^^^^^^^^^^^^^^^
  File "/home/airflow/.local/lib/python3.12/site-packages/airflow/utils/operator_helpers.py", line 252, in run
    return self.func(*args, **kwargs)
           ^^^^^^^^^^^^^^^^^^^^^^^^^^
  File "/home/airflow/.local/lib/python3.12/site-packages/airflow/models/baseoperator.py", line 406, in wrapper
    return func(self, *args, **kwargs)
           ^^^^^^^^^^^^^^^^^^^^^^^^^^^
  File "/home/airflow/.local/lib/python3.12/site-packages/airflow/decorators/base.py", line 266, in execute
    return_value = super().execute(context)
                   ^^^^^^^^^^^^^^^^^^^^^^^^
  File "/home/airflow/.local/lib/python3.12/site-packages/airflow/models/baseoperator.py", line 406, in wrapper
    return func(self, *args, **kwargs)
           ^^^^^^^^^^^^^^^^^^^^^^^^^^^
  File "/home/airflow/.local/lib/python3.12/site-packages/airflow/operators/python.py", line 238, in execute
    return_value = self.execute_callable()
                   ^^^^^^^^^^^^^^^^^^^^^^^
  File "/home/airflow/.local/lib/python3.12/site-packages/airflow/operators/python.py", line 256, in execute_callable
    return runner.run(*self.op_args, **self.op_kwargs)
           ^^^^^^^^^^^^^^^^^^^^^^^^^^^^^^^^^^^^^^^^^^^
  File "/home/airflow/.local/lib/python3.12/site-packages/airflow/utils/operator_helpers.py", line 252, in run
    return self.func(*args, **kwargs)
           ^^^^^^^^^^^^^^^^^^^^^^^^^^
  File "/opt/airflow/dags/snowchef_ETL.py", line 41, in create_tables
    conn, cur = get_snowflake_cursor()
                ^^^^^^^^^^^^^^^^^^^^^^
  File "/opt/airflow/dags/snowchef_ETL.py", line 25, in get_snowflake_cursor
    conn = hook.get_conn()
           ^^^^^^^^^^^^^^^
  File "/home/airflow/.local/lib/python3.12/site-packages/airflow/providers/snowflake/hooks/snowflake.py", line 278, in get_conn
    conn = connector.connect(**conn_config)
           ^^^^^^^^^^^^^^^^^^^^^^^^^^^^^^^^
  File "/home/airflow/.local/lib/python3.12/site-packages/snowflake/connector/__init__.py", line 55, in Connect
    return SnowflakeConnection(**kwargs)
           ^^^^^^^^^^^^^^^^^^^^^^^^^^^^^
  File "/home/airflow/.local/lib/python3.12/site-packages/snowflake/connector/connection.py", line 456, in __init__
    self.connect(**kwargs)
  File "/home/airflow/.local/lib/python3.12/site-packages/snowflake/connector/connection.py", line 732, in connect
    self.__config(**kwargs)
  File "/home/airflow/.local/lib/python3.12/site-packages/snowflake/connector/connection.py", line 1246, in __config
    Error.errorhandler_wrapper(
  File "/home/airflow/.local/lib/python3.12/site-packages/snowflake/connector/errors.py", line 284, in errorhandler_wrapper
    handed_over = Error.hand_to_other_handler(
                  ^^^^^^^^^^^^^^^^^^^^^^^^^^^^
  File "/home/airflow/.local/lib/python3.12/site-packages/snowflake/connector/errors.py", line 342, in hand_to_other_handler
    connection.errorhandler(connection, cursor, error_class, error_value)
  File "/home/airflow/.local/lib/python3.12/site-packages/snowflake/connector/errors.py", line 215, in default_errorhandler
    raise error_class(
snowflake.connector.errors.ProgrammingError: 251006: 251006: Password is empty
[2025-12-01T00:37:28.049+0000] {taskinstance.py:1225} INFO - Marking task as UP_FOR_RETRY. dag_id=snowchef_ETL_Dag, task_id=create_tables, run_id=scheduled__2025-11-30T00:00:00+00:00, execution_date=20251130T000000, start_date=20251201T003727, end_date=20251201T003728
[2025-12-01T00:37:28.056+0000] {taskinstance.py:340} INFO - ::group::Post task execution logs
[2025-12-01T00:37:28.057+0000] {standard_task_runner.py:124} ERROR - Failed to execute job 6 for task create_tables (251006: 251006: Password is empty; 329)
Traceback (most recent call last):
  File "/home/airflow/.local/lib/python3.12/site-packages/airflow/task/task_runner/standard_task_runner.py", line 117, in _start_by_fork
    ret = args.func(args, dag=self.dag)
          ^^^^^^^^^^^^^^^^^^^^^^^^^^^^^
  File "/home/airflow/.local/lib/python3.12/site-packages/airflow/cli/cli_config.py", line 49, in command
    return func(*args, **kwargs)
           ^^^^^^^^^^^^^^^^^^^^^
  File "/home/airflow/.local/lib/python3.12/site-packages/airflow/utils/cli.py", line 115, in wrapper
    return f(*args, **kwargs)
           ^^^^^^^^^^^^^^^^^^
  File "/home/airflow/.local/lib/python3.12/site-packages/airflow/cli/commands/task_command.py", line 483, in task_run
    task_return_code = _run_task_by_selected_method(args, _dag, ti)
                       ^^^^^^^^^^^^^^^^^^^^^^^^^^^^^^^^^^^^^^^^^^^^
  File "/home/airflow/.local/lib/python3.12/site-packages/airflow/cli/commands/task_command.py", line 256, in _run_task_by_selected_method
    return _run_raw_task(args, ti)
           ^^^^^^^^^^^^^^^^^^^^^^^
  File "/home/airflow/.local/lib/python3.12/site-packages/airflow/cli/commands/task_command.py", line 341, in _run_raw_task
    return ti._run_raw_task(
           ^^^^^^^^^^^^^^^^^
  File "/home/airflow/.local/lib/python3.12/site-packages/airflow/utils/session.py", line 97, in wrapper
    return func(*args, session=session, **kwargs)
           ^^^^^^^^^^^^^^^^^^^^^^^^^^^^^^^^^^^^^^
  File "/home/airflow/.local/lib/python3.12/site-packages/airflow/models/taskinstance.py", line 3004, in _run_raw_task
    return _run_raw_task(
           ^^^^^^^^^^^^^^
  File "/home/airflow/.local/lib/python3.12/site-packages/airflow/models/taskinstance.py", line 273, in _run_raw_task
    TaskInstance._execute_task_with_callbacks(
  File "/home/airflow/.local/lib/python3.12/site-packages/airflow/models/taskinstance.py", line 3158, in _execute_task_with_callbacks
    result = self._execute_task(context, task_orig)
             ^^^^^^^^^^^^^^^^^^^^^^^^^^^^^^^^^^^^^^
  File "/home/airflow/.local/lib/python3.12/site-packages/airflow/models/taskinstance.py", line 3182, in _execute_task
    return _execute_task(self, context, task_orig)
           ^^^^^^^^^^^^^^^^^^^^^^^^^^^^^^^^^^^^^^^
  File "/home/airflow/.local/lib/python3.12/site-packages/airflow/models/taskinstance.py", line 767, in _execute_task
    result = _execute_callable(context=context, **execute_callable_kwargs)
             ^^^^^^^^^^^^^^^^^^^^^^^^^^^^^^^^^^^^^^^^^^^^^^^^^^^^^^^^^^^^^
  File "/home/airflow/.local/lib/python3.12/site-packages/airflow/models/taskinstance.py", line 733, in _execute_callable
    return ExecutionCallableRunner(
           ^^^^^^^^^^^^^^^^^^^^^^^^
  File "/home/airflow/.local/lib/python3.12/site-packages/airflow/utils/operator_helpers.py", line 252, in run
    return self.func(*args, **kwargs)
           ^^^^^^^^^^^^^^^^^^^^^^^^^^
  File "/home/airflow/.local/lib/python3.12/site-packages/airflow/models/baseoperator.py", line 406, in wrapper
    return func(self, *args, **kwargs)
           ^^^^^^^^^^^^^^^^^^^^^^^^^^^
  File "/home/airflow/.local/lib/python3.12/site-packages/airflow/decorators/base.py", line 266, in execute
    return_value = super().execute(context)
                   ^^^^^^^^^^^^^^^^^^^^^^^^
  File "/home/airflow/.local/lib/python3.12/site-packages/airflow/models/baseoperator.py", line 406, in wrapper
    return func(self, *args, **kwargs)
           ^^^^^^^^^^^^^^^^^^^^^^^^^^^
  File "/home/airflow/.local/lib/python3.12/site-packages/airflow/operators/python.py", line 238, in execute
    return_value = self.execute_callable()
                   ^^^^^^^^^^^^^^^^^^^^^^^
  File "/home/airflow/.local/lib/python3.12/site-packages/airflow/operators/python.py", line 256, in execute_callable
    return runner.run(*self.op_args, **self.op_kwargs)
           ^^^^^^^^^^^^^^^^^^^^^^^^^^^^^^^^^^^^^^^^^^^
  File "/home/airflow/.local/lib/python3.12/site-packages/airflow/utils/operator_helpers.py", line 252, in run
    return self.func(*args, **kwargs)
           ^^^^^^^^^^^^^^^^^^^^^^^^^^
  File "/opt/airflow/dags/snowchef_ETL.py", line 41, in create_tables
    conn, cur = get_snowflake_cursor()
                ^^^^^^^^^^^^^^^^^^^^^^
  File "/opt/airflow/dags/snowchef_ETL.py", line 25, in get_snowflake_cursor
    conn = hook.get_conn()
           ^^^^^^^^^^^^^^^
  File "/home/airflow/.local/lib/python3.12/site-packages/airflow/providers/snowflake/hooks/snowflake.py", line 278, in get_conn
    conn = connector.connect(**conn_config)
           ^^^^^^^^^^^^^^^^^^^^^^^^^^^^^^^^
  File "/home/airflow/.local/lib/python3.12/site-packages/snowflake/connector/__init__.py", line 55, in Connect
    return SnowflakeConnection(**kwargs)
           ^^^^^^^^^^^^^^^^^^^^^^^^^^^^^
  File "/home/airflow/.local/lib/python3.12/site-packages/snowflake/connector/connection.py", line 456, in __init__
    self.connect(**kwargs)
  File "/home/airflow/.local/lib/python3.12/site-packages/snowflake/connector/connection.py", line 732, in connect
    self.__config(**kwargs)
  File "/home/airflow/.local/lib/python3.12/site-packages/snowflake/connector/connection.py", line 1246, in __config
    Error.errorhandler_wrapper(
  File "/home/airflow/.local/lib/python3.12/site-packages/snowflake/connector/errors.py", line 284, in errorhandler_wrapper
    handed_over = Error.hand_to_other_handler(
                  ^^^^^^^^^^^^^^^^^^^^^^^^^^^^
  File "/home/airflow/.local/lib/python3.12/site-packages/snowflake/connector/errors.py", line 342, in hand_to_other_handler
    connection.errorhandler(connection, cursor, error_class, error_value)
  File "/home/airflow/.local/lib/python3.12/site-packages/snowflake/connector/errors.py", line 215, in default_errorhandler
    raise error_class(
snowflake.connector.errors.ProgrammingError: 251006: 251006: Password is empty
[2025-12-01T00:37:28.073+0000] {local_task_job_runner.py:266} INFO - Task exited with return code 1
[2025-12-01T00:37:28.082+0000] {taskinstance.py:3900} INFO - 0 downstream tasks scheduled from follow-on schedule check
[2025-12-01T00:37:28.082+0000] {local_task_job_runner.py:245} INFO - ::endgroup::
[2025-12-01T00:39:26.820+0000] {local_task_job_runner.py:123} INFO - ::group::Pre task execution logs
[2025-12-01T00:39:26.830+0000] {taskinstance.py:2612} INFO - Dependencies all met for dep_context=non-requeueable deps ti=<TaskInstance: snowchef_ETL_Dag.create_tables scheduled__2025-11-30T00:00:00+00:00 [queued]>
[2025-12-01T00:39:26.834+0000] {taskinstance.py:2612} INFO - Dependencies all met for dep_context=requeueable deps ti=<TaskInstance: snowchef_ETL_Dag.create_tables scheduled__2025-11-30T00:00:00+00:00 [queued]>
[2025-12-01T00:39:26.834+0000] {taskinstance.py:2865} INFO - Starting attempt 1 of 2
[2025-12-01T00:39:26.841+0000] {taskinstance.py:2888} INFO - Executing <Task(_PythonDecoratedOperator): create_tables> on 2025-11-30 00:00:00+00:00
[2025-12-01T00:39:26.850+0000] {logging_mixin.py:190} WARNING - /home/***/.local/lib/python3.12/site-packages/***/task/task_runner/standard_task_runner.py:70 DeprecationWarning: This process (pid=387) is multi-threaded, use of fork() may lead to deadlocks in the child.
[2025-12-01T00:39:26.850+0000] {standard_task_runner.py:104} INFO - Running: ['***', 'tasks', 'run', 'snowchef_ETL_Dag', 'create_tables', 'scheduled__2025-11-30T00:00:00+00:00', '--job-id', '9', '--raw', '--subdir', 'DAGS_FOLDER/snowchef_ETL.py', '--cfg-path', '/tmp/tmpg7564xwt']
[2025-12-01T00:39:26.852+0000] {standard_task_runner.py:72} INFO - Started process 393 to run task
[2025-12-01T00:39:26.852+0000] {standard_task_runner.py:105} INFO - Job 9: Subtask create_tables
[2025-12-01T00:39:26.907+0000] {task_command.py:467} INFO - Running <TaskInstance: snowchef_ETL_Dag.create_tables scheduled__2025-11-30T00:00:00+00:00 [running]> on host 45405277e9ad
[2025-12-01T00:39:26.950+0000] {taskinstance.py:3131} INFO - Exporting env vars: AIRFLOW_CTX_DAG_OWNER='snowchef' AIRFLOW_CTX_DAG_ID='snowchef_ETL_Dag' AIRFLOW_CTX_TASK_ID='create_tables' AIRFLOW_CTX_EXECUTION_DATE='2025-11-30T00:00:00+00:00' AIRFLOW_CTX_TRY_NUMBER='1' AIRFLOW_CTX_DAG_RUN_ID='scheduled__2025-11-30T00:00:00+00:00'
[2025-12-01T00:39:26.951+0000] {taskinstance.py:731} INFO - ::endgroup::
[2025-12-01T00:39:26.959+0000] {base.py:84} INFO - Retrieving connection 'snowflake_conn'
[2025-12-01T00:39:26.959+0000] {connection.py:413} INFO - Snowflake Connector for Python Version: 3.12.1, Python Version: 3.12.5, Platform: Linux-6.12.54-linuxkit-aarch64-with-glibc2.36
[2025-12-01T00:39:26.960+0000] {connection.py:1196} INFO - Connecting to GLOBAL Snowflake domain
[2025-12-01T00:39:26.966+0000] {taskinstance.py:3310} ERROR - Task failed with exception
Traceback (most recent call last):
  File "/home/airflow/.local/lib/python3.12/site-packages/airflow/models/taskinstance.py", line 767, in _execute_task
    result = _execute_callable(context=context, **execute_callable_kwargs)
             ^^^^^^^^^^^^^^^^^^^^^^^^^^^^^^^^^^^^^^^^^^^^^^^^^^^^^^^^^^^^^
  File "/home/airflow/.local/lib/python3.12/site-packages/airflow/models/taskinstance.py", line 733, in _execute_callable
    return ExecutionCallableRunner(
           ^^^^^^^^^^^^^^^^^^^^^^^^
  File "/home/airflow/.local/lib/python3.12/site-packages/airflow/utils/operator_helpers.py", line 252, in run
    return self.func(*args, **kwargs)
           ^^^^^^^^^^^^^^^^^^^^^^^^^^
  File "/home/airflow/.local/lib/python3.12/site-packages/airflow/models/baseoperator.py", line 406, in wrapper
    return func(self, *args, **kwargs)
           ^^^^^^^^^^^^^^^^^^^^^^^^^^^
  File "/home/airflow/.local/lib/python3.12/site-packages/airflow/decorators/base.py", line 266, in execute
    return_value = super().execute(context)
                   ^^^^^^^^^^^^^^^^^^^^^^^^
  File "/home/airflow/.local/lib/python3.12/site-packages/airflow/models/baseoperator.py", line 406, in wrapper
    return func(self, *args, **kwargs)
           ^^^^^^^^^^^^^^^^^^^^^^^^^^^
  File "/home/airflow/.local/lib/python3.12/site-packages/airflow/operators/python.py", line 238, in execute
    return_value = self.execute_callable()
                   ^^^^^^^^^^^^^^^^^^^^^^^
  File "/home/airflow/.local/lib/python3.12/site-packages/airflow/operators/python.py", line 256, in execute_callable
    return runner.run(*self.op_args, **self.op_kwargs)
           ^^^^^^^^^^^^^^^^^^^^^^^^^^^^^^^^^^^^^^^^^^^
  File "/home/airflow/.local/lib/python3.12/site-packages/airflow/utils/operator_helpers.py", line 252, in run
    return self.func(*args, **kwargs)
           ^^^^^^^^^^^^^^^^^^^^^^^^^^
  File "/opt/airflow/dags/snowchef_ETL.py", line 41, in create_tables
    conn, cur = get_snowflake_cursor()
                ^^^^^^^^^^^^^^^^^^^^^^
  File "/opt/airflow/dags/snowchef_ETL.py", line 25, in get_snowflake_cursor
    conn = hook.get_conn()
           ^^^^^^^^^^^^^^^
  File "/home/airflow/.local/lib/python3.12/site-packages/airflow/providers/snowflake/hooks/snowflake.py", line 278, in get_conn
    conn = connector.connect(**conn_config)
           ^^^^^^^^^^^^^^^^^^^^^^^^^^^^^^^^
  File "/home/airflow/.local/lib/python3.12/site-packages/snowflake/connector/__init__.py", line 55, in Connect
    return SnowflakeConnection(**kwargs)
           ^^^^^^^^^^^^^^^^^^^^^^^^^^^^^
  File "/home/airflow/.local/lib/python3.12/site-packages/snowflake/connector/connection.py", line 456, in __init__
    self.connect(**kwargs)
  File "/home/airflow/.local/lib/python3.12/site-packages/snowflake/connector/connection.py", line 732, in connect
    self.__config(**kwargs)
  File "/home/airflow/.local/lib/python3.12/site-packages/snowflake/connector/connection.py", line 1246, in __config
    Error.errorhandler_wrapper(
  File "/home/airflow/.local/lib/python3.12/site-packages/snowflake/connector/errors.py", line 284, in errorhandler_wrapper
    handed_over = Error.hand_to_other_handler(
                  ^^^^^^^^^^^^^^^^^^^^^^^^^^^^
  File "/home/airflow/.local/lib/python3.12/site-packages/snowflake/connector/errors.py", line 342, in hand_to_other_handler
    connection.errorhandler(connection, cursor, error_class, error_value)
  File "/home/airflow/.local/lib/python3.12/site-packages/snowflake/connector/errors.py", line 215, in default_errorhandler
    raise error_class(
snowflake.connector.errors.ProgrammingError: 251006: 251006: Password is empty
[2025-12-01T00:39:26.972+0000] {taskinstance.py:1225} INFO - Marking task as UP_FOR_RETRY. dag_id=snowchef_ETL_Dag, task_id=create_tables, run_id=scheduled__2025-11-30T00:00:00+00:00, execution_date=20251130T000000, start_date=20251201T003926, end_date=20251201T003926
[2025-12-01T00:39:26.977+0000] {taskinstance.py:340} INFO - ::group::Post task execution logs
[2025-12-01T00:39:26.978+0000] {standard_task_runner.py:124} ERROR - Failed to execute job 9 for task create_tables (251006: 251006: Password is empty; 393)
Traceback (most recent call last):
  File "/home/airflow/.local/lib/python3.12/site-packages/airflow/task/task_runner/standard_task_runner.py", line 117, in _start_by_fork
    ret = args.func(args, dag=self.dag)
          ^^^^^^^^^^^^^^^^^^^^^^^^^^^^^
  File "/home/airflow/.local/lib/python3.12/site-packages/airflow/cli/cli_config.py", line 49, in command
    return func(*args, **kwargs)
           ^^^^^^^^^^^^^^^^^^^^^
  File "/home/airflow/.local/lib/python3.12/site-packages/airflow/utils/cli.py", line 115, in wrapper
    return f(*args, **kwargs)
           ^^^^^^^^^^^^^^^^^^
  File "/home/airflow/.local/lib/python3.12/site-packages/airflow/cli/commands/task_command.py", line 483, in task_run
    task_return_code = _run_task_by_selected_method(args, _dag, ti)
                       ^^^^^^^^^^^^^^^^^^^^^^^^^^^^^^^^^^^^^^^^^^^^
  File "/home/airflow/.local/lib/python3.12/site-packages/airflow/cli/commands/task_command.py", line 256, in _run_task_by_selected_method
    return _run_raw_task(args, ti)
           ^^^^^^^^^^^^^^^^^^^^^^^
  File "/home/airflow/.local/lib/python3.12/site-packages/airflow/cli/commands/task_command.py", line 341, in _run_raw_task
    return ti._run_raw_task(
           ^^^^^^^^^^^^^^^^^
  File "/home/airflow/.local/lib/python3.12/site-packages/airflow/utils/session.py", line 97, in wrapper
    return func(*args, session=session, **kwargs)
           ^^^^^^^^^^^^^^^^^^^^^^^^^^^^^^^^^^^^^^
  File "/home/airflow/.local/lib/python3.12/site-packages/airflow/models/taskinstance.py", line 3004, in _run_raw_task
    return _run_raw_task(
           ^^^^^^^^^^^^^^
  File "/home/airflow/.local/lib/python3.12/site-packages/airflow/models/taskinstance.py", line 273, in _run_raw_task
    TaskInstance._execute_task_with_callbacks(
  File "/home/airflow/.local/lib/python3.12/site-packages/airflow/models/taskinstance.py", line 3158, in _execute_task_with_callbacks
    result = self._execute_task(context, task_orig)
             ^^^^^^^^^^^^^^^^^^^^^^^^^^^^^^^^^^^^^^
  File "/home/airflow/.local/lib/python3.12/site-packages/airflow/models/taskinstance.py", line 3182, in _execute_task
    return _execute_task(self, context, task_orig)
           ^^^^^^^^^^^^^^^^^^^^^^^^^^^^^^^^^^^^^^^
  File "/home/airflow/.local/lib/python3.12/site-packages/airflow/models/taskinstance.py", line 767, in _execute_task
    result = _execute_callable(context=context, **execute_callable_kwargs)
             ^^^^^^^^^^^^^^^^^^^^^^^^^^^^^^^^^^^^^^^^^^^^^^^^^^^^^^^^^^^^^
  File "/home/airflow/.local/lib/python3.12/site-packages/airflow/models/taskinstance.py", line 733, in _execute_callable
    return ExecutionCallableRunner(
           ^^^^^^^^^^^^^^^^^^^^^^^^
  File "/home/airflow/.local/lib/python3.12/site-packages/airflow/utils/operator_helpers.py", line 252, in run
    return self.func(*args, **kwargs)
           ^^^^^^^^^^^^^^^^^^^^^^^^^^
  File "/home/airflow/.local/lib/python3.12/site-packages/airflow/models/baseoperator.py", line 406, in wrapper
    return func(self, *args, **kwargs)
           ^^^^^^^^^^^^^^^^^^^^^^^^^^^
  File "/home/airflow/.local/lib/python3.12/site-packages/airflow/decorators/base.py", line 266, in execute
    return_value = super().execute(context)
                   ^^^^^^^^^^^^^^^^^^^^^^^^
  File "/home/airflow/.local/lib/python3.12/site-packages/airflow/models/baseoperator.py", line 406, in wrapper
    return func(self, *args, **kwargs)
           ^^^^^^^^^^^^^^^^^^^^^^^^^^^
  File "/home/airflow/.local/lib/python3.12/site-packages/airflow/operators/python.py", line 238, in execute
    return_value = self.execute_callable()
                   ^^^^^^^^^^^^^^^^^^^^^^^
  File "/home/airflow/.local/lib/python3.12/site-packages/airflow/operators/python.py", line 256, in execute_callable
    return runner.run(*self.op_args, **self.op_kwargs)
           ^^^^^^^^^^^^^^^^^^^^^^^^^^^^^^^^^^^^^^^^^^^
  File "/home/airflow/.local/lib/python3.12/site-packages/airflow/utils/operator_helpers.py", line 252, in run
    return self.func(*args, **kwargs)
           ^^^^^^^^^^^^^^^^^^^^^^^^^^
  File "/opt/airflow/dags/snowchef_ETL.py", line 41, in create_tables
    conn, cur = get_snowflake_cursor()
                ^^^^^^^^^^^^^^^^^^^^^^
  File "/opt/airflow/dags/snowchef_ETL.py", line 25, in get_snowflake_cursor
    conn = hook.get_conn()
           ^^^^^^^^^^^^^^^
  File "/home/airflow/.local/lib/python3.12/site-packages/airflow/providers/snowflake/hooks/snowflake.py", line 278, in get_conn
    conn = connector.connect(**conn_config)
           ^^^^^^^^^^^^^^^^^^^^^^^^^^^^^^^^
  File "/home/airflow/.local/lib/python3.12/site-packages/snowflake/connector/__init__.py", line 55, in Connect
    return SnowflakeConnection(**kwargs)
           ^^^^^^^^^^^^^^^^^^^^^^^^^^^^^
  File "/home/airflow/.local/lib/python3.12/site-packages/snowflake/connector/connection.py", line 456, in __init__
    self.connect(**kwargs)
  File "/home/airflow/.local/lib/python3.12/site-packages/snowflake/connector/connection.py", line 732, in connect
    self.__config(**kwargs)
  File "/home/airflow/.local/lib/python3.12/site-packages/snowflake/connector/connection.py", line 1246, in __config
    Error.errorhandler_wrapper(
  File "/home/airflow/.local/lib/python3.12/site-packages/snowflake/connector/errors.py", line 284, in errorhandler_wrapper
    handed_over = Error.hand_to_other_handler(
                  ^^^^^^^^^^^^^^^^^^^^^^^^^^^^
  File "/home/airflow/.local/lib/python3.12/site-packages/snowflake/connector/errors.py", line 342, in hand_to_other_handler
    connection.errorhandler(connection, cursor, error_class, error_value)
  File "/home/airflow/.local/lib/python3.12/site-packages/snowflake/connector/errors.py", line 215, in default_errorhandler
    raise error_class(
snowflake.connector.errors.ProgrammingError: 251006: 251006: Password is empty
[2025-12-01T00:39:26.994+0000] {local_task_job_runner.py:266} INFO - Task exited with return code 1
[2025-12-01T00:39:27.029+0000] {taskinstance.py:3900} INFO - 0 downstream tasks scheduled from follow-on schedule check
[2025-12-01T00:39:27.030+0000] {local_task_job_runner.py:245} INFO - ::endgroup::
[2025-12-01T00:41:07.739+0000] {local_task_job_runner.py:123} INFO - ::group::Pre task execution logs
[2025-12-01T00:41:07.751+0000] {taskinstance.py:2612} INFO - Dependencies all met for dep_context=non-requeueable deps ti=<TaskInstance: snowchef_ETL_Dag.create_tables scheduled__2025-11-30T00:00:00+00:00 [queued]>
[2025-12-01T00:41:07.757+0000] {taskinstance.py:2612} INFO - Dependencies all met for dep_context=requeueable deps ti=<TaskInstance: snowchef_ETL_Dag.create_tables scheduled__2025-11-30T00:00:00+00:00 [queued]>
[2025-12-01T00:41:07.757+0000] {taskinstance.py:2865} INFO - Starting attempt 1 of 2
[2025-12-01T00:41:07.775+0000] {taskinstance.py:2888} INFO - Executing <Task(_PythonDecoratedOperator): create_tables> on 2025-11-30 00:00:00+00:00
[2025-12-01T00:41:07.790+0000] {logging_mixin.py:190} WARNING - /home/***/.local/lib/python3.12/site-packages/***/task/task_runner/standard_task_runner.py:70 DeprecationWarning: This process (pid=430) is multi-threaded, use of fork() may lead to deadlocks in the child.
[2025-12-01T00:41:07.791+0000] {standard_task_runner.py:72} INFO - Started process 435 to run task
[2025-12-01T00:41:07.796+0000] {standard_task_runner.py:104} INFO - Running: ['***', 'tasks', 'run', 'snowchef_ETL_Dag', 'create_tables', 'scheduled__2025-11-30T00:00:00+00:00', '--job-id', '11', '--raw', '--subdir', 'DAGS_FOLDER/snowchef_ETL.py', '--cfg-path', '/tmp/tmpl_9gj7gd']
[2025-12-01T00:41:07.805+0000] {standard_task_runner.py:105} INFO - Job 11: Subtask create_tables
[2025-12-01T00:41:07.851+0000] {task_command.py:467} INFO - Running <TaskInstance: snowchef_ETL_Dag.create_tables scheduled__2025-11-30T00:00:00+00:00 [running]> on host 45405277e9ad
[2025-12-01T00:41:07.896+0000] {taskinstance.py:3131} INFO - Exporting env vars: AIRFLOW_CTX_DAG_OWNER='snowchef' AIRFLOW_CTX_DAG_ID='snowchef_ETL_Dag' AIRFLOW_CTX_TASK_ID='create_tables' AIRFLOW_CTX_EXECUTION_DATE='2025-11-30T00:00:00+00:00' AIRFLOW_CTX_TRY_NUMBER='1' AIRFLOW_CTX_DAG_RUN_ID='scheduled__2025-11-30T00:00:00+00:00'
[2025-12-01T00:41:07.898+0000] {taskinstance.py:731} INFO - ::endgroup::
[2025-12-01T00:41:07.905+0000] {base.py:84} INFO - Retrieving connection 'snowflake_conn'
[2025-12-01T00:41:07.905+0000] {connection.py:413} INFO - Snowflake Connector for Python Version: 3.12.1, Python Version: 3.12.5, Platform: Linux-6.12.54-linuxkit-aarch64-with-glibc2.36
[2025-12-01T00:41:07.906+0000] {connection.py:1196} INFO - Connecting to GLOBAL Snowflake domain
[2025-12-01T00:41:07.906+0000] {connection.py:1277} INFO - This connection is in OCSP Fail Open Mode. TLS Certificates would be checked for validity and revocation status. Any other Certificate Revocation related exceptions or OCSP Responder failures would be disregarded in favor of connectivity.
[2025-12-01T00:41:09.163+0000] {cursor.py:1156} INFO - Number of results in first chunk: 1
[2025-12-01T00:41:09.441+0000] {cursor.py:1156} INFO - Number of results in first chunk: 1
[2025-12-01T00:41:09.981+0000] {cursor.py:1156} INFO - Number of results in first chunk: 1
[2025-12-01T00:41:10.419+0000] {cursor.py:1156} INFO - Number of results in first chunk: 1
[2025-12-01T00:41:10.939+0000] {cursor.py:1156} INFO - Number of results in first chunk: 1
[2025-12-01T00:41:11.051+0000] {cursor.py:1156} INFO - Number of results in first chunk: 1
[2025-12-01T00:41:11.052+0000] {logging_mixin.py:190} INFO - Tables created successfully
[2025-12-01T00:41:11.053+0000] {connection.py:788} INFO - closed
[2025-12-01T00:41:11.107+0000] {connection.py:794} INFO - No async queries seem to be running, deleting session
[2025-12-01T00:41:11.189+0000] {python.py:240} INFO - Done. Returned value was: None
[2025-12-01T00:41:11.249+0000] {taskinstance.py:340} INFO - ::group::Post task execution logs
[2025-12-01T00:41:11.250+0000] {taskinstance.py:352} INFO - Marking task as SUCCESS. dag_id=snowchef_ETL_Dag, task_id=create_tables, run_id=scheduled__2025-11-30T00:00:00+00:00, execution_date=20251130T000000, start_date=20251201T004107, end_date=20251201T004111
[2025-12-01T00:41:11.307+0000] {local_task_job_runner.py:266} INFO - Task exited with return code 0
[2025-12-01T00:41:11.347+0000] {taskinstance.py:3900} INFO - 1 downstream tasks scheduled from follow-on schedule check
[2025-12-01T00:41:11.352+0000] {local_task_job_runner.py:245} INFO - ::endgroup::
[2025-12-01T00:48:51.013+0000] {local_task_job_runner.py:123} INFO - ::group::Pre task execution logs
[2025-12-01T00:48:51.036+0000] {taskinstance.py:2612} INFO - Dependencies all met for dep_context=non-requeueable deps ti=<TaskInstance: snowchef_ETL_Dag.create_tables scheduled__2025-11-30T00:00:00+00:00 [queued]>
[2025-12-01T00:48:51.041+0000] {taskinstance.py:2612} INFO - Dependencies all met for dep_context=requeueable deps ti=<TaskInstance: snowchef_ETL_Dag.create_tables scheduled__2025-11-30T00:00:00+00:00 [queued]>
[2025-12-01T00:48:51.041+0000] {taskinstance.py:2865} INFO - Starting attempt 1 of 2
[2025-12-01T00:48:51.050+0000] {taskinstance.py:2888} INFO - Executing <Task(_PythonDecoratedOperator): create_tables> on 2025-11-30 00:00:00+00:00
[2025-12-01T00:48:51.062+0000] {logging_mixin.py:190} WARNING - /home/***/.local/lib/python3.12/site-packages/***/task/task_runner/standard_task_runner.py:70 DeprecationWarning: This process (pid=631) is multi-threaded, use of fork() may lead to deadlocks in the child.
[2025-12-01T00:48:51.072+0000] {standard_task_runner.py:72} INFO - Started process 636 to run task
[2025-12-01T00:48:51.075+0000] {standard_task_runner.py:104} INFO - Running: ['***', 'tasks', 'run', 'snowchef_ETL_Dag', 'create_tables', 'scheduled__2025-11-30T00:00:00+00:00', '--job-id', '15', '--raw', '--subdir', 'DAGS_FOLDER/snowchef_ETL.py', '--cfg-path', '/tmp/tmp3t7yxcj4']
[2025-12-01T00:48:51.081+0000] {standard_task_runner.py:105} INFO - Job 15: Subtask create_tables
[2025-12-01T00:48:51.124+0000] {task_command.py:467} INFO - Running <TaskInstance: snowchef_ETL_Dag.create_tables scheduled__2025-11-30T00:00:00+00:00 [running]> on host 45405277e9ad
[2025-12-01T00:48:51.183+0000] {taskinstance.py:3131} INFO - Exporting env vars: AIRFLOW_CTX_DAG_OWNER='snowchef' AIRFLOW_CTX_DAG_ID='snowchef_ETL_Dag' AIRFLOW_CTX_TASK_ID='create_tables' AIRFLOW_CTX_EXECUTION_DATE='2025-11-30T00:00:00+00:00' AIRFLOW_CTX_TRY_NUMBER='1' AIRFLOW_CTX_DAG_RUN_ID='scheduled__2025-11-30T00:00:00+00:00'
[2025-12-01T00:48:51.184+0000] {taskinstance.py:731} INFO - ::endgroup::
[2025-12-01T00:48:51.201+0000] {base.py:84} INFO - Retrieving connection 'snowflake_conn'
[2025-12-01T00:48:51.203+0000] {connection.py:413} INFO - Snowflake Connector for Python Version: 3.12.1, Python Version: 3.12.5, Platform: Linux-6.12.54-linuxkit-aarch64-with-glibc2.36
[2025-12-01T00:48:51.204+0000] {connection.py:1196} INFO - Connecting to GLOBAL Snowflake domain
[2025-12-01T00:48:51.204+0000] {connection.py:1277} INFO - This connection is in OCSP Fail Open Mode. TLS Certificates would be checked for validity and revocation status. Any other Certificate Revocation related exceptions or OCSP Responder failures would be disregarded in favor of connectivity.
[2025-12-01T00:48:51.854+0000] {cursor.py:1156} INFO - Number of results in first chunk: 1
[2025-12-01T00:48:51.952+0000] {cursor.py:1156} INFO - Number of results in first chunk: 1
[2025-12-01T00:48:52.194+0000] {cursor.py:1156} INFO - Number of results in first chunk: 1
[2025-12-01T00:48:52.404+0000] {cursor.py:1156} INFO - Number of results in first chunk: 1
[2025-12-01T00:48:52.600+0000] {cursor.py:1156} INFO - Number of results in first chunk: 1
[2025-12-01T00:48:52.685+0000] {cursor.py:1156} INFO - Number of results in first chunk: 1
[2025-12-01T00:48:52.686+0000] {logging_mixin.py:190} INFO - Tables created successfully
[2025-12-01T00:48:52.687+0000] {connection.py:788} INFO - closed
[2025-12-01T00:48:52.741+0000] {connection.py:794} INFO - No async queries seem to be running, deleting session
[2025-12-01T00:48:52.807+0000] {python.py:240} INFO - Done. Returned value was: None
[2025-12-01T00:48:52.875+0000] {taskinstance.py:340} INFO - ::group::Post task execution logs
[2025-12-01T00:48:52.876+0000] {taskinstance.py:352} INFO - Marking task as SUCCESS. dag_id=snowchef_ETL_Dag, task_id=create_tables, run_id=scheduled__2025-11-30T00:00:00+00:00, execution_date=20251130T000000, start_date=20251201T004851, end_date=20251201T004852
[2025-12-01T00:48:52.963+0000] {local_task_job_runner.py:266} INFO - Task exited with return code 0
[2025-12-01T00:48:53.003+0000] {taskinstance.py:3900} INFO - 1 downstream tasks scheduled from follow-on schedule check
[2025-12-01T00:48:53.004+0000] {local_task_job_runner.py:245} INFO - ::endgroup::
[2025-12-01T08:15:24.618+0000] {local_task_job_runner.py:123} INFO - ::group::Pre task execution logs
[2025-12-01T08:15:24.662+0000] {taskinstance.py:2612} INFO - Dependencies all met for dep_context=non-requeueable deps ti=<TaskInstance: snowchef_ETL_Dag.create_tables scheduled__2025-11-30T00:00:00+00:00 [queued]>
[2025-12-01T08:15:24.667+0000] {taskinstance.py:2612} INFO - Dependencies all met for dep_context=requeueable deps ti=<TaskInstance: snowchef_ETL_Dag.create_tables scheduled__2025-11-30T00:00:00+00:00 [queued]>
[2025-12-01T08:15:24.668+0000] {taskinstance.py:2865} INFO - Starting attempt 1 of 2
[2025-12-01T08:15:24.677+0000] {taskinstance.py:2888} INFO - Executing <Task(_PythonDecoratedOperator): create_tables> on 2025-11-30 00:00:00+00:00
[2025-12-01T08:15:24.735+0000] {logging_mixin.py:190} WARNING - /home/***/.local/lib/python3.12/site-packages/***/task/task_runner/standard_task_runner.py:70 DeprecationWarning: This process (pid=360) is multi-threaded, use of fork() may lead to deadlocks in the child.
[2025-12-01T08:15:24.755+0000] {standard_task_runner.py:72} INFO - Started process 367 to run task
[2025-12-01T08:15:24.740+0000] {standard_task_runner.py:104} INFO - Running: ['***', 'tasks', 'run', 'snowchef_ETL_Dag', 'create_tables', 'scheduled__2025-11-30T00:00:00+00:00', '--job-id', '23', '--raw', '--subdir', 'DAGS_FOLDER/snowchef_ETL.py', '--cfg-path', '/tmp/tmpyhpct8md']
[2025-12-01T08:15:24.757+0000] {standard_task_runner.py:105} INFO - Job 23: Subtask create_tables
[2025-12-01T08:15:24.951+0000] {task_command.py:467} INFO - Running <TaskInstance: snowchef_ETL_Dag.create_tables scheduled__2025-11-30T00:00:00+00:00 [running]> on host 773a20b60281
[2025-12-01T08:15:25.107+0000] {taskinstance.py:3131} INFO - Exporting env vars: AIRFLOW_CTX_DAG_OWNER='snowchef' AIRFLOW_CTX_DAG_ID='snowchef_ETL_Dag' AIRFLOW_CTX_TASK_ID='create_tables' AIRFLOW_CTX_EXECUTION_DATE='2025-11-30T00:00:00+00:00' AIRFLOW_CTX_TRY_NUMBER='1' AIRFLOW_CTX_DAG_RUN_ID='scheduled__2025-11-30T00:00:00+00:00'
[2025-12-01T08:15:25.112+0000] {taskinstance.py:731} INFO - ::endgroup::
[2025-12-01T08:15:25.134+0000] {base.py:84} INFO - Retrieving connection 'snowflake_conn'
[2025-12-01T08:15:25.137+0000] {connection.py:413} INFO - Snowflake Connector for Python Version: 3.12.1, Python Version: 3.12.5, Platform: Linux-6.12.54-linuxkit-aarch64-with-glibc2.36
[2025-12-01T08:15:25.141+0000] {connection.py:1196} INFO - Connecting to GLOBAL Snowflake domain
[2025-12-01T08:15:25.142+0000] {connection.py:1277} INFO - This connection is in OCSP Fail Open Mode. TLS Certificates would be checked for validity and revocation status. Any other Certificate Revocation related exceptions or OCSP Responder failures would be disregarded in favor of connectivity.
[2025-12-01T08:15:26.368+0000] {cursor.py:1156} INFO - Number of results in first chunk: 1
[2025-12-01T08:15:26.557+0000] {cursor.py:1156} INFO - Number of results in first chunk: 1
[2025-12-01T08:15:27.009+0000] {cursor.py:1156} INFO - Number of results in first chunk: 1
[2025-12-01T08:15:27.315+0000] {cursor.py:1156} INFO - Number of results in first chunk: 1
[2025-12-01T08:15:27.626+0000] {cursor.py:1156} INFO - Number of results in first chunk: 1
[2025-12-01T08:15:27.933+0000] {cursor.py:1156} INFO - Number of results in first chunk: 1
[2025-12-01T08:15:28.020+0000] {cursor.py:1156} INFO - Number of results in first chunk: 1
[2025-12-01T08:15:28.022+0000] {logging_mixin.py:190} INFO - Tables created successfully
[2025-12-01T08:15:28.022+0000] {connection.py:788} INFO - closed
[2025-12-01T08:15:28.431+0000] {connection.py:794} INFO - No async queries seem to be running, deleting session
[2025-12-01T08:15:28.502+0000] {python.py:240} INFO - Done. Returned value was: None
[2025-12-01T08:15:28.558+0000] {taskinstance.py:340} INFO - ::group::Post task execution logs
[2025-12-01T08:15:28.561+0000] {taskinstance.py:352} INFO - Marking task as SUCCESS. dag_id=snowchef_ETL_Dag, task_id=create_tables, run_id=scheduled__2025-11-30T00:00:00+00:00, execution_date=20251130T000000, start_date=20251201T081524, end_date=20251201T081528
[2025-12-01T08:15:28.628+0000] {local_task_job_runner.py:266} INFO - Task exited with return code 0
[2025-12-01T08:15:28.675+0000] {taskinstance.py:3900} INFO - 1 downstream tasks scheduled from follow-on schedule check
[2025-12-01T08:15:28.676+0000] {local_task_job_runner.py:245} INFO - ::endgroup::
[2025-12-01T08:37:22.027+0000] {local_task_job_runner.py:123} INFO - ::group::Pre task execution logs
[2025-12-01T08:37:22.035+0000] {taskinstance.py:2612} INFO - Dependencies all met for dep_context=non-requeueable deps ti=<TaskInstance: snowchef_ETL_Dag.create_tables scheduled__2025-11-30T00:00:00+00:00 [queued]>
[2025-12-01T08:37:22.039+0000] {taskinstance.py:2612} INFO - Dependencies all met for dep_context=requeueable deps ti=<TaskInstance: snowchef_ETL_Dag.create_tables scheduled__2025-11-30T00:00:00+00:00 [queued]>
[2025-12-01T08:37:22.039+0000] {taskinstance.py:2865} INFO - Starting attempt 1 of 2
[2025-12-01T08:37:22.044+0000] {taskinstance.py:2888} INFO - Executing <Task(_PythonDecoratedOperator): create_tables> on 2025-11-30 00:00:00+00:00
[2025-12-01T08:37:22.057+0000] {logging_mixin.py:190} WARNING - /home/***/.local/lib/python3.12/site-packages/***/task/task_runner/standard_task_runner.py:70 DeprecationWarning: This process (pid=896) is multi-threaded, use of fork() may lead to deadlocks in the child.
[2025-12-01T08:37:22.060+0000] {standard_task_runner.py:72} INFO - Started process 903 to run task
[2025-12-01T08:37:22.061+0000] {standard_task_runner.py:104} INFO - Running: ['***', 'tasks', 'run', 'snowchef_ETL_Dag', 'create_tables', 'scheduled__2025-11-30T00:00:00+00:00', '--job-id', '33', '--raw', '--subdir', 'DAGS_FOLDER/snowchef_ETL.py', '--cfg-path', '/tmp/tmp8jl3tsmq']
[2025-12-01T08:37:22.063+0000] {standard_task_runner.py:105} INFO - Job 33: Subtask create_tables
[2025-12-01T08:37:22.110+0000] {task_command.py:467} INFO - Running <TaskInstance: snowchef_ETL_Dag.create_tables scheduled__2025-11-30T00:00:00+00:00 [running]> on host 773a20b60281
[2025-12-01T08:37:22.158+0000] {taskinstance.py:3131} INFO - Exporting env vars: AIRFLOW_CTX_DAG_OWNER='snowchef' AIRFLOW_CTX_DAG_ID='snowchef_ETL_Dag' AIRFLOW_CTX_TASK_ID='create_tables' AIRFLOW_CTX_EXECUTION_DATE='2025-11-30T00:00:00+00:00' AIRFLOW_CTX_TRY_NUMBER='1' AIRFLOW_CTX_DAG_RUN_ID='scheduled__2025-11-30T00:00:00+00:00'
[2025-12-01T08:37:22.159+0000] {taskinstance.py:731} INFO - ::endgroup::
[2025-12-01T08:37:22.190+0000] {base.py:84} INFO - Retrieving connection 'snowflake_conn'
[2025-12-01T08:37:22.191+0000] {connection.py:413} INFO - Snowflake Connector for Python Version: 3.12.1, Python Version: 3.12.5, Platform: Linux-6.12.54-linuxkit-aarch64-with-glibc2.36
[2025-12-01T08:37:22.192+0000] {connection.py:1196} INFO - Connecting to GLOBAL Snowflake domain
[2025-12-01T08:37:22.192+0000] {connection.py:1277} INFO - This connection is in OCSP Fail Open Mode. TLS Certificates would be checked for validity and revocation status. Any other Certificate Revocation related exceptions or OCSP Responder failures would be disregarded in favor of connectivity.
[2025-12-01T08:37:22.945+0000] {cursor.py:1156} INFO - Number of results in first chunk: 1
[2025-12-01T08:37:23.273+0000] {cursor.py:1156} INFO - Number of results in first chunk: 1
[2025-12-01T08:37:23.414+0000] {cursor.py:1156} INFO - Number of results in first chunk: 1
[2025-12-01T08:37:23.517+0000] {cursor.py:1156} INFO - Number of results in first chunk: 1
[2025-12-01T08:37:23.626+0000] {cursor.py:1156} INFO - Number of results in first chunk: 1
[2025-12-01T08:37:23.713+0000] {cursor.py:1156} INFO - Number of results in first chunk: 1
[2025-12-01T08:37:23.807+0000] {cursor.py:1156} INFO - Number of results in first chunk: 1
[2025-12-01T08:37:23.808+0000] {logging_mixin.py:190} INFO - Tables created successfully
[2025-12-01T08:37:23.808+0000] {connection.py:788} INFO - closed
[2025-12-01T08:37:23.860+0000] {connection.py:794} INFO - No async queries seem to be running, deleting session
[2025-12-01T08:37:23.927+0000] {python.py:240} INFO - Done. Returned value was: None
[2025-12-01T08:37:23.941+0000] {taskinstance.py:340} INFO - ::group::Post task execution logs
[2025-12-01T08:37:23.941+0000] {taskinstance.py:352} INFO - Marking task as SUCCESS. dag_id=snowchef_ETL_Dag, task_id=create_tables, run_id=scheduled__2025-11-30T00:00:00+00:00, execution_date=20251130T000000, start_date=20251201T083722, end_date=20251201T083723
[2025-12-01T08:37:23.996+0000] {local_task_job_runner.py:266} INFO - Task exited with return code 0
[2025-12-01T08:37:24.019+0000] {taskinstance.py:3900} INFO - 1 downstream tasks scheduled from follow-on schedule check
[2025-12-01T08:37:24.020+0000] {local_task_job_runner.py:245} INFO - ::endgroup::
