[2025-11-10T07:35:24.936+0000] {local_task_job_runner.py:123} INFO - ::group::Pre task execution logs
[2025-11-10T07:35:24.950+0000] {taskinstance.py:2612} INFO - Dependencies all met for dep_context=non-requeueable deps ti=<TaskInstance: snowchef_daily.upsert_raw scheduled__2025-11-09T03:00:00+00:00 [queued]>
[2025-11-10T07:35:24.958+0000] {taskinstance.py:2612} INFO - Dependencies all met for dep_context=requeueable deps ti=<TaskInstance: snowchef_daily.upsert_raw scheduled__2025-11-09T03:00:00+00:00 [queued]>
[2025-11-10T07:35:24.960+0000] {taskinstance.py:2865} INFO - Starting attempt 2 of 2
[2025-11-10T07:35:24.968+0000] {taskinstance.py:2888} INFO - Executing <Task(_PythonDecoratedOperator): upsert_raw> on 2025-11-09 03:00:00+00:00
[2025-11-10T07:35:24.977+0000] {standard_task_runner.py:72} INFO - Started process 1399 to run task
[2025-11-10T07:35:24.980+0000] {standard_task_runner.py:104} INFO - Running: ['***', 'tasks', 'run', 'snowchef_daily', 'upsert_raw', 'scheduled__2025-11-09T03:00:00+00:00', '--job-id', '27', '--raw', '--subdir', 'DAGS_FOLDER/snowchef_daily.py', '--cfg-path', '/tmp/tmpgeuja9ls']
[2025-11-10T07:35:24.984+0000] {standard_task_runner.py:105} INFO - Job 27: Subtask upsert_raw
[2025-11-10T07:35:25.016+0000] {task_command.py:467} INFO - Running <TaskInstance: snowchef_daily.upsert_raw scheduled__2025-11-09T03:00:00+00:00 [running]> on host d6803ed3f823
[2025-11-10T07:35:25.277+0000] {taskinstance.py:3131} INFO - Exporting env vars: AIRFLOW_CTX_DAG_OWNER='***' AIRFLOW_CTX_DAG_ID='snowchef_daily' AIRFLOW_CTX_TASK_ID='upsert_raw' AIRFLOW_CTX_EXECUTION_DATE='2025-11-09T03:00:00+00:00' AIRFLOW_CTX_TRY_NUMBER='2' AIRFLOW_CTX_DAG_RUN_ID='scheduled__2025-11-09T03:00:00+00:00'
[2025-11-10T07:35:25.278+0000] {taskinstance.py:731} INFO - ::endgroup::
[2025-11-10T07:35:25.283+0000] {base.py:84} INFO - Retrieving connection 'snowflake_conn'
[2025-11-10T07:35:25.284+0000] {connection.py:413} INFO - Snowflake Connector for Python Version: 3.12.2, Python Version: 3.11.10, Platform: Linux-6.10.14-linuxkit-aarch64-with-glibc2.36
[2025-11-10T07:35:25.284+0000] {connection.py:1196} INFO - Connecting to GLOBAL Snowflake domain
[2025-11-10T07:35:25.284+0000] {connection.py:1277} INFO - This connection is in OCSP Fail Open Mode. TLS Certificates would be checked for validity and revocation status. Any other Certificate Revocation related exceptions or OCSP Responder failures would be disregarded in favor of connectivity.
[2025-11-10T07:35:25.908+0000] {cursor.py:1156} INFO - Number of results in first chunk: 1
[2025-11-10T07:35:26.101+0000] {cursor.py:1156} INFO - Number of results in first chunk: 1
[2025-11-10T08:41:13.958+0000] {job.py:229} INFO - Heartbeat recovered after 3923.53 seconds
[2025-11-10T08:41:19.259+0000] {local_task_job_runner.py:346} WARNING - State of this instance has been externally set to failed. Terminating instance.
[2025-11-10T08:41:19.295+0000] {local_task_job_runner.py:245} INFO - ::endgroup::
[2025-11-10T08:41:19.302+0000] {process_utils.py:132} INFO - Sending 15 to group 1399. PIDs of all processes in the group: [1399]
[2025-11-10T08:41:19.303+0000] {process_utils.py:87} INFO - Sending the signal 15 to group 1399
[2025-11-10T08:41:19.309+0000] {taskinstance.py:3092} ERROR - Received SIGTERM. Terminating subprocesses.
[2025-11-10T08:41:19.322+0000] {connection.py:788} INFO - closed
[2025-11-10T08:41:20.509+0000] {connection.py:794} INFO - No async queries seem to be running, deleting session
[2025-11-10T08:41:20.728+0000] {taskinstance.py:340} INFO - ::group::Post task execution logs
[2025-11-10T08:41:20.790+0000] {process_utils.py:80} INFO - Process psutil.Process(pid=1399, status='terminated', exitcode=0, started='07:35:24') (1399) terminated with exit code 0
