[2025-12-01T20:40:14.282+0000] {local_task_job_runner.py:123} INFO - ::group::Pre task execution logs
[2025-12-01T20:40:14.290+0000] {taskinstance.py:2612} INFO - Dependencies all met for dep_context=non-requeueable deps ti=<TaskInstance: snowchef_ELT_Dag.dbt_run manual__2025-12-01T20:40:11.653938+00:00 [queued]>
[2025-12-01T20:40:14.293+0000] {taskinstance.py:2612} INFO - Dependencies all met for dep_context=requeueable deps ti=<TaskInstance: snowchef_ELT_Dag.dbt_run manual__2025-12-01T20:40:11.653938+00:00 [queued]>
[2025-12-01T20:40:14.294+0000] {taskinstance.py:2865} INFO - Starting attempt 1 of 1
[2025-12-01T20:40:14.300+0000] {taskinstance.py:2888} INFO - Executing <Task(BashOperator): dbt_run> on 2025-12-01 20:40:11.653938+00:00
[2025-12-01T20:40:14.304+0000] {standard_task_runner.py:104} INFO - Running: ['***', 'tasks', 'run', 'snowchef_ELT_Dag', 'dbt_run', 'manual__2025-12-01T20:40:11.653938+00:00', '--job-id', '47', '--raw', '--subdir', 'DAGS_FOLDER/snowchef_ELT.py', '--cfg-path', '/tmp/tmplsoad_ez']
[2025-12-01T20:40:14.306+0000] {standard_task_runner.py:105} INFO - Job 47: Subtask dbt_run
[2025-12-01T20:40:14.306+0000] {logging_mixin.py:190} WARNING - /home/***/.local/lib/python3.12/site-packages/***/task/task_runner/standard_task_runner.py:70 DeprecationWarning: This process (pid=351) is multi-threaded, use of fork() may lead to deadlocks in the child.
[2025-12-01T20:40:14.306+0000] {standard_task_runner.py:72} INFO - Started process 352 to run task
[2025-12-01T20:40:14.327+0000] {task_command.py:467} INFO - Running <TaskInstance: snowchef_ELT_Dag.dbt_run manual__2025-12-01T20:40:11.653938+00:00 [running]> on host 1e064e29deff
[2025-12-01T20:40:14.365+0000] {taskinstance.py:3131} INFO - Exporting env vars: AIRFLOW_CTX_DAG_OWNER='***' AIRFLOW_CTX_DAG_ID='snowchef_ELT_Dag' AIRFLOW_CTX_TASK_ID='dbt_run' AIRFLOW_CTX_EXECUTION_DATE='2025-12-01T20:40:11.653938+00:00' AIRFLOW_CTX_TRY_NUMBER='1' AIRFLOW_CTX_DAG_RUN_ID='manual__2025-12-01T20:40:11.653938+00:00'
[2025-12-01T20:40:14.365+0000] {taskinstance.py:731} INFO - ::endgroup::
[2025-12-01T20:40:14.376+0000] {subprocess.py:63} INFO - Tmp dir root location: /tmp
[2025-12-01T20:40:14.377+0000] {subprocess.py:75} INFO - Running command: ['/usr/bin/bash', '-c', '/home/***/.local/bin/dbt run --profiles-dir /opt/***/dbt --project-dir /opt/***/dbt']
[2025-12-01T20:40:14.382+0000] {subprocess.py:86} INFO - Output:
[2025-12-01T20:40:16.614+0000] {subprocess.py:93} INFO - [0m20:40:16  Running with dbt=1.7.9
[2025-12-01T20:40:17.496+0000] {subprocess.py:93} INFO - [0m20:40:17  Registered adapter: snowflake=1.7.2
[2025-12-01T20:40:17.502+0000] {subprocess.py:93} INFO - [0m20:40:17  Unable to do partial parsing because saved manifest not found. Starting full parse.
[2025-12-01T20:40:18.036+0000] {subprocess.py:93} INFO - [0m20:40:18  Encountered an error:
[2025-12-01T20:40:18.037+0000] {subprocess.py:93} INFO - Compilation Error in snapshot recipe_snapshot (snapshots/recipe_snapshot.sql)
[2025-12-01T20:40:18.037+0000] {subprocess.py:93} INFO -   unexpected char '#' at 87
[2025-12-01T20:40:18.038+0000] {subprocess.py:93} INFO -     line 6
[2025-12-01T20:40:18.038+0000] {subprocess.py:93} INFO -       target_schema='HISTORY', # Snapshots go into a dedicated history schema
[2025-12-01T20:40:18.773+0000] {subprocess.py:97} INFO - Command exited with return code 2
[2025-12-01T20:40:18.801+0000] {taskinstance.py:3310} ERROR - Task failed with exception
Traceback (most recent call last):
  File "/home/airflow/.local/lib/python3.12/site-packages/airflow/models/taskinstance.py", line 767, in _execute_task
    result = _execute_callable(context=context, **execute_callable_kwargs)
             ^^^^^^^^^^^^^^^^^^^^^^^^^^^^^^^^^^^^^^^^^^^^^^^^^^^^^^^^^^^^^
  File "/home/airflow/.local/lib/python3.12/site-packages/airflow/models/taskinstance.py", line 733, in _execute_callable
    return ExecutionCallableRunner(
           ^^^^^^^^^^^^^^^^^^^^^^^^
  File "/home/airflow/.local/lib/python3.12/site-packages/airflow/utils/operator_helpers.py", line 252, in run
    return self.func(*args, **kwargs)
           ^^^^^^^^^^^^^^^^^^^^^^^^^^
  File "/home/airflow/.local/lib/python3.12/site-packages/airflow/models/baseoperator.py", line 406, in wrapper
    return func(self, *args, **kwargs)
           ^^^^^^^^^^^^^^^^^^^^^^^^^^^
  File "/home/airflow/.local/lib/python3.12/site-packages/airflow/operators/bash.py", line 249, in execute
    raise AirflowException(
airflow.exceptions.AirflowException: Bash command failed. The command returned a non-zero exit code 2.
[2025-12-01T20:40:18.811+0000] {taskinstance.py:1225} INFO - Marking task as FAILED. dag_id=snowchef_ELT_Dag, task_id=dbt_run, run_id=manual__2025-12-01T20:40:11.653938+00:00, execution_date=20251201T204011, start_date=20251201T204014, end_date=20251201T204018
[2025-12-01T20:40:18.824+0000] {taskinstance.py:340} INFO - ::group::Post task execution logs
[2025-12-01T20:40:18.824+0000] {standard_task_runner.py:124} ERROR - Failed to execute job 47 for task dbt_run (Bash command failed. The command returned a non-zero exit code 2.; 352)
Traceback (most recent call last):
  File "/home/airflow/.local/lib/python3.12/site-packages/airflow/task/task_runner/standard_task_runner.py", line 117, in _start_by_fork
    ret = args.func(args, dag=self.dag)
          ^^^^^^^^^^^^^^^^^^^^^^^^^^^^^
  File "/home/airflow/.local/lib/python3.12/site-packages/airflow/cli/cli_config.py", line 49, in command
    return func(*args, **kwargs)
           ^^^^^^^^^^^^^^^^^^^^^
  File "/home/airflow/.local/lib/python3.12/site-packages/airflow/utils/cli.py", line 115, in wrapper
    return f(*args, **kwargs)
           ^^^^^^^^^^^^^^^^^^
  File "/home/airflow/.local/lib/python3.12/site-packages/airflow/cli/commands/task_command.py", line 483, in task_run
    task_return_code = _run_task_by_selected_method(args, _dag, ti)
                       ^^^^^^^^^^^^^^^^^^^^^^^^^^^^^^^^^^^^^^^^^^^^
  File "/home/airflow/.local/lib/python3.12/site-packages/airflow/cli/commands/task_command.py", line 256, in _run_task_by_selected_method
    return _run_raw_task(args, ti)
           ^^^^^^^^^^^^^^^^^^^^^^^
  File "/home/airflow/.local/lib/python3.12/site-packages/airflow/cli/commands/task_command.py", line 341, in _run_raw_task
    return ti._run_raw_task(
           ^^^^^^^^^^^^^^^^^
  File "/home/airflow/.local/lib/python3.12/site-packages/airflow/utils/session.py", line 97, in wrapper
    return func(*args, session=session, **kwargs)
           ^^^^^^^^^^^^^^^^^^^^^^^^^^^^^^^^^^^^^^
  File "/home/airflow/.local/lib/python3.12/site-packages/airflow/models/taskinstance.py", line 3004, in _run_raw_task
    return _run_raw_task(
           ^^^^^^^^^^^^^^
  File "/home/airflow/.local/lib/python3.12/site-packages/airflow/models/taskinstance.py", line 273, in _run_raw_task
    TaskInstance._execute_task_with_callbacks(
  File "/home/airflow/.local/lib/python3.12/site-packages/airflow/models/taskinstance.py", line 3158, in _execute_task_with_callbacks
    result = self._execute_task(context, task_orig)
             ^^^^^^^^^^^^^^^^^^^^^^^^^^^^^^^^^^^^^^
  File "/home/airflow/.local/lib/python3.12/site-packages/airflow/models/taskinstance.py", line 3182, in _execute_task
    return _execute_task(self, context, task_orig)
           ^^^^^^^^^^^^^^^^^^^^^^^^^^^^^^^^^^^^^^^
  File "/home/airflow/.local/lib/python3.12/site-packages/airflow/models/taskinstance.py", line 767, in _execute_task
    result = _execute_callable(context=context, **execute_callable_kwargs)
             ^^^^^^^^^^^^^^^^^^^^^^^^^^^^^^^^^^^^^^^^^^^^^^^^^^^^^^^^^^^^^
  File "/home/airflow/.local/lib/python3.12/site-packages/airflow/models/taskinstance.py", line 733, in _execute_callable
    return ExecutionCallableRunner(
           ^^^^^^^^^^^^^^^^^^^^^^^^
  File "/home/airflow/.local/lib/python3.12/site-packages/airflow/utils/operator_helpers.py", line 252, in run
    return self.func(*args, **kwargs)
           ^^^^^^^^^^^^^^^^^^^^^^^^^^
  File "/home/airflow/.local/lib/python3.12/site-packages/airflow/models/baseoperator.py", line 406, in wrapper
    return func(self, *args, **kwargs)
           ^^^^^^^^^^^^^^^^^^^^^^^^^^^
  File "/home/airflow/.local/lib/python3.12/site-packages/airflow/operators/bash.py", line 249, in execute
    raise AirflowException(
airflow.exceptions.AirflowException: Bash command failed. The command returned a non-zero exit code 2.
[2025-12-01T20:40:18.847+0000] {local_task_job_runner.py:266} INFO - Task exited with return code 1
[2025-12-01T20:40:18.868+0000] {taskinstance.py:3900} INFO - 0 downstream tasks scheduled from follow-on schedule check
[2025-12-01T20:40:18.870+0000] {local_task_job_runner.py:245} INFO - ::endgroup::
