[2025-12-01T08:49:20.104+0000] {local_task_job_runner.py:123} INFO - ::group::Pre task execution logs
[2025-12-01T08:49:20.119+0000] {taskinstance.py:2612} INFO - Dependencies all met for dep_context=non-requeueable deps ti=<TaskInstance: snowchef_ETL_Dag.load_synthetic_pantry_data manual__2025-12-01T08:37:20.371056+00:00 [queued]>
[2025-12-01T08:49:20.125+0000] {taskinstance.py:2612} INFO - Dependencies all met for dep_context=requeueable deps ti=<TaskInstance: snowchef_ETL_Dag.load_synthetic_pantry_data manual__2025-12-01T08:37:20.371056+00:00 [queued]>
[2025-12-01T08:49:20.125+0000] {taskinstance.py:2865} INFO - Starting attempt 1 of 2
[2025-12-01T08:49:20.131+0000] {taskinstance.py:2888} INFO - Executing <Task(_PythonDecoratedOperator): load_synthetic_pantry_data> on 2025-12-01 08:37:20.371056+00:00
[2025-12-01T08:49:20.146+0000] {standard_task_runner.py:104} INFO - Running: ['***', 'tasks', 'run', 'snowchef_ETL_Dag', 'load_synthetic_pantry_data', 'manual__2025-12-01T08:37:20.371056+00:00', '--job-id', '39', '--raw', '--subdir', 'DAGS_FOLDER/snowchef_ETL.py', '--cfg-path', '/tmp/tmpkq5seeb9']
[2025-12-01T08:49:20.147+0000] {logging_mixin.py:190} WARNING - /home/***/.local/lib/python3.12/site-packages/***/task/task_runner/standard_task_runner.py:70 DeprecationWarning: This process (pid=1190) is multi-threaded, use of fork() may lead to deadlocks in the child.
[2025-12-01T08:49:20.149+0000] {standard_task_runner.py:105} INFO - Job 39: Subtask load_synthetic_pantry_data
[2025-12-01T08:49:20.149+0000] {standard_task_runner.py:72} INFO - Started process 1193 to run task
[2025-12-01T08:49:20.177+0000] {task_command.py:467} INFO - Running <TaskInstance: snowchef_ETL_Dag.load_synthetic_pantry_data manual__2025-12-01T08:37:20.371056+00:00 [running]> on host 773a20b60281
[2025-12-01T08:49:20.225+0000] {taskinstance.py:3131} INFO - Exporting env vars: AIRFLOW_CTX_DAG_OWNER='snowchef' AIRFLOW_CTX_DAG_ID='snowchef_ETL_Dag' AIRFLOW_CTX_TASK_ID='load_synthetic_pantry_data' AIRFLOW_CTX_EXECUTION_DATE='2025-12-01T08:37:20.371056+00:00' AIRFLOW_CTX_TRY_NUMBER='1' AIRFLOW_CTX_DAG_RUN_ID='manual__2025-12-01T08:37:20.371056+00:00'
[2025-12-01T08:49:20.226+0000] {taskinstance.py:731} INFO - ::endgroup::
[2025-12-01T08:49:20.234+0000] {base.py:84} INFO - Retrieving connection 'snowflake_conn'
[2025-12-01T08:49:20.235+0000] {connection.py:413} INFO - Snowflake Connector for Python Version: 3.12.1, Python Version: 3.12.5, Platform: Linux-6.12.54-linuxkit-aarch64-with-glibc2.36
[2025-12-01T08:49:20.235+0000] {connection.py:1196} INFO - Connecting to GLOBAL Snowflake domain
[2025-12-01T08:49:20.235+0000] {connection.py:1277} INFO - This connection is in OCSP Fail Open Mode. TLS Certificates would be checked for validity and revocation status. Any other Certificate Revocation related exceptions or OCSP Responder failures would be disregarded in favor of connectivity.
[2025-12-01T08:49:20.703+0000] {cursor.py:1156} INFO - Number of results in first chunk: 242
[2025-12-01T08:49:20.704+0000] {connection.py:788} INFO - closed
[2025-12-01T08:49:20.758+0000] {connection.py:794} INFO - No async queries seem to be running, deleting session
[2025-12-01T08:49:20.832+0000] {logging_mixin.py:190} INFO - Generated 100 synthetic pantry entries (max 100) for 10 users.
[2025-12-01T08:49:20.832+0000] {logging_mixin.py:190} INFO - Executing: TRUNCATE TABLE IF EXISTS USER_DB_PUMA.RAW.PANTRY;
[2025-12-01T08:49:20.838+0000] {base.py:84} INFO - Retrieving connection 'snowflake_conn'
[2025-12-01T08:49:20.839+0000] {connection.py:413} INFO - Snowflake Connector for Python Version: 3.12.1, Python Version: 3.12.5, Platform: Linux-6.12.54-linuxkit-aarch64-with-glibc2.36
[2025-12-01T08:49:20.839+0000] {connection.py:1196} INFO - Connecting to GLOBAL Snowflake domain
[2025-12-01T08:49:20.840+0000] {connection.py:1277} INFO - This connection is in OCSP Fail Open Mode. TLS Certificates would be checked for validity and revocation status. Any other Certificate Revocation related exceptions or OCSP Responder failures would be disregarded in favor of connectivity.
[2025-12-01T08:49:21.300+0000] {cursor.py:1156} INFO - Number of results in first chunk: 1
[2025-12-01T08:49:21.301+0000] {sql.py:509} INFO - Running statement: TRUNCATE TABLE IF EXISTS USER_DB_PUMA.RAW.PANTRY;, parameters: None
[2025-12-01T08:49:21.510+0000] {cursor.py:1156} INFO - Number of results in first chunk: 1
[2025-12-01T08:49:21.511+0000] {sql.py:518} INFO - Rows affected: 1
[2025-12-01T08:49:21.512+0000] {snowflake.py:402} INFO - Rows affected: 1
[2025-12-01T08:49:21.512+0000] {snowflake.py:403} INFO - Snowflake query id: 01c0c171-0307-278a-000f-c0df00a4669e
[2025-12-01T08:49:21.846+0000] {cursor.py:1156} INFO - Number of results in first chunk: 1
[2025-12-01T08:49:21.849+0000] {connection.py:788} INFO - closed
[2025-12-01T08:49:21.931+0000] {connection.py:794} INFO - No async queries seem to be running, deleting session
[2025-12-01T08:49:22.074+0000] {base.py:84} INFO - Retrieving connection 'snowflake_conn'
[2025-12-01T08:49:22.076+0000] {connection.py:413} INFO - Snowflake Connector for Python Version: 3.12.1, Python Version: 3.12.5, Platform: Linux-6.12.54-linuxkit-aarch64-with-glibc2.36
[2025-12-01T08:49:22.079+0000] {connection.py:1196} INFO - Connecting to GLOBAL Snowflake domain
[2025-12-01T08:49:22.079+0000] {connection.py:1277} INFO - This connection is in OCSP Fail Open Mode. TLS Certificates would be checked for validity and revocation status. Any other Certificate Revocation related exceptions or OCSP Responder failures would be disregarded in favor of connectivity.
[2025-12-01T08:49:22.426+0000] {cursor.py:1156} INFO - Number of results in first chunk: 1
[2025-12-01T08:49:22.513+0000] {cursor.py:1156} INFO - Number of results in first chunk: 1
[2025-12-01T08:49:22.527+0000] {base.py:84} INFO - Retrieving connection 'snowflake_conn'
[2025-12-01T08:50:30.283+0000] {cursor.py:1156} INFO - Number of results in first chunk: 1
[2025-12-01T08:50:30.286+0000] {sql.py:635} INFO - Loaded 100 rows into PANTRY so far
[2025-12-01T08:50:30.375+0000] {cursor.py:1156} INFO - Number of results in first chunk: 1
[2025-12-01T08:50:30.376+0000] {connection.py:788} INFO - closed
[2025-12-01T08:50:30.429+0000] {connection.py:794} INFO - No async queries seem to be running, deleting session
[2025-12-01T08:50:30.534+0000] {sql.py:638} INFO - Done loading. Loaded a total of 100 rows into PANTRY
[2025-12-01T08:50:30.536+0000] {logging_mixin.py:190} INFO - Capped synthetic pantry data loaded successfully.
[2025-12-01T08:50:30.539+0000] {python.py:240} INFO - Done. Returned value was: None
[2025-12-01T08:50:30.586+0000] {taskinstance.py:340} INFO - ::group::Post task execution logs
[2025-12-01T08:50:30.587+0000] {taskinstance.py:352} INFO - Marking task as SUCCESS. dag_id=snowchef_ETL_Dag, task_id=load_synthetic_pantry_data, run_id=manual__2025-12-01T08:37:20.371056+00:00, execution_date=20251201T083720, start_date=20251201T084920, end_date=20251201T085030
[2025-12-01T08:50:30.640+0000] {local_task_job_runner.py:266} INFO - Task exited with return code 0
[2025-12-01T08:50:30.659+0000] {taskinstance.py:3900} INFO - 0 downstream tasks scheduled from follow-on schedule check
[2025-12-01T08:50:30.660+0000] {local_task_job_runner.py:245} INFO - ::endgroup::
