[2025-12-01T20:49:38.780+0000] {local_task_job_runner.py:123} INFO - ::group::Pre task execution logs
[2025-12-01T20:49:38.788+0000] {taskinstance.py:2612} INFO - Dependencies all met for dep_context=non-requeueable deps ti=<TaskInstance: snowchef_ELT_Dag.dbt_run manual__2025-12-01T20:49:37.911525+00:00 [queued]>
[2025-12-01T20:49:38.792+0000] {taskinstance.py:2612} INFO - Dependencies all met for dep_context=requeueable deps ti=<TaskInstance: snowchef_ELT_Dag.dbt_run manual__2025-12-01T20:49:37.911525+00:00 [queued]>
[2025-12-01T20:49:38.792+0000] {taskinstance.py:2865} INFO - Starting attempt 1 of 1
[2025-12-01T20:49:38.799+0000] {taskinstance.py:2888} INFO - Executing <Task(BashOperator): dbt_run> on 2025-12-01 20:49:37.911525+00:00
[2025-12-01T20:49:38.804+0000] {standard_task_runner.py:104} INFO - Running: ['***', 'tasks', 'run', 'snowchef_ELT_Dag', 'dbt_run', 'manual__2025-12-01T20:49:37.911525+00:00', '--job-id', '50', '--raw', '--subdir', 'DAGS_FOLDER/snowchef_ELT.py', '--cfg-path', '/tmp/tmppz63z2vi']
[2025-12-01T20:49:38.806+0000] {standard_task_runner.py:105} INFO - Job 50: Subtask dbt_run
[2025-12-01T20:49:38.806+0000] {logging_mixin.py:190} WARNING - /home/***/.local/lib/python3.12/site-packages/***/task/task_runner/standard_task_runner.py:70 DeprecationWarning: This process (pid=730) is multi-threaded, use of fork() may lead to deadlocks in the child.
[2025-12-01T20:49:38.807+0000] {standard_task_runner.py:72} INFO - Started process 731 to run task
[2025-12-01T20:49:38.827+0000] {task_command.py:467} INFO - Running <TaskInstance: snowchef_ELT_Dag.dbt_run manual__2025-12-01T20:49:37.911525+00:00 [running]> on host 1e064e29deff
[2025-12-01T20:49:38.866+0000] {taskinstance.py:3131} INFO - Exporting env vars: AIRFLOW_CTX_DAG_OWNER='***' AIRFLOW_CTX_DAG_ID='snowchef_ELT_Dag' AIRFLOW_CTX_TASK_ID='dbt_run' AIRFLOW_CTX_EXECUTION_DATE='2025-12-01T20:49:37.911525+00:00' AIRFLOW_CTX_TRY_NUMBER='1' AIRFLOW_CTX_DAG_RUN_ID='manual__2025-12-01T20:49:37.911525+00:00'
[2025-12-01T20:49:38.867+0000] {taskinstance.py:731} INFO - ::endgroup::
[2025-12-01T20:49:38.882+0000] {subprocess.py:63} INFO - Tmp dir root location: /tmp
[2025-12-01T20:49:38.882+0000] {subprocess.py:75} INFO - Running command: ['/usr/bin/bash', '-c', '/home/***/.local/bin/dbt run --profiles-dir /opt/***/dbt --project-dir /opt/***/dbt']
[2025-12-01T20:49:38.888+0000] {subprocess.py:86} INFO - Output:
[2025-12-01T20:49:40.377+0000] {subprocess.py:93} INFO - [0m20:49:40  Running with dbt=1.7.9
[2025-12-01T20:49:40.982+0000] {subprocess.py:93} INFO - [0m20:49:40  Registered adapter: snowflake=1.7.2
[2025-12-01T20:49:41.182+0000] {subprocess.py:93} INFO - [0m20:49:41  [[33mWARNING[0m]: Configuration paths exist in your dbt_project.yml file which do not apply to any resources.
[2025-12-01T20:49:41.182+0000] {subprocess.py:93} INFO - There are 1 unused configuration paths:
[2025-12-01T20:49:41.182+0000] {subprocess.py:93} INFO - - models.snowchef.raw
[2025-12-01T20:49:41.198+0000] {subprocess.py:93} INFO - [0m20:49:41  Found 6 models, 1 snapshot, 8 tests, 4 sources, 0 exposures, 0 metrics, 430 macros, 0 groups, 0 semantic models
[2025-12-01T20:49:41.199+0000] {subprocess.py:93} INFO - [0m20:49:41
[2025-12-01T20:49:43.059+0000] {subprocess.py:93} INFO - [0m20:49:43  Concurrency: 4 threads (target='dev')
[2025-12-01T20:49:43.062+0000] {subprocess.py:93} INFO - [0m20:49:43
[2025-12-01T20:49:43.094+0000] {subprocess.py:93} INFO - [0m20:49:43  1 of 6 START sql view model RAW.stg_ingredient ................................. [RUN]
[2025-12-01T20:49:43.094+0000] {subprocess.py:93} INFO - [0m20:49:43  3 of 6 START sql view model RAW.stg_recipe ..................................... [RUN]
[2025-12-01T20:49:43.096+0000] {subprocess.py:93} INFO - [0m20:49:43  4 of 6 START sql view model RAW.stg_recipe_ingredient .......................... [RUN]
[2025-12-01T20:49:43.097+0000] {subprocess.py:93} INFO - [0m20:49:43  2 of 6 START sql view model RAW.stg_pantry ..................................... [RUN]
[2025-12-01T20:49:43.938+0000] {subprocess.py:93} INFO - [0m20:49:43  1 of 6 OK created sql view model RAW.stg_ingredient ............................ [[32mSUCCESS 1[0m in 0.84s]
[2025-12-01T20:49:44.012+0000] {subprocess.py:93} INFO - [0m20:49:44  3 of 6 OK created sql view model RAW.stg_recipe ................................ [[32mSUCCESS 1[0m in 0.91s]
[2025-12-01T20:49:44.012+0000] {subprocess.py:93} INFO - [0m20:49:44  2 of 6 OK created sql view model RAW.stg_pantry ................................ [[32mSUCCESS 1[0m in 0.91s]
[2025-12-01T20:49:44.015+0000] {subprocess.py:93} INFO - [0m20:49:44  5 of 6 START sql table model RAW_ANALYTICS.mart_user_inventory ................. [RUN]
[2025-12-01T20:49:44.025+0000] {subprocess.py:93} INFO - [0m20:49:44  4 of 6 OK created sql view model RAW.stg_recipe_ingredient ..................... [[32mSUCCESS 1[0m in 0.93s]
[2025-12-01T20:49:44.041+0000] {subprocess.py:93} INFO - [0m20:49:44  6 of 6 START sql table model RAW_ANALYTICS.mart_recipe_availability ............ [RUN]
[2025-12-01T20:49:45.945+0000] {subprocess.py:93} INFO - [0m20:49:45  5 of 6 OK created sql table model RAW_ANALYTICS.mart_user_inventory ............ [[32mSUCCESS 1[0m in 1.92s]
[2025-12-01T20:49:46.202+0000] {subprocess.py:93} INFO - [0m20:49:46  6 of 6 OK created sql table model RAW_ANALYTICS.mart_recipe_availability ....... [[32mSUCCESS 1[0m in 2.16s]
[2025-12-01T20:49:46.223+0000] {subprocess.py:93} INFO - [0m20:49:46
[2025-12-01T20:49:46.224+0000] {subprocess.py:93} INFO - [0m20:49:46  Finished running 4 view models, 2 table models in 0 hours 0 minutes and 5.02 seconds (5.02s).
[2025-12-01T20:49:46.324+0000] {subprocess.py:93} INFO - [0m20:49:46
[2025-12-01T20:49:46.324+0000] {subprocess.py:93} INFO - [0m20:49:46  [32mCompleted successfully[0m
[2025-12-01T20:49:46.324+0000] {subprocess.py:93} INFO - [0m20:49:46
[2025-12-01T20:49:46.324+0000] {subprocess.py:93} INFO - [0m20:49:46  Done. PASS=6 WARN=0 ERROR=0 SKIP=0 TOTAL=6
[2025-12-01T20:49:47.086+0000] {subprocess.py:97} INFO - Command exited with return code 0
[2025-12-01T20:49:47.119+0000] {taskinstance.py:340} INFO - ::group::Post task execution logs
[2025-12-01T20:49:47.120+0000] {taskinstance.py:352} INFO - Marking task as SUCCESS. dag_id=snowchef_ELT_Dag, task_id=dbt_run, run_id=manual__2025-12-01T20:49:37.911525+00:00, execution_date=20251201T204937, start_date=20251201T204938, end_date=20251201T204947
[2025-12-01T20:49:47.170+0000] {local_task_job_runner.py:266} INFO - Task exited with return code 0
[2025-12-01T20:49:47.188+0000] {taskinstance.py:3900} INFO - 1 downstream tasks scheduled from follow-on schedule check
[2025-12-01T20:49:47.190+0000] {local_task_job_runner.py:245} INFO - ::endgroup::
